[0.016s] Invoking command in '/home/shaman/ros2_ws/src/ROS_N6/ex05/build/my_robot_controller_deep_cam': CMAKE_PREFIX_PATH=${CMAKE_PREFIX_PATH}:/opt/ros/humble /usr/bin/cmake --build /home/shaman/ros2_ws/src/ROS_N6/ex05/build/my_robot_controller_deep_cam -- -j12 -l12
[0.046s] [35m[1mConsolidate compiler generated dependencies of target robot_controller[0m
[0.059s] [ 50%] [32mBuilding CXX object CMakeFiles/robot_controller.dir/src/robot_controller.cpp.o[0m
[6.080s] [100%] [32m[1mLinking CXX executable robot_controller[0m
[6.526s] [100%] Built target robot_controller
[6.537s] Invoked command in '/home/shaman/ros2_ws/src/ROS_N6/ex05/build/my_robot_controller_deep_cam' returned '0': CMAKE_PREFIX_PATH=${CMAKE_PREFIX_PATH}:/opt/ros/humble /usr/bin/cmake --build /home/shaman/ros2_ws/src/ROS_N6/ex05/build/my_robot_controller_deep_cam -- -j12 -l12
[6.555s] Invoking command in '/home/shaman/ros2_ws/src/ROS_N6/ex05/build/my_robot_controller_deep_cam': CMAKE_PREFIX_PATH=${CMAKE_PREFIX_PATH}:/opt/ros/humble /usr/bin/cmake --install /home/shaman/ros2_ws/src/ROS_N6/ex05/build/my_robot_controller_deep_cam
[6.559s] -- Install configuration: ""
[6.559s] -- Installing: /home/shaman/ros2_ws/src/ROS_N6/ex05/install/my_robot_controller_deep_cam/lib/my_robot_controller_deep_cam/robot_controller
[6.562s] -- Set runtime path of "/home/shaman/ros2_ws/src/ROS_N6/ex05/install/my_robot_controller_deep_cam/lib/my_robot_controller_deep_cam/robot_controller" to ""
[6.562s] -- Up-to-date: /home/shaman/ros2_ws/src/ROS_N6/ex05/install/my_robot_controller_deep_cam/share/ament_index/resource_index/package_run_dependencies/my_robot_controller_deep_cam
[6.562s] -- Up-to-date: /home/shaman/ros2_ws/src/ROS_N6/ex05/install/my_robot_controller_deep_cam/share/ament_index/resource_index/parent_prefix_path/my_robot_controller_deep_cam
[6.562s] -- Up-to-date: /home/shaman/ros2_ws/src/ROS_N6/ex05/install/my_robot_controller_deep_cam/share/my_robot_controller_deep_cam/environment/ament_prefix_path.sh
[6.562s] -- Up-to-date: /home/shaman/ros2_ws/src/ROS_N6/ex05/install/my_robot_controller_deep_cam/share/my_robot_controller_deep_cam/environment/ament_prefix_path.dsv
[6.562s] -- Up-to-date: /home/shaman/ros2_ws/src/ROS_N6/ex05/install/my_robot_controller_deep_cam/share/my_robot_controller_deep_cam/environment/path.sh
[6.562s] -- Up-to-date: /home/shaman/ros2_ws/src/ROS_N6/ex05/install/my_robot_controller_deep_cam/share/my_robot_controller_deep_cam/environment/path.dsv
[6.562s] -- Up-to-date: /home/shaman/ros2_ws/src/ROS_N6/ex05/install/my_robot_controller_deep_cam/share/my_robot_controller_deep_cam/local_setup.bash
[6.562s] -- Up-to-date: /home/shaman/ros2_ws/src/ROS_N6/ex05/install/my_robot_controller_deep_cam/share/my_robot_controller_deep_cam/local_setup.sh
[6.562s] -- Up-to-date: /home/shaman/ros2_ws/src/ROS_N6/ex05/install/my_robot_controller_deep_cam/share/my_robot_controller_deep_cam/local_setup.zsh
[6.562s] -- Up-to-date: /home/shaman/ros2_ws/src/ROS_N6/ex05/install/my_robot_controller_deep_cam/share/my_robot_controller_deep_cam/local_setup.dsv
[6.562s] -- Installing: /home/shaman/ros2_ws/src/ROS_N6/ex05/install/my_robot_controller_deep_cam/share/my_robot_controller_deep_cam/package.dsv
[6.563s] -- Up-to-date: /home/shaman/ros2_ws/src/ROS_N6/ex05/install/my_robot_controller_deep_cam/share/ament_index/resource_index/packages/my_robot_controller_deep_cam
[6.563s] -- Up-to-date: /home/shaman/ros2_ws/src/ROS_N6/ex05/install/my_robot_controller_deep_cam/share/my_robot_controller_deep_cam/cmake/my_robot_controller_deep_camConfig.cmake
[6.563s] -- Up-to-date: /home/shaman/ros2_ws/src/ROS_N6/ex05/install/my_robot_controller_deep_cam/share/my_robot_controller_deep_cam/cmake/my_robot_controller_deep_camConfig-version.cmake
[6.563s] -- Up-to-date: /home/shaman/ros2_ws/src/ROS_N6/ex05/install/my_robot_controller_deep_cam/share/my_robot_controller_deep_cam/package.xml
[6.564s] Invoked command in '/home/shaman/ros2_ws/src/ROS_N6/ex05/build/my_robot_controller_deep_cam' returned '0': CMAKE_PREFIX_PATH=${CMAKE_PREFIX_PATH}:/opt/ros/humble /usr/bin/cmake --install /home/shaman/ros2_ws/src/ROS_N6/ex05/build/my_robot_controller_deep_cam
