[0.064s] DEBUG:colcon:Command line arguments: ['/usr/bin/colcon', 'build']
[0.064s] DEBUG:colcon:Parsed command line arguments: Namespace(log_base=None, log_level=None, verb_name='build', build_base='build', install_base='install', merge_install=False, symlink_install=False, test_result_base=None, continue_on_error=False, executor='parallel', parallel_workers=12, event_handlers=None, ignore_user_meta=False, metas=['./colcon.meta'], base_paths=['.'], packages_ignore=None, packages_ignore_regex=None, paths=None, packages_up_to=None, packages_up_to_regex=None, packages_above=None, packages_above_and_dependencies=None, packages_above_depth=None, packages_select_by_dep=None, packages_skip_by_dep=None, packages_skip_up_to=None, packages_select_build_failed=False, packages_skip_build_finished=False, packages_select_test_failures=False, packages_skip_test_passed=False, packages_select=None, packages_skip=None, packages_select_regex=None, packages_skip_regex=None, packages_start=None, packages_end=None, allow_overriding=[], cmake_args=None, cmake_target=None, cmake_target_skip_unavailable=False, cmake_clean_cache=False, cmake_clean_first=False, cmake_force_configure=False, ament_cmake_args=None, catkin_cmake_args=None, catkin_skip_building_tests=False, mixin_files=None, mixin=None, verb_parser=<colcon_mixin.mixin.mixin_argument.MixinArgumentDecorator object at 0x7f8251f31f00>, verb_extension=<colcon_core.verb.build.BuildVerb object at 0x7f8251f31990>, main=<bound method BuildVerb.main of <colcon_core.verb.build.BuildVerb object at 0x7f8251f31990>>, mixin_verb=('build',))
[0.160s] Level 1:colcon.colcon_core.package_discovery:discover_packages(colcon_meta) check parameters
[0.160s] Level 1:colcon.colcon_core.package_discovery:discover_packages(recursive) check parameters
[0.160s] Level 1:colcon.colcon_core.package_discovery:discover_packages(ignore) check parameters
[0.160s] Level 1:colcon.colcon_core.package_discovery:discover_packages(path) check parameters
[0.160s] Level 1:colcon.colcon_core.package_discovery:discover_packages(colcon_meta) discover
[0.160s] Level 1:colcon.colcon_core.package_discovery:discover_packages(recursive) discover
[0.160s] INFO:colcon.colcon_core.package_discovery:Crawling recursively for packages in '/home/shaman/ros2_ws/src/ROS_N6/ex03'
[0.160s] Level 1:colcon.colcon_core.package_identification:_identify(.) by extensions ['ignore', 'ignore_ament_install']
[0.161s] Level 1:colcon.colcon_core.package_identification:_identify(.) by extension 'ignore'
[0.161s] Level 1:colcon.colcon_core.package_identification:_identify(.) by extension 'ignore_ament_install'
[0.161s] Level 1:colcon.colcon_core.package_identification:_identify(.) by extensions ['colcon_pkg']
[0.161s] Level 1:colcon.colcon_core.package_identification:_identify(.) by extension 'colcon_pkg'
[0.161s] Level 1:colcon.colcon_core.package_identification:_identify(.) by extensions ['colcon_meta']
[0.161s] Level 1:colcon.colcon_core.package_identification:_identify(.) by extension 'colcon_meta'
[0.161s] Level 1:colcon.colcon_core.package_identification:_identify(.) by extensions ['ros']
[0.161s] Level 1:colcon.colcon_core.package_identification:_identify(.) by extension 'ros'
[0.168s] Level 1:colcon.colcon_core.package_identification:_identify(.) by extensions ['cmake', 'python']
[0.168s] Level 1:colcon.colcon_core.package_identification:_identify(.) by extension 'cmake'
[0.168s] Level 1:colcon.colcon_core.package_identification:_identify(.) by extension 'python'
[0.168s] Level 1:colcon.colcon_core.package_identification:_identify(.) by extensions ['python_setup_py']
[0.168s] Level 1:colcon.colcon_core.package_identification:_identify(.) by extension 'python_setup_py'
[0.168s] Level 1:colcon.colcon_core.package_identification:_identify(build) by extensions ['ignore', 'ignore_ament_install']
[0.168s] Level 1:colcon.colcon_core.package_identification:_identify(build) by extension 'ignore'
[0.168s] Level 1:colcon.colcon_core.package_identification:_identify(build) ignored
[0.168s] Level 1:colcon.colcon_core.package_identification:_identify(install) by extensions ['ignore', 'ignore_ament_install']
[0.168s] Level 1:colcon.colcon_core.package_identification:_identify(install) by extension 'ignore'
[0.168s] Level 1:colcon.colcon_core.package_identification:_identify(install) ignored
[0.168s] Level 1:colcon.colcon_core.package_identification:_identify(log) by extensions ['ignore', 'ignore_ament_install']
[0.168s] Level 1:colcon.colcon_core.package_identification:_identify(log) by extension 'ignore'
[0.168s] Level 1:colcon.colcon_core.package_identification:_identify(log) ignored
[0.168s] Level 1:colcon.colcon_core.package_identification:_identify(robot_app) by extensions ['ignore', 'ignore_ament_install']
[0.168s] Level 1:colcon.colcon_core.package_identification:_identify(robot_app) by extension 'ignore'
[0.168s] Level 1:colcon.colcon_core.package_identification:_identify(robot_app) by extension 'ignore_ament_install'
[0.168s] Level 1:colcon.colcon_core.package_identification:_identify(robot_app) by extensions ['colcon_pkg']
[0.168s] Level 1:colcon.colcon_core.package_identification:_identify(robot_app) by extension 'colcon_pkg'
[0.168s] Level 1:colcon.colcon_core.package_identification:_identify(robot_app) by extensions ['colcon_meta']
[0.168s] Level 1:colcon.colcon_core.package_identification:_identify(robot_app) by extension 'colcon_meta'
[0.168s] Level 1:colcon.colcon_core.package_identification:_identify(robot_app) by extensions ['ros']
[0.168s] Level 1:colcon.colcon_core.package_identification:_identify(robot_app) by extension 'ros'
[0.170s] DEBUG:colcon.colcon_core.package_identification:Package 'robot_app' with type 'ros.ament_cmake' and name 'robot_app'
[0.170s] Level 1:colcon.colcon_core.package_identification:_identify(robot_bringup) by extensions ['ignore', 'ignore_ament_install']
[0.170s] Level 1:colcon.colcon_core.package_identification:_identify(robot_bringup) by extension 'ignore'
[0.170s] Level 1:colcon.colcon_core.package_identification:_identify(robot_bringup) by extension 'ignore_ament_install'
[0.170s] Level 1:colcon.colcon_core.package_identification:_identify(robot_bringup) by extensions ['colcon_pkg']
[0.170s] Level 1:colcon.colcon_core.package_identification:_identify(robot_bringup) by extension 'colcon_pkg'
[0.170s] Level 1:colcon.colcon_core.package_identification:_identify(robot_bringup) by extensions ['colcon_meta']
[0.170s] Level 1:colcon.colcon_core.package_identification:_identify(robot_bringup) by extension 'colcon_meta'
[0.170s] Level 1:colcon.colcon_core.package_identification:_identify(robot_bringup) by extensions ['ros']
[0.170s] Level 1:colcon.colcon_core.package_identification:_identify(robot_bringup) by extension 'ros'
[0.170s] DEBUG:colcon.colcon_core.package_identification:Package 'robot_bringup' with type 'ros.ament_cmake' and name 'robot_bringup'
[0.170s] Level 1:colcon.colcon_core.package_identification:_identify(robot_description) by extensions ['ignore', 'ignore_ament_install']
[0.170s] Level 1:colcon.colcon_core.package_identification:_identify(robot_description) by extension 'ignore'
[0.171s] Level 1:colcon.colcon_core.package_identification:_identify(robot_description) by extension 'ignore_ament_install'
[0.171s] Level 1:colcon.colcon_core.package_identification:_identify(robot_description) by extensions ['colcon_pkg']
[0.171s] Level 1:colcon.colcon_core.package_identification:_identify(robot_description) by extension 'colcon_pkg'
[0.171s] Level 1:colcon.colcon_core.package_identification:_identify(robot_description) by extensions ['colcon_meta']
[0.171s] Level 1:colcon.colcon_core.package_identification:_identify(robot_description) by extension 'colcon_meta'
[0.171s] Level 1:colcon.colcon_core.package_identification:_identify(robot_description) by extensions ['ros']
[0.171s] Level 1:colcon.colcon_core.package_identification:_identify(robot_description) by extension 'ros'
[0.171s] DEBUG:colcon.colcon_core.package_identification:Package 'robot_description' with type 'ros.ament_cmake' and name 'robot_description'
[0.171s] Level 1:colcon.colcon_core.package_discovery:discover_packages(recursive) using defaults
[0.171s] Level 1:colcon.colcon_core.package_discovery:discover_packages(ignore) discover
[0.171s] Level 1:colcon.colcon_core.package_discovery:discover_packages(ignore) using defaults
[0.171s] Level 1:colcon.colcon_core.package_discovery:discover_packages(path) discover
[0.171s] Level 1:colcon.colcon_core.package_discovery:discover_packages(path) using defaults
[0.184s] Level 1:colcon.colcon_core.package_discovery:discover_packages(prefix_path) check parameters
[0.184s] Level 1:colcon.colcon_core.package_discovery:discover_packages(prefix_path) discover
[0.185s] DEBUG:colcon.colcon_installed_package_information.package_discovery:Found 3 installed packages in /home/shaman/ros2_ws/src/ROS_N6/ex03/install
[0.185s] DEBUG:colcon.colcon_installed_package_information.package_discovery:Found 17 installed packages in /home/shaman/ros2_ws/install
[0.186s] DEBUG:colcon.colcon_installed_package_information.package_discovery:Found 304 installed packages in /opt/ros/humble
[0.194s] Level 1:colcon.colcon_core.package_discovery:discover_packages(prefix_path) using defaults
[0.218s] Level 5:colcon.colcon_core.verb:set package 'robot_app' build argument 'cmake_args' from command line to 'None'
[0.218s] Level 5:colcon.colcon_core.verb:set package 'robot_app' build argument 'cmake_target' from command line to 'None'
[0.218s] Level 5:colcon.colcon_core.verb:set package 'robot_app' build argument 'cmake_target_skip_unavailable' from command line to 'False'
[0.218s] Level 5:colcon.colcon_core.verb:set package 'robot_app' build argument 'cmake_clean_cache' from command line to 'False'
[0.218s] Level 5:colcon.colcon_core.verb:set package 'robot_app' build argument 'cmake_clean_first' from command line to 'False'
[0.218s] Level 5:colcon.colcon_core.verb:set package 'robot_app' build argument 'cmake_force_configure' from command line to 'False'
[0.218s] Level 5:colcon.colcon_core.verb:set package 'robot_app' build argument 'ament_cmake_args' from command line to 'None'
[0.218s] Level 5:colcon.colcon_core.verb:set package 'robot_app' build argument 'catkin_cmake_args' from command line to 'None'
[0.218s] Level 5:colcon.colcon_core.verb:set package 'robot_app' build argument 'catkin_skip_building_tests' from command line to 'False'
[0.218s] DEBUG:colcon.colcon_core.verb:Building package 'robot_app' with the following arguments: {'ament_cmake_args': None, 'build_base': '/home/shaman/ros2_ws/src/ROS_N6/ex03/build/robot_app', 'catkin_cmake_args': None, 'catkin_skip_building_tests': False, 'cmake_args': None, 'cmake_clean_cache': False, 'cmake_clean_first': False, 'cmake_force_configure': False, 'cmake_target': None, 'cmake_target_skip_unavailable': False, 'install_base': '/home/shaman/ros2_ws/src/ROS_N6/ex03/install/robot_app', 'merge_install': False, 'path': '/home/shaman/ros2_ws/src/ROS_N6/ex03/robot_app', 'symlink_install': False, 'test_result_base': None}
[0.219s] Level 5:colcon.colcon_core.verb:set package 'robot_bringup' build argument 'cmake_args' from command line to 'None'
[0.219s] Level 5:colcon.colcon_core.verb:set package 'robot_bringup' build argument 'cmake_target' from command line to 'None'
[0.219s] Level 5:colcon.colcon_core.verb:set package 'robot_bringup' build argument 'cmake_target_skip_unavailable' from command line to 'False'
[0.219s] Level 5:colcon.colcon_core.verb:set package 'robot_bringup' build argument 'cmake_clean_cache' from command line to 'False'
[0.219s] Level 5:colcon.colcon_core.verb:set package 'robot_bringup' build argument 'cmake_clean_first' from command line to 'False'
[0.219s] Level 5:colcon.colcon_core.verb:set package 'robot_bringup' build argument 'cmake_force_configure' from command line to 'False'
[0.219s] Level 5:colcon.colcon_core.verb:set package 'robot_bringup' build argument 'ament_cmake_args' from command line to 'None'
[0.219s] Level 5:colcon.colcon_core.verb:set package 'robot_bringup' build argument 'catkin_cmake_args' from command line to 'None'
[0.219s] Level 5:colcon.colcon_core.verb:set package 'robot_bringup' build argument 'catkin_skip_building_tests' from command line to 'False'
[0.219s] DEBUG:colcon.colcon_core.verb:Building package 'robot_bringup' with the following arguments: {'ament_cmake_args': None, 'build_base': '/home/shaman/ros2_ws/src/ROS_N6/ex03/build/robot_bringup', 'catkin_cmake_args': None, 'catkin_skip_building_tests': False, 'cmake_args': None, 'cmake_clean_cache': False, 'cmake_clean_first': False, 'cmake_force_configure': False, 'cmake_target': None, 'cmake_target_skip_unavailable': False, 'install_base': '/home/shaman/ros2_ws/src/ROS_N6/ex03/install/robot_bringup', 'merge_install': False, 'path': '/home/shaman/ros2_ws/src/ROS_N6/ex03/robot_bringup', 'symlink_install': False, 'test_result_base': None}
[0.219s] Level 5:colcon.colcon_core.verb:set package 'robot_description' build argument 'cmake_args' from command line to 'None'
[0.219s] Level 5:colcon.colcon_core.verb:set package 'robot_description' build argument 'cmake_target' from command line to 'None'
[0.219s] Level 5:colcon.colcon_core.verb:set package 'robot_description' build argument 'cmake_target_skip_unavailable' from command line to 'False'
[0.219s] Level 5:colcon.colcon_core.verb:set package 'robot_description' build argument 'cmake_clean_cache' from command line to 'False'
[0.219s] Level 5:colcon.colcon_core.verb:set package 'robot_description' build argument 'cmake_clean_first' from command line to 'False'
[0.219s] Level 5:colcon.colcon_core.verb:set package 'robot_description' build argument 'cmake_force_configure' from command line to 'False'
[0.219s] Level 5:colcon.colcon_core.verb:set package 'robot_description' build argument 'ament_cmake_args' from command line to 'None'
[0.219s] Level 5:colcon.colcon_core.verb:set package 'robot_description' build argument 'catkin_cmake_args' from command line to 'None'
[0.219s] Level 5:colcon.colcon_core.verb:set package 'robot_description' build argument 'catkin_skip_building_tests' from command line to 'False'
[0.219s] DEBUG:colcon.colcon_core.verb:Building package 'robot_description' with the following arguments: {'ament_cmake_args': None, 'build_base': '/home/shaman/ros2_ws/src/ROS_N6/ex03/build/robot_description', 'catkin_cmake_args': None, 'catkin_skip_building_tests': False, 'cmake_args': None, 'cmake_clean_cache': False, 'cmake_clean_first': False, 'cmake_force_configure': False, 'cmake_target': None, 'cmake_target_skip_unavailable': False, 'install_base': '/home/shaman/ros2_ws/src/ROS_N6/ex03/install/robot_description', 'merge_install': False, 'path': '/home/shaman/ros2_ws/src/ROS_N6/ex03/robot_description', 'symlink_install': False, 'test_result_base': None}
[0.219s] INFO:colcon.colcon_core.executor:Executing jobs using 'parallel' executor
[0.220s] DEBUG:colcon.colcon_parallel_executor.executor.parallel:run_until_complete
[0.220s] INFO:colcon.colcon_ros.task.ament_cmake.build:Building ROS package in '/home/shaman/ros2_ws/src/ROS_N6/ex03/robot_app' with build type 'ament_cmake'
[0.220s] INFO:colcon.colcon_cmake.task.cmake.build:Building CMake package in '/home/shaman/ros2_ws/src/ROS_N6/ex03/robot_app'
[0.221s] INFO:colcon.colcon_core.plugin_system:Skipping extension 'colcon_core.shell.bat': Not used on non-Windows systems
[0.221s] INFO:colcon.colcon_core.shell:Skip shell extension 'powershell' for command environment: Not usable outside of PowerShell
[0.221s] DEBUG:colcon.colcon_core.shell:Skip shell extension 'dsv' for command environment
[0.224s] INFO:colcon.colcon_ros.task.ament_cmake.build:Building ROS package in '/home/shaman/ros2_ws/src/ROS_N6/ex03/robot_bringup' with build type 'ament_cmake'
[0.225s] INFO:colcon.colcon_cmake.task.cmake.build:Building CMake package in '/home/shaman/ros2_ws/src/ROS_N6/ex03/robot_bringup'
[0.225s] INFO:colcon.colcon_core.shell:Skip shell extension 'powershell' for command environment: Not usable outside of PowerShell
[0.225s] DEBUG:colcon.colcon_core.shell:Skip shell extension 'dsv' for command environment
[0.227s] INFO:colcon.colcon_ros.task.ament_cmake.build:Building ROS package in '/home/shaman/ros2_ws/src/ROS_N6/ex03/robot_description' with build type 'ament_cmake'
[0.227s] INFO:colcon.colcon_cmake.task.cmake.build:Building CMake package in '/home/shaman/ros2_ws/src/ROS_N6/ex03/robot_description'
[0.227s] INFO:colcon.colcon_core.shell:Skip shell extension 'powershell' for command environment: Not usable outside of PowerShell
[0.227s] DEBUG:colcon.colcon_core.shell:Skip shell extension 'dsv' for command environment
[0.233s] DEBUG:colcon.colcon_core.event_handler.log_command:Invoking command in '/home/shaman/ros2_ws/src/ROS_N6/ex03/build/robot_app': CMAKE_PREFIX_PATH=${CMAKE_PREFIX_PATH}:/opt/ros/humble /usr/bin/cmake --build /home/shaman/ros2_ws/src/ROS_N6/ex03/build/robot_app -- -j12 -l12
[0.235s] DEBUG:colcon.colcon_core.event_handler.log_command:Invoking command in '/home/shaman/ros2_ws/src/ROS_N6/ex03/build/robot_bringup': CMAKE_PREFIX_PATH=${CMAKE_PREFIX_PATH}:/opt/ros/humble /usr/bin/cmake --build /home/shaman/ros2_ws/src/ROS_N6/ex03/build/robot_bringup -- -j12 -l12
[0.237s] DEBUG:colcon.colcon_core.event_handler.log_command:Invoking command in '/home/shaman/ros2_ws/src/ROS_N6/ex03/build/robot_description': CMAKE_PREFIX_PATH=${CMAKE_PREFIX_PATH}:/opt/ros/humble /usr/bin/cmake --build /home/shaman/ros2_ws/src/ROS_N6/ex03/build/robot_description -- -j12 -l12
[0.257s] DEBUG:colcon.colcon_core.event_handler.log_command:Invoked command in '/home/shaman/ros2_ws/src/ROS_N6/ex03/build/robot_app' returned '0': CMAKE_PREFIX_PATH=${CMAKE_PREFIX_PATH}:/opt/ros/humble /usr/bin/cmake --build /home/shaman/ros2_ws/src/ROS_N6/ex03/build/robot_app -- -j12 -l12
[0.258s] DEBUG:colcon.colcon_core.event_handler.log_command:Invoked command in '/home/shaman/ros2_ws/src/ROS_N6/ex03/build/robot_bringup' returned '0': CMAKE_PREFIX_PATH=${CMAKE_PREFIX_PATH}:/opt/ros/humble /usr/bin/cmake --build /home/shaman/ros2_ws/src/ROS_N6/ex03/build/robot_bringup -- -j12 -l12
[0.260s] DEBUG:colcon.colcon_core.event_handler.log_command:Invoked command in '/home/shaman/ros2_ws/src/ROS_N6/ex03/build/robot_description' returned '0': CMAKE_PREFIX_PATH=${CMAKE_PREFIX_PATH}:/opt/ros/humble /usr/bin/cmake --build /home/shaman/ros2_ws/src/ROS_N6/ex03/build/robot_description -- -j12 -l12
[0.278s] DEBUG:colcon.colcon_core.event_handler.log_command:Invoking command in '/home/shaman/ros2_ws/src/ROS_N6/ex03/build/robot_bringup': CMAKE_PREFIX_PATH=${CMAKE_PREFIX_PATH}:/opt/ros/humble /usr/bin/cmake --install /home/shaman/ros2_ws/src/ROS_N6/ex03/build/robot_bringup
[0.279s] DEBUG:colcon.colcon_core.event_handler.log_command:Invoking command in '/home/shaman/ros2_ws/src/ROS_N6/ex03/build/robot_app': CMAKE_PREFIX_PATH=${CMAKE_PREFIX_PATH}:/opt/ros/humble /usr/bin/cmake --install /home/shaman/ros2_ws/src/ROS_N6/ex03/build/robot_app
[0.280s] DEBUG:colcon.colcon_core.event_handler.log_command:Invoking command in '/home/shaman/ros2_ws/src/ROS_N6/ex03/build/robot_description': CMAKE_PREFIX_PATH=${CMAKE_PREFIX_PATH}:/opt/ros/humble /usr/bin/cmake --install /home/shaman/ros2_ws/src/ROS_N6/ex03/build/robot_description
[0.286s] Level 1:colcon.colcon_core.environment:create_environment_scripts_only(robot_bringup)
[0.286s] DEBUG:colcon.colcon_core.event_handler.log_command:Invoked command in '/home/shaman/ros2_ws/src/ROS_N6/ex03/build/robot_bringup' returned '0': CMAKE_PREFIX_PATH=${CMAKE_PREFIX_PATH}:/opt/ros/humble /usr/bin/cmake --install /home/shaman/ros2_ws/src/ROS_N6/ex03/build/robot_bringup
[0.287s] Level 1:colcon.colcon_core.environment:checking '/home/shaman/ros2_ws/src/ROS_N6/ex03/install/robot_bringup' for CMake module files
[0.288s] Level 1:colcon.colcon_core.environment:checking '/home/shaman/ros2_ws/src/ROS_N6/ex03/install/robot_bringup' for CMake config files
[0.288s] Level 1:colcon.colcon_core.shell:create_environment_hook('robot_bringup', 'cmake_prefix_path')
[0.288s] INFO:colcon.colcon_core.shell:Creating environment hook '/home/shaman/ros2_ws/src/ROS_N6/ex03/install/robot_bringup/share/robot_bringup/hook/cmake_prefix_path.ps1'
[0.288s] INFO:colcon.colcon_core.shell:Creating environment descriptor '/home/shaman/ros2_ws/src/ROS_N6/ex03/install/robot_bringup/share/robot_bringup/hook/cmake_prefix_path.dsv'
[0.288s] INFO:colcon.colcon_core.shell:Creating environment hook '/home/shaman/ros2_ws/src/ROS_N6/ex03/install/robot_bringup/share/robot_bringup/hook/cmake_prefix_path.sh'
[0.289s] Level 1:colcon.colcon_core.environment:checking '/home/shaman/ros2_ws/src/ROS_N6/ex03/install/robot_bringup/bin'
[0.289s] Level 1:colcon.colcon_core.environment:checking '/home/shaman/ros2_ws/src/ROS_N6/ex03/install/robot_bringup/lib/pkgconfig/robot_bringup.pc'
[0.289s] Level 1:colcon.colcon_core.environment:checking '/home/shaman/ros2_ws/src/ROS_N6/ex03/install/robot_bringup/lib/python3.10/site-packages'
[0.289s] Level 1:colcon.colcon_core.environment:checking '/home/shaman/ros2_ws/src/ROS_N6/ex03/install/robot_bringup/bin'
[0.290s] INFO:colcon.colcon_core.shell:Creating package script '/home/shaman/ros2_ws/src/ROS_N6/ex03/install/robot_bringup/share/robot_bringup/package.ps1'
[0.290s] INFO:colcon.colcon_core.shell:Creating package descriptor '/home/shaman/ros2_ws/src/ROS_N6/ex03/install/robot_bringup/share/robot_bringup/package.dsv'
[0.290s] INFO:colcon.colcon_core.shell:Creating package script '/home/shaman/ros2_ws/src/ROS_N6/ex03/install/robot_bringup/share/robot_bringup/package.sh'
[0.291s] INFO:colcon.colcon_core.shell:Creating package script '/home/shaman/ros2_ws/src/ROS_N6/ex03/install/robot_bringup/share/robot_bringup/package.bash'
[0.291s] INFO:colcon.colcon_core.shell:Creating package script '/home/shaman/ros2_ws/src/ROS_N6/ex03/install/robot_bringup/share/robot_bringup/package.zsh'
[0.291s] Level 1:colcon.colcon_core.environment:create_file_with_runtime_dependencies(/home/shaman/ros2_ws/src/ROS_N6/ex03/install/robot_bringup/share/colcon-core/packages/robot_bringup)
[0.292s] Level 1:colcon.colcon_core.environment:create_environment_scripts_only(robot_app)
[0.292s] Level 1:colcon.colcon_core.environment:checking '/home/shaman/ros2_ws/src/ROS_N6/ex03/install/robot_app' for CMake module files
[0.293s] DEBUG:colcon.colcon_core.event_handler.log_command:Invoked command in '/home/shaman/ros2_ws/src/ROS_N6/ex03/build/robot_app' returned '0': CMAKE_PREFIX_PATH=${CMAKE_PREFIX_PATH}:/opt/ros/humble /usr/bin/cmake --install /home/shaman/ros2_ws/src/ROS_N6/ex03/build/robot_app
[0.293s] Level 1:colcon.colcon_core.environment:checking '/home/shaman/ros2_ws/src/ROS_N6/ex03/install/robot_app' for CMake config files
[0.293s] Level 1:colcon.colcon_core.shell:create_environment_hook('robot_app', 'cmake_prefix_path')
[0.293s] INFO:colcon.colcon_core.shell:Creating environment hook '/home/shaman/ros2_ws/src/ROS_N6/ex03/install/robot_app/share/robot_app/hook/cmake_prefix_path.ps1'
[0.293s] INFO:colcon.colcon_core.shell:Creating environment descriptor '/home/shaman/ros2_ws/src/ROS_N6/ex03/install/robot_app/share/robot_app/hook/cmake_prefix_path.dsv'
[0.293s] INFO:colcon.colcon_core.shell:Creating environment hook '/home/shaman/ros2_ws/src/ROS_N6/ex03/install/robot_app/share/robot_app/hook/cmake_prefix_path.sh'
[0.294s] Level 1:colcon.colcon_core.environment:checking '/home/shaman/ros2_ws/src/ROS_N6/ex03/install/robot_app/bin'
[0.294s] Level 1:colcon.colcon_core.environment:checking '/home/shaman/ros2_ws/src/ROS_N6/ex03/install/robot_app/lib/pkgconfig/robot_app.pc'
[0.294s] Level 1:colcon.colcon_core.environment:checking '/home/shaman/ros2_ws/src/ROS_N6/ex03/install/robot_app/lib/python3.10/site-packages'
[0.294s] Level 1:colcon.colcon_core.environment:checking '/home/shaman/ros2_ws/src/ROS_N6/ex03/install/robot_app/bin'
[0.294s] INFO:colcon.colcon_core.shell:Creating package script '/home/shaman/ros2_ws/src/ROS_N6/ex03/install/robot_app/share/robot_app/package.ps1'
[0.294s] INFO:colcon.colcon_core.shell:Creating package descriptor '/home/shaman/ros2_ws/src/ROS_N6/ex03/install/robot_app/share/robot_app/package.dsv'
[0.295s] INFO:colcon.colcon_core.shell:Creating package script '/home/shaman/ros2_ws/src/ROS_N6/ex03/install/robot_app/share/robot_app/package.sh'
[0.295s] INFO:colcon.colcon_core.shell:Creating package script '/home/shaman/ros2_ws/src/ROS_N6/ex03/install/robot_app/share/robot_app/package.bash'
[0.295s] INFO:colcon.colcon_core.shell:Creating package script '/home/shaman/ros2_ws/src/ROS_N6/ex03/install/robot_app/share/robot_app/package.zsh'
[0.295s] Level 1:colcon.colcon_core.environment:create_file_with_runtime_dependencies(/home/shaman/ros2_ws/src/ROS_N6/ex03/install/robot_app/share/colcon-core/packages/robot_app)
[0.296s] Level 1:colcon.colcon_core.environment:create_environment_scripts_only(robot_description)
[0.296s] Level 1:colcon.colcon_core.environment:checking '/home/shaman/ros2_ws/src/ROS_N6/ex03/install/robot_description' for CMake module files
[0.296s] DEBUG:colcon.colcon_core.event_handler.log_command:Invoked command in '/home/shaman/ros2_ws/src/ROS_N6/ex03/build/robot_description' returned '0': CMAKE_PREFIX_PATH=${CMAKE_PREFIX_PATH}:/opt/ros/humble /usr/bin/cmake --install /home/shaman/ros2_ws/src/ROS_N6/ex03/build/robot_description
[0.296s] Level 1:colcon.colcon_core.environment:checking '/home/shaman/ros2_ws/src/ROS_N6/ex03/install/robot_description' for CMake config files
[0.296s] Level 1:colcon.colcon_core.shell:create_environment_hook('robot_description', 'cmake_prefix_path')
[0.297s] INFO:colcon.colcon_core.shell:Creating environment hook '/home/shaman/ros2_ws/src/ROS_N6/ex03/install/robot_description/share/robot_description/hook/cmake_prefix_path.ps1'
[0.297s] INFO:colcon.colcon_core.shell:Creating environment descriptor '/home/shaman/ros2_ws/src/ROS_N6/ex03/install/robot_description/share/robot_description/hook/cmake_prefix_path.dsv'
[0.297s] INFO:colcon.colcon_core.shell:Creating environment hook '/home/shaman/ros2_ws/src/ROS_N6/ex03/install/robot_description/share/robot_description/hook/cmake_prefix_path.sh'
[0.297s] Level 1:colcon.colcon_core.environment:checking '/home/shaman/ros2_ws/src/ROS_N6/ex03/install/robot_description/bin'
[0.297s] Level 1:colcon.colcon_core.environment:checking '/home/shaman/ros2_ws/src/ROS_N6/ex03/install/robot_description/lib/pkgconfig/robot_description.pc'
[0.297s] Level 1:colcon.colcon_core.environment:checking '/home/shaman/ros2_ws/src/ROS_N6/ex03/install/robot_description/lib/python3.10/site-packages'
[0.297s] Level 1:colcon.colcon_core.environment:checking '/home/shaman/ros2_ws/src/ROS_N6/ex03/install/robot_description/bin'
[0.298s] INFO:colcon.colcon_core.shell:Creating package script '/home/shaman/ros2_ws/src/ROS_N6/ex03/install/robot_description/share/robot_description/package.ps1'
[0.298s] INFO:colcon.colcon_core.shell:Creating package descriptor '/home/shaman/ros2_ws/src/ROS_N6/ex03/install/robot_description/share/robot_description/package.dsv'
[0.298s] INFO:colcon.colcon_core.shell:Creating package script '/home/shaman/ros2_ws/src/ROS_N6/ex03/install/robot_description/share/robot_description/package.sh'
[0.298s] INFO:colcon.colcon_core.shell:Creating package script '/home/shaman/ros2_ws/src/ROS_N6/ex03/install/robot_description/share/robot_description/package.bash'
[0.299s] INFO:colcon.colcon_core.shell:Creating package script '/home/shaman/ros2_ws/src/ROS_N6/ex03/install/robot_description/share/robot_description/package.zsh'
[0.299s] Level 1:colcon.colcon_core.environment:create_file_with_runtime_dependencies(/home/shaman/ros2_ws/src/ROS_N6/ex03/install/robot_description/share/colcon-core/packages/robot_description)
[0.306s] Level 1:colcon.colcon_core.environment:create_environment_scripts_only(robot_bringup)
[0.307s] Level 1:colcon.colcon_core.environment:checking '/home/shaman/ros2_ws/src/ROS_N6/ex03/install/robot_bringup' for CMake module files
[0.307s] Level 1:colcon.colcon_core.environment:checking '/home/shaman/ros2_ws/src/ROS_N6/ex03/install/robot_bringup' for CMake config files
[0.307s] Level 1:colcon.colcon_core.shell:create_environment_hook('robot_bringup', 'cmake_prefix_path')
[0.307s] INFO:colcon.colcon_core.shell:Creating environment hook '/home/shaman/ros2_ws/src/ROS_N6/ex03/install/robot_bringup/share/robot_bringup/hook/cmake_prefix_path.ps1'
[0.307s] INFO:colcon.colcon_core.shell:Creating environment descriptor '/home/shaman/ros2_ws/src/ROS_N6/ex03/install/robot_bringup/share/robot_bringup/hook/cmake_prefix_path.dsv'
[0.308s] INFO:colcon.colcon_core.shell:Creating environment hook '/home/shaman/ros2_ws/src/ROS_N6/ex03/install/robot_bringup/share/robot_bringup/hook/cmake_prefix_path.sh'
[0.308s] Level 1:colcon.colcon_core.environment:checking '/home/shaman/ros2_ws/src/ROS_N6/ex03/install/robot_bringup/bin'
[0.308s] Level 1:colcon.colcon_core.environment:checking '/home/shaman/ros2_ws/src/ROS_N6/ex03/install/robot_bringup/lib/pkgconfig/robot_bringup.pc'
[0.308s] Level 1:colcon.colcon_core.environment:checking '/home/shaman/ros2_ws/src/ROS_N6/ex03/install/robot_bringup/lib/python3.10/site-packages'
[0.308s] Level 1:colcon.colcon_core.environment:checking '/home/shaman/ros2_ws/src/ROS_N6/ex03/install/robot_bringup/bin'
[0.308s] INFO:colcon.colcon_core.shell:Creating package script '/home/shaman/ros2_ws/src/ROS_N6/ex03/install/robot_bringup/share/robot_bringup/package.ps1'
[0.309s] INFO:colcon.colcon_core.shell:Creating package descriptor '/home/shaman/ros2_ws/src/ROS_N6/ex03/install/robot_bringup/share/robot_bringup/package.dsv'
[0.309s] INFO:colcon.colcon_core.shell:Creating package script '/home/shaman/ros2_ws/src/ROS_N6/ex03/install/robot_bringup/share/robot_bringup/package.sh'
[0.309s] INFO:colcon.colcon_core.shell:Creating package script '/home/shaman/ros2_ws/src/ROS_N6/ex03/install/robot_bringup/share/robot_bringup/package.bash'
[0.309s] INFO:colcon.colcon_core.shell:Creating package script '/home/shaman/ros2_ws/src/ROS_N6/ex03/install/robot_bringup/share/robot_bringup/package.zsh'
[0.310s] Level 1:colcon.colcon_core.environment:create_file_with_runtime_dependencies(/home/shaman/ros2_ws/src/ROS_N6/ex03/install/robot_bringup/share/colcon-core/packages/robot_bringup)
[0.310s] Level 1:colcon.colcon_core.environment:create_environment_scripts_only(robot_app)
[0.310s] Level 1:colcon.colcon_core.environment:checking '/home/shaman/ros2_ws/src/ROS_N6/ex03/install/robot_app' for CMake module files
[0.311s] Level 1:colcon.colcon_core.environment:checking '/home/shaman/ros2_ws/src/ROS_N6/ex03/install/robot_app' for CMake config files
[0.311s] Level 1:colcon.colcon_core.shell:create_environment_hook('robot_app', 'cmake_prefix_path')
[0.311s] INFO:colcon.colcon_core.shell:Creating environment hook '/home/shaman/ros2_ws/src/ROS_N6/ex03/install/robot_app/share/robot_app/hook/cmake_prefix_path.ps1'
[0.311s] INFO:colcon.colcon_core.shell:Creating environment descriptor '/home/shaman/ros2_ws/src/ROS_N6/ex03/install/robot_app/share/robot_app/hook/cmake_prefix_path.dsv'
[0.311s] INFO:colcon.colcon_core.shell:Creating environment hook '/home/shaman/ros2_ws/src/ROS_N6/ex03/install/robot_app/share/robot_app/hook/cmake_prefix_path.sh'
[0.312s] Level 1:colcon.colcon_core.environment:checking '/home/shaman/ros2_ws/src/ROS_N6/ex03/install/robot_app/bin'
[0.312s] Level 1:colcon.colcon_core.environment:checking '/home/shaman/ros2_ws/src/ROS_N6/ex03/install/robot_app/lib/pkgconfig/robot_app.pc'
[0.312s] Level 1:colcon.colcon_core.environment:checking '/home/shaman/ros2_ws/src/ROS_N6/ex03/install/robot_app/lib/python3.10/site-packages'
[0.312s] Level 1:colcon.colcon_core.environment:checking '/home/shaman/ros2_ws/src/ROS_N6/ex03/install/robot_app/bin'
[0.312s] INFO:colcon.colcon_core.shell:Creating package script '/home/shaman/ros2_ws/src/ROS_N6/ex03/install/robot_app/share/robot_app/package.ps1'
[0.312s] INFO:colcon.colcon_core.shell:Creating package descriptor '/home/shaman/ros2_ws/src/ROS_N6/ex03/install/robot_app/share/robot_app/package.dsv'
[0.313s] INFO:colcon.colcon_core.shell:Creating package script '/home/shaman/ros2_ws/src/ROS_N6/ex03/install/robot_app/share/robot_app/package.sh'
[0.313s] INFO:colcon.colcon_core.shell:Creating package script '/home/shaman/ros2_ws/src/ROS_N6/ex03/install/robot_app/share/robot_app/package.bash'
[0.313s] INFO:colcon.colcon_core.shell:Creating package script '/home/shaman/ros2_ws/src/ROS_N6/ex03/install/robot_app/share/robot_app/package.zsh'
[0.313s] Level 1:colcon.colcon_core.environment:create_file_with_runtime_dependencies(/home/shaman/ros2_ws/src/ROS_N6/ex03/install/robot_app/share/colcon-core/packages/robot_app)
[0.314s] Level 1:colcon.colcon_core.environment:create_environment_scripts_only(robot_description)
[0.314s] Level 1:colcon.colcon_core.environment:checking '/home/shaman/ros2_ws/src/ROS_N6/ex03/install/robot_description' for CMake module files
[0.314s] Level 1:colcon.colcon_core.environment:checking '/home/shaman/ros2_ws/src/ROS_N6/ex03/install/robot_description' for CMake config files
[0.315s] Level 1:colcon.colcon_core.shell:create_environment_hook('robot_description', 'cmake_prefix_path')
[0.315s] INFO:colcon.colcon_core.shell:Creating environment hook '/home/shaman/ros2_ws/src/ROS_N6/ex03/install/robot_description/share/robot_description/hook/cmake_prefix_path.ps1'
[0.315s] INFO:colcon.colcon_core.shell:Creating environment descriptor '/home/shaman/ros2_ws/src/ROS_N6/ex03/install/robot_description/share/robot_description/hook/cmake_prefix_path.dsv'
[0.315s] INFO:colcon.colcon_core.shell:Creating environment hook '/home/shaman/ros2_ws/src/ROS_N6/ex03/install/robot_description/share/robot_description/hook/cmake_prefix_path.sh'
[0.315s] Level 1:colcon.colcon_core.environment:checking '/home/shaman/ros2_ws/src/ROS_N6/ex03/install/robot_description/bin'
[0.315s] Level 1:colcon.colcon_core.environment:checking '/home/shaman/ros2_ws/src/ROS_N6/ex03/install/robot_description/lib/pkgconfig/robot_description.pc'
[0.315s] Level 1:colcon.colcon_core.environment:checking '/home/shaman/ros2_ws/src/ROS_N6/ex03/install/robot_description/lib/python3.10/site-packages'
[0.316s] Level 1:colcon.colcon_core.environment:checking '/home/shaman/ros2_ws/src/ROS_N6/ex03/install/robot_description/bin'
[0.316s] INFO:colcon.colcon_core.shell:Creating package script '/home/shaman/ros2_ws/src/ROS_N6/ex03/install/robot_description/share/robot_description/package.ps1'
[0.316s] INFO:colcon.colcon_core.shell:Creating package descriptor '/home/shaman/ros2_ws/src/ROS_N6/ex03/install/robot_description/share/robot_description/package.dsv'
[0.316s] INFO:colcon.colcon_core.shell:Creating package script '/home/shaman/ros2_ws/src/ROS_N6/ex03/install/robot_description/share/robot_description/package.sh'
[0.316s] INFO:colcon.colcon_core.shell:Creating package script '/home/shaman/ros2_ws/src/ROS_N6/ex03/install/robot_description/share/robot_description/package.bash'
[0.317s] INFO:colcon.colcon_core.shell:Creating package script '/home/shaman/ros2_ws/src/ROS_N6/ex03/install/robot_description/share/robot_description/package.zsh'
[0.317s] Level 1:colcon.colcon_core.environment:create_file_with_runtime_dependencies(/home/shaman/ros2_ws/src/ROS_N6/ex03/install/robot_description/share/colcon-core/packages/robot_description)
[0.317s] DEBUG:colcon.colcon_parallel_executor.executor.parallel:closing loop
[0.317s] DEBUG:colcon.colcon_parallel_executor.executor.parallel:loop closed
[0.317s] DEBUG:colcon.colcon_parallel_executor.executor.parallel:run_until_complete finished with '0'
[0.317s] DEBUG:colcon.colcon_core.event_reactor:joining thread
[0.320s] INFO:colcon.colcon_core.plugin_system:Skipping extension 'colcon_notification.desktop_notification.terminal_notifier': Not used on non-Darwin systems
[0.320s] INFO:colcon.colcon_core.plugin_system:Skipping extension 'colcon_notification.desktop_notification.win32': Not used on non-Windows systems
[0.320s] INFO:colcon.colcon_notification.desktop_notification:Sending desktop notification using 'notify2'
[0.328s] DEBUG:colcon.colcon_core.event_reactor:joined thread
[0.328s] INFO:colcon.colcon_core.shell:Creating prefix script '/home/shaman/ros2_ws/src/ROS_N6/ex03/install/local_setup.ps1'
[0.329s] INFO:colcon.colcon_core.shell:Creating prefix util module '/home/shaman/ros2_ws/src/ROS_N6/ex03/install/_local_setup_util_ps1.py'
[0.330s] INFO:colcon.colcon_core.shell:Creating prefix chain script '/home/shaman/ros2_ws/src/ROS_N6/ex03/install/setup.ps1'
[0.332s] INFO:colcon.colcon_core.shell:Creating prefix script '/home/shaman/ros2_ws/src/ROS_N6/ex03/install/local_setup.sh'
[0.332s] INFO:colcon.colcon_core.shell:Creating prefix util module '/home/shaman/ros2_ws/src/ROS_N6/ex03/install/_local_setup_util_sh.py'
[0.332s] INFO:colcon.colcon_core.shell:Creating prefix chain script '/home/shaman/ros2_ws/src/ROS_N6/ex03/install/setup.sh'
[0.334s] INFO:colcon.colcon_core.shell:Creating prefix script '/home/shaman/ros2_ws/src/ROS_N6/ex03/install/local_setup.bash'
[0.334s] INFO:colcon.colcon_core.shell:Creating prefix chain script '/home/shaman/ros2_ws/src/ROS_N6/ex03/install/setup.bash'
[0.336s] INFO:colcon.colcon_core.shell:Creating prefix script '/home/shaman/ros2_ws/src/ROS_N6/ex03/install/local_setup.zsh'
[0.336s] INFO:colcon.colcon_core.shell:Creating prefix chain script '/home/shaman/ros2_ws/src/ROS_N6/ex03/install/setup.zsh'
