[0.113s] DEBUG:colcon:Command line arguments: ['/usr/bin/colcon', 'build']
[0.113s] DEBUG:colcon:Parsed command line arguments: Namespace(log_base=None, log_level=None, verb_name='build', build_base='build', install_base='install', merge_install=False, symlink_install=False, test_result_base=None, continue_on_error=False, executor='parallel', parallel_workers=12, event_handlers=None, ignore_user_meta=False, metas=['./colcon.meta'], base_paths=['.'], packages_ignore=None, packages_ignore_regex=None, paths=None, packages_up_to=None, packages_up_to_regex=None, packages_above=None, packages_above_and_dependencies=None, packages_above_depth=None, packages_select_by_dep=None, packages_skip_by_dep=None, packages_skip_up_to=None, packages_select_build_failed=False, packages_skip_build_finished=False, packages_select_test_failures=False, packages_skip_test_passed=False, packages_select=None, packages_skip=None, packages_select_regex=None, packages_skip_regex=None, packages_start=None, packages_end=None, allow_overriding=[], cmake_args=None, cmake_target=None, cmake_target_skip_unavailable=False, cmake_clean_cache=False, cmake_clean_first=False, cmake_force_configure=False, ament_cmake_args=None, catkin_cmake_args=None, catkin_skip_building_tests=False, mixin_files=None, mixin=None, verb_parser=<colcon_mixin.mixin.mixin_argument.MixinArgumentDecorator object at 0x7f6fed935f00>, verb_extension=<colcon_core.verb.build.BuildVerb object at 0x7f6fed935990>, main=<bound method BuildVerb.main of <colcon_core.verb.build.BuildVerb object at 0x7f6fed935990>>, mixin_verb=('build',))
[0.264s] Level 1:colcon.colcon_core.package_discovery:discover_packages(colcon_meta) check parameters
[0.264s] Level 1:colcon.colcon_core.package_discovery:discover_packages(recursive) check parameters
[0.264s] Level 1:colcon.colcon_core.package_discovery:discover_packages(ignore) check parameters
[0.264s] Level 1:colcon.colcon_core.package_discovery:discover_packages(path) check parameters
[0.264s] Level 1:colcon.colcon_core.package_discovery:discover_packages(colcon_meta) discover
[0.264s] Level 1:colcon.colcon_core.package_discovery:discover_packages(recursive) discover
[0.264s] INFO:colcon.colcon_core.package_discovery:Crawling recursively for packages in '/home/shaman/ros2_ws/src/ROS_N6/ex04'
[0.264s] Level 1:colcon.colcon_core.package_identification:_identify(.) by extensions ['ignore', 'ignore_ament_install']
[0.264s] Level 1:colcon.colcon_core.package_identification:_identify(.) by extension 'ignore'
[0.264s] Level 1:colcon.colcon_core.package_identification:_identify(.) by extension 'ignore_ament_install'
[0.264s] Level 1:colcon.colcon_core.package_identification:_identify(.) by extensions ['colcon_pkg']
[0.264s] Level 1:colcon.colcon_core.package_identification:_identify(.) by extension 'colcon_pkg'
[0.264s] Level 1:colcon.colcon_core.package_identification:_identify(.) by extensions ['colcon_meta']
[0.264s] Level 1:colcon.colcon_core.package_identification:_identify(.) by extension 'colcon_meta'
[0.264s] Level 1:colcon.colcon_core.package_identification:_identify(.) by extensions ['ros']
[0.264s] Level 1:colcon.colcon_core.package_identification:_identify(.) by extension 'ros'
[0.272s] Level 1:colcon.colcon_core.package_identification:_identify(.) by extensions ['cmake', 'python']
[0.272s] Level 1:colcon.colcon_core.package_identification:_identify(.) by extension 'cmake'
[0.272s] Level 1:colcon.colcon_core.package_identification:_identify(.) by extension 'python'
[0.272s] Level 1:colcon.colcon_core.package_identification:_identify(.) by extensions ['python_setup_py']
[0.272s] Level 1:colcon.colcon_core.package_identification:_identify(.) by extension 'python_setup_py'
[0.272s] Level 1:colcon.colcon_core.package_identification:_identify(build) by extensions ['ignore', 'ignore_ament_install']
[0.272s] Level 1:colcon.colcon_core.package_identification:_identify(build) by extension 'ignore'
[0.272s] Level 1:colcon.colcon_core.package_identification:_identify(build) ignored
[0.272s] Level 1:colcon.colcon_core.package_identification:_identify(install) by extensions ['ignore', 'ignore_ament_install']
[0.272s] Level 1:colcon.colcon_core.package_identification:_identify(install) by extension 'ignore'
[0.272s] Level 1:colcon.colcon_core.package_identification:_identify(install) ignored
[0.272s] Level 1:colcon.colcon_core.package_identification:_identify(log) by extensions ['ignore', 'ignore_ament_install']
[0.272s] Level 1:colcon.colcon_core.package_identification:_identify(log) by extension 'ignore'
[0.272s] Level 1:colcon.colcon_core.package_identification:_identify(log) ignored
[0.272s] Level 1:colcon.colcon_core.package_identification:_identify(my_robot_controller_lidar) by extensions ['ignore', 'ignore_ament_install']
[0.272s] Level 1:colcon.colcon_core.package_identification:_identify(my_robot_controller_lidar) by extension 'ignore'
[0.272s] Level 1:colcon.colcon_core.package_identification:_identify(my_robot_controller_lidar) by extension 'ignore_ament_install'
[0.273s] Level 1:colcon.colcon_core.package_identification:_identify(my_robot_controller_lidar) by extensions ['colcon_pkg']
[0.273s] Level 1:colcon.colcon_core.package_identification:_identify(my_robot_controller_lidar) by extension 'colcon_pkg'
[0.273s] Level 1:colcon.colcon_core.package_identification:_identify(my_robot_controller_lidar) by extensions ['colcon_meta']
[0.273s] Level 1:colcon.colcon_core.package_identification:_identify(my_robot_controller_lidar) by extension 'colcon_meta'
[0.273s] Level 1:colcon.colcon_core.package_identification:_identify(my_robot_controller_lidar) by extensions ['ros']
[0.273s] Level 1:colcon.colcon_core.package_identification:_identify(my_robot_controller_lidar) by extension 'ros'
[0.274s] DEBUG:colcon.colcon_core.package_identification:Package 'my_robot_controller_lidar' with type 'ros.ament_cmake' and name 'my_robot_controller_lidar'
[0.274s] Level 1:colcon.colcon_core.package_identification:_identify(robot_app) by extensions ['ignore', 'ignore_ament_install']
[0.275s] Level 1:colcon.colcon_core.package_identification:_identify(robot_app) by extension 'ignore'
[0.275s] Level 1:colcon.colcon_core.package_identification:_identify(robot_app) by extension 'ignore_ament_install'
[0.275s] Level 1:colcon.colcon_core.package_identification:_identify(robot_app) by extensions ['colcon_pkg']
[0.275s] Level 1:colcon.colcon_core.package_identification:_identify(robot_app) by extension 'colcon_pkg'
[0.275s] Level 1:colcon.colcon_core.package_identification:_identify(robot_app) by extensions ['colcon_meta']
[0.275s] Level 1:colcon.colcon_core.package_identification:_identify(robot_app) by extension 'colcon_meta'
[0.275s] Level 1:colcon.colcon_core.package_identification:_identify(robot_app) by extensions ['ros']
[0.275s] Level 1:colcon.colcon_core.package_identification:_identify(robot_app) by extension 'ros'
[0.275s] DEBUG:colcon.colcon_core.package_identification:Package 'robot_app' with type 'ros.ament_cmake' and name 'robot_app'
[0.275s] Level 1:colcon.colcon_core.package_identification:_identify(robot_bringup) by extensions ['ignore', 'ignore_ament_install']
[0.275s] Level 1:colcon.colcon_core.package_identification:_identify(robot_bringup) by extension 'ignore'
[0.275s] Level 1:colcon.colcon_core.package_identification:_identify(robot_bringup) by extension 'ignore_ament_install'
[0.275s] Level 1:colcon.colcon_core.package_identification:_identify(robot_bringup) by extensions ['colcon_pkg']
[0.275s] Level 1:colcon.colcon_core.package_identification:_identify(robot_bringup) by extension 'colcon_pkg'
[0.275s] Level 1:colcon.colcon_core.package_identification:_identify(robot_bringup) by extensions ['colcon_meta']
[0.275s] Level 1:colcon.colcon_core.package_identification:_identify(robot_bringup) by extension 'colcon_meta'
[0.275s] Level 1:colcon.colcon_core.package_identification:_identify(robot_bringup) by extensions ['ros']
[0.275s] Level 1:colcon.colcon_core.package_identification:_identify(robot_bringup) by extension 'ros'
[0.276s] DEBUG:colcon.colcon_core.package_identification:Package 'robot_bringup' with type 'ros.ament_cmake' and name 'robot_bringup'
[0.276s] Level 1:colcon.colcon_core.package_identification:_identify(robot_description) by extensions ['ignore', 'ignore_ament_install']
[0.276s] Level 1:colcon.colcon_core.package_identification:_identify(robot_description) by extension 'ignore'
[0.276s] Level 1:colcon.colcon_core.package_identification:_identify(robot_description) by extension 'ignore_ament_install'
[0.276s] Level 1:colcon.colcon_core.package_identification:_identify(robot_description) by extensions ['colcon_pkg']
[0.276s] Level 1:colcon.colcon_core.package_identification:_identify(robot_description) by extension 'colcon_pkg'
[0.276s] Level 1:colcon.colcon_core.package_identification:_identify(robot_description) by extensions ['colcon_meta']
[0.276s] Level 1:colcon.colcon_core.package_identification:_identify(robot_description) by extension 'colcon_meta'
[0.276s] Level 1:colcon.colcon_core.package_identification:_identify(robot_description) by extensions ['ros']
[0.276s] Level 1:colcon.colcon_core.package_identification:_identify(robot_description) by extension 'ros'
[0.276s] DEBUG:colcon.colcon_core.package_identification:Package 'robot_description' with type 'ros.ament_cmake' and name 'robot_description'
[0.276s] Level 1:colcon.colcon_core.package_discovery:discover_packages(recursive) using defaults
[0.276s] Level 1:colcon.colcon_core.package_discovery:discover_packages(ignore) discover
[0.277s] Level 1:colcon.colcon_core.package_discovery:discover_packages(ignore) using defaults
[0.277s] Level 1:colcon.colcon_core.package_discovery:discover_packages(path) discover
[0.277s] Level 1:colcon.colcon_core.package_discovery:discover_packages(path) using defaults
[0.297s] Level 1:colcon.colcon_core.package_discovery:discover_packages(prefix_path) check parameters
[0.297s] Level 1:colcon.colcon_core.package_discovery:discover_packages(prefix_path) discover
[0.299s] DEBUG:colcon.colcon_installed_package_information.package_discovery:Found 17 installed packages in /home/shaman/ros2_ws/install
[0.300s] DEBUG:colcon.colcon_installed_package_information.package_discovery:Found 304 installed packages in /opt/ros/humble
[0.308s] Level 1:colcon.colcon_core.package_discovery:discover_packages(prefix_path) using defaults
[0.336s] Level 5:colcon.colcon_core.verb:set package 'my_robot_controller_lidar' build argument 'cmake_args' from command line to 'None'
[0.336s] Level 5:colcon.colcon_core.verb:set package 'my_robot_controller_lidar' build argument 'cmake_target' from command line to 'None'
[0.336s] Level 5:colcon.colcon_core.verb:set package 'my_robot_controller_lidar' build argument 'cmake_target_skip_unavailable' from command line to 'False'
[0.336s] Level 5:colcon.colcon_core.verb:set package 'my_robot_controller_lidar' build argument 'cmake_clean_cache' from command line to 'False'
[0.336s] Level 5:colcon.colcon_core.verb:set package 'my_robot_controller_lidar' build argument 'cmake_clean_first' from command line to 'False'
[0.336s] Level 5:colcon.colcon_core.verb:set package 'my_robot_controller_lidar' build argument 'cmake_force_configure' from command line to 'False'
[0.336s] Level 5:colcon.colcon_core.verb:set package 'my_robot_controller_lidar' build argument 'ament_cmake_args' from command line to 'None'
[0.336s] Level 5:colcon.colcon_core.verb:set package 'my_robot_controller_lidar' build argument 'catkin_cmake_args' from command line to 'None'
[0.336s] Level 5:colcon.colcon_core.verb:set package 'my_robot_controller_lidar' build argument 'catkin_skip_building_tests' from command line to 'False'
[0.336s] DEBUG:colcon.colcon_core.verb:Building package 'my_robot_controller_lidar' with the following arguments: {'ament_cmake_args': None, 'build_base': '/home/shaman/ros2_ws/src/ROS_N6/ex04/build/my_robot_controller_lidar', 'catkin_cmake_args': None, 'catkin_skip_building_tests': False, 'cmake_args': None, 'cmake_clean_cache': False, 'cmake_clean_first': False, 'cmake_force_configure': False, 'cmake_target': None, 'cmake_target_skip_unavailable': False, 'install_base': '/home/shaman/ros2_ws/src/ROS_N6/ex04/install/my_robot_controller_lidar', 'merge_install': False, 'path': '/home/shaman/ros2_ws/src/ROS_N6/ex04/my_robot_controller_lidar', 'symlink_install': False, 'test_result_base': None}
[0.336s] Level 5:colcon.colcon_core.verb:set package 'robot_app' build argument 'cmake_args' from command line to 'None'
[0.336s] Level 5:colcon.colcon_core.verb:set package 'robot_app' build argument 'cmake_target' from command line to 'None'
[0.336s] Level 5:colcon.colcon_core.verb:set package 'robot_app' build argument 'cmake_target_skip_unavailable' from command line to 'False'
[0.336s] Level 5:colcon.colcon_core.verb:set package 'robot_app' build argument 'cmake_clean_cache' from command line to 'False'
[0.336s] Level 5:colcon.colcon_core.verb:set package 'robot_app' build argument 'cmake_clean_first' from command line to 'False'
[0.336s] Level 5:colcon.colcon_core.verb:set package 'robot_app' build argument 'cmake_force_configure' from command line to 'False'
[0.336s] Level 5:colcon.colcon_core.verb:set package 'robot_app' build argument 'ament_cmake_args' from command line to 'None'
[0.336s] Level 5:colcon.colcon_core.verb:set package 'robot_app' build argument 'catkin_cmake_args' from command line to 'None'
[0.336s] Level 5:colcon.colcon_core.verb:set package 'robot_app' build argument 'catkin_skip_building_tests' from command line to 'False'
[0.336s] DEBUG:colcon.colcon_core.verb:Building package 'robot_app' with the following arguments: {'ament_cmake_args': None, 'build_base': '/home/shaman/ros2_ws/src/ROS_N6/ex04/build/robot_app', 'catkin_cmake_args': None, 'catkin_skip_building_tests': False, 'cmake_args': None, 'cmake_clean_cache': False, 'cmake_clean_first': False, 'cmake_force_configure': False, 'cmake_target': None, 'cmake_target_skip_unavailable': False, 'install_base': '/home/shaman/ros2_ws/src/ROS_N6/ex04/install/robot_app', 'merge_install': False, 'path': '/home/shaman/ros2_ws/src/ROS_N6/ex04/robot_app', 'symlink_install': False, 'test_result_base': None}
[0.336s] Level 5:colcon.colcon_core.verb:set package 'robot_bringup' build argument 'cmake_args' from command line to 'None'
[0.336s] Level 5:colcon.colcon_core.verb:set package 'robot_bringup' build argument 'cmake_target' from command line to 'None'
[0.336s] Level 5:colcon.colcon_core.verb:set package 'robot_bringup' build argument 'cmake_target_skip_unavailable' from command line to 'False'
[0.336s] Level 5:colcon.colcon_core.verb:set package 'robot_bringup' build argument 'cmake_clean_cache' from command line to 'False'
[0.336s] Level 5:colcon.colcon_core.verb:set package 'robot_bringup' build argument 'cmake_clean_first' from command line to 'False'
[0.337s] Level 5:colcon.colcon_core.verb:set package 'robot_bringup' build argument 'cmake_force_configure' from command line to 'False'
[0.337s] Level 5:colcon.colcon_core.verb:set package 'robot_bringup' build argument 'ament_cmake_args' from command line to 'None'
[0.337s] Level 5:colcon.colcon_core.verb:set package 'robot_bringup' build argument 'catkin_cmake_args' from command line to 'None'
[0.337s] Level 5:colcon.colcon_core.verb:set package 'robot_bringup' build argument 'catkin_skip_building_tests' from command line to 'False'
[0.337s] DEBUG:colcon.colcon_core.verb:Building package 'robot_bringup' with the following arguments: {'ament_cmake_args': None, 'build_base': '/home/shaman/ros2_ws/src/ROS_N6/ex04/build/robot_bringup', 'catkin_cmake_args': None, 'catkin_skip_building_tests': False, 'cmake_args': None, 'cmake_clean_cache': False, 'cmake_clean_first': False, 'cmake_force_configure': False, 'cmake_target': None, 'cmake_target_skip_unavailable': False, 'install_base': '/home/shaman/ros2_ws/src/ROS_N6/ex04/install/robot_bringup', 'merge_install': False, 'path': '/home/shaman/ros2_ws/src/ROS_N6/ex04/robot_bringup', 'symlink_install': False, 'test_result_base': None}
[0.337s] Level 5:colcon.colcon_core.verb:set package 'robot_description' build argument 'cmake_args' from command line to 'None'
[0.337s] Level 5:colcon.colcon_core.verb:set package 'robot_description' build argument 'cmake_target' from command line to 'None'
[0.337s] Level 5:colcon.colcon_core.verb:set package 'robot_description' build argument 'cmake_target_skip_unavailable' from command line to 'False'
[0.337s] Level 5:colcon.colcon_core.verb:set package 'robot_description' build argument 'cmake_clean_cache' from command line to 'False'
[0.337s] Level 5:colcon.colcon_core.verb:set package 'robot_description' build argument 'cmake_clean_first' from command line to 'False'
[0.337s] Level 5:colcon.colcon_core.verb:set package 'robot_description' build argument 'cmake_force_configure' from command line to 'False'
[0.337s] Level 5:colcon.colcon_core.verb:set package 'robot_description' build argument 'ament_cmake_args' from command line to 'None'
[0.337s] Level 5:colcon.colcon_core.verb:set package 'robot_description' build argument 'catkin_cmake_args' from command line to 'None'
[0.337s] Level 5:colcon.colcon_core.verb:set package 'robot_description' build argument 'catkin_skip_building_tests' from command line to 'False'
[0.337s] DEBUG:colcon.colcon_core.verb:Building package 'robot_description' with the following arguments: {'ament_cmake_args': None, 'build_base': '/home/shaman/ros2_ws/src/ROS_N6/ex04/build/robot_description', 'catkin_cmake_args': None, 'catkin_skip_building_tests': False, 'cmake_args': None, 'cmake_clean_cache': False, 'cmake_clean_first': False, 'cmake_force_configure': False, 'cmake_target': None, 'cmake_target_skip_unavailable': False, 'install_base': '/home/shaman/ros2_ws/src/ROS_N6/ex04/install/robot_description', 'merge_install': False, 'path': '/home/shaman/ros2_ws/src/ROS_N6/ex04/robot_description', 'symlink_install': False, 'test_result_base': None}
[0.337s] INFO:colcon.colcon_core.executor:Executing jobs using 'parallel' executor
[0.338s] DEBUG:colcon.colcon_parallel_executor.executor.parallel:run_until_complete
[0.338s] INFO:colcon.colcon_ros.task.ament_cmake.build:Building ROS package in '/home/shaman/ros2_ws/src/ROS_N6/ex04/my_robot_controller_lidar' with build type 'ament_cmake'
[0.338s] INFO:colcon.colcon_cmake.task.cmake.build:Building CMake package in '/home/shaman/ros2_ws/src/ROS_N6/ex04/my_robot_controller_lidar'
[0.340s] INFO:colcon.colcon_core.plugin_system:Skipping extension 'colcon_core.shell.bat': Not used on non-Windows systems
[0.340s] INFO:colcon.colcon_core.shell:Skip shell extension 'powershell' for command environment: Not usable outside of PowerShell
[0.340s] DEBUG:colcon.colcon_core.shell:Skip shell extension 'dsv' for command environment
[0.343s] INFO:colcon.colcon_ros.task.ament_cmake.build:Building ROS package in '/home/shaman/ros2_ws/src/ROS_N6/ex04/robot_app' with build type 'ament_cmake'
[0.343s] INFO:colcon.colcon_cmake.task.cmake.build:Building CMake package in '/home/shaman/ros2_ws/src/ROS_N6/ex04/robot_app'
[0.343s] INFO:colcon.colcon_core.shell:Skip shell extension 'powershell' for command environment: Not usable outside of PowerShell
[0.343s] DEBUG:colcon.colcon_core.shell:Skip shell extension 'dsv' for command environment
[0.346s] INFO:colcon.colcon_ros.task.ament_cmake.build:Building ROS package in '/home/shaman/ros2_ws/src/ROS_N6/ex04/robot_bringup' with build type 'ament_cmake'
[0.346s] INFO:colcon.colcon_cmake.task.cmake.build:Building CMake package in '/home/shaman/ros2_ws/src/ROS_N6/ex04/robot_bringup'
[0.346s] INFO:colcon.colcon_core.shell:Skip shell extension 'powershell' for command environment: Not usable outside of PowerShell
[0.346s] DEBUG:colcon.colcon_core.shell:Skip shell extension 'dsv' for command environment
[0.348s] INFO:colcon.colcon_ros.task.ament_cmake.build:Building ROS package in '/home/shaman/ros2_ws/src/ROS_N6/ex04/robot_description' with build type 'ament_cmake'
[0.349s] INFO:colcon.colcon_cmake.task.cmake.build:Building CMake package in '/home/shaman/ros2_ws/src/ROS_N6/ex04/robot_description'
[0.349s] INFO:colcon.colcon_core.shell:Skip shell extension 'powershell' for command environment: Not usable outside of PowerShell
[0.349s] DEBUG:colcon.colcon_core.shell:Skip shell extension 'dsv' for command environment
[0.355s] DEBUG:colcon.colcon_core.event_handler.log_command:Invoking command in '/home/shaman/ros2_ws/src/ROS_N6/ex04/build/my_robot_controller_lidar': CMAKE_PREFIX_PATH=${CMAKE_PREFIX_PATH}:/opt/ros/humble /usr/bin/cmake --build /home/shaman/ros2_ws/src/ROS_N6/ex04/build/my_robot_controller_lidar -- -j12 -l12
[0.358s] DEBUG:colcon.colcon_core.event_handler.log_command:Invoking command in '/home/shaman/ros2_ws/src/ROS_N6/ex04/build/robot_app': CMAKE_PREFIX_PATH=${CMAKE_PREFIX_PATH}:/opt/ros/humble /usr/bin/cmake --build /home/shaman/ros2_ws/src/ROS_N6/ex04/build/robot_app -- -j12 -l12
[0.360s] DEBUG:colcon.colcon_core.event_handler.log_command:Invoking command in '/home/shaman/ros2_ws/src/ROS_N6/ex04/build/robot_bringup': CMAKE_PREFIX_PATH=${CMAKE_PREFIX_PATH}:/opt/ros/humble /usr/bin/cmake --build /home/shaman/ros2_ws/src/ROS_N6/ex04/build/robot_bringup -- -j12 -l12
[0.363s] DEBUG:colcon.colcon_core.event_handler.log_command:Invoking command in '/home/shaman/ros2_ws/src/ROS_N6/ex04/build/robot_description': CMAKE_PREFIX_PATH=${CMAKE_PREFIX_PATH}:/opt/ros/humble /usr/bin/cmake --build /home/shaman/ros2_ws/src/ROS_N6/ex04/build/robot_description -- -j12 -l12
[0.384s] DEBUG:colcon.colcon_core.event_handler.log_command:Invoked command in '/home/shaman/ros2_ws/src/ROS_N6/ex04/build/robot_app' returned '0': CMAKE_PREFIX_PATH=${CMAKE_PREFIX_PATH}:/opt/ros/humble /usr/bin/cmake --build /home/shaman/ros2_ws/src/ROS_N6/ex04/build/robot_app -- -j12 -l12
[0.386s] DEBUG:colcon.colcon_core.event_handler.log_command:Invoked command in '/home/shaman/ros2_ws/src/ROS_N6/ex04/build/robot_bringup' returned '0': CMAKE_PREFIX_PATH=${CMAKE_PREFIX_PATH}:/opt/ros/humble /usr/bin/cmake --build /home/shaman/ros2_ws/src/ROS_N6/ex04/build/robot_bringup -- -j12 -l12
[0.389s] DEBUG:colcon.colcon_core.event_handler.log_command:Invoked command in '/home/shaman/ros2_ws/src/ROS_N6/ex04/build/robot_description' returned '0': CMAKE_PREFIX_PATH=${CMAKE_PREFIX_PATH}:/opt/ros/humble /usr/bin/cmake --build /home/shaman/ros2_ws/src/ROS_N6/ex04/build/robot_description -- -j12 -l12
[0.406s] DEBUG:colcon.colcon_core.event_handler.log_command:Invoking command in '/home/shaman/ros2_ws/src/ROS_N6/ex04/build/robot_app': CMAKE_PREFIX_PATH=${CMAKE_PREFIX_PATH}:/opt/ros/humble /usr/bin/cmake --install /home/shaman/ros2_ws/src/ROS_N6/ex04/build/robot_app
[0.407s] DEBUG:colcon.colcon_core.event_handler.log_command:Invoking command in '/home/shaman/ros2_ws/src/ROS_N6/ex04/build/robot_bringup': CMAKE_PREFIX_PATH=${CMAKE_PREFIX_PATH}:/opt/ros/humble /usr/bin/cmake --install /home/shaman/ros2_ws/src/ROS_N6/ex04/build/robot_bringup
[0.408s] DEBUG:colcon.colcon_core.event_handler.log_command:Invoking command in '/home/shaman/ros2_ws/src/ROS_N6/ex04/build/robot_description': CMAKE_PREFIX_PATH=${CMAKE_PREFIX_PATH}:/opt/ros/humble /usr/bin/cmake --install /home/shaman/ros2_ws/src/ROS_N6/ex04/build/robot_description
[0.412s] Level 1:colcon.colcon_core.environment:create_environment_scripts_only(robot_app)
[0.415s] DEBUG:colcon.colcon_core.event_handler.log_command:Invoked command in '/home/shaman/ros2_ws/src/ROS_N6/ex04/build/robot_app' returned '0': CMAKE_PREFIX_PATH=${CMAKE_PREFIX_PATH}:/opt/ros/humble /usr/bin/cmake --install /home/shaman/ros2_ws/src/ROS_N6/ex04/build/robot_app
[0.417s] Level 1:colcon.colcon_core.environment:checking '/home/shaman/ros2_ws/src/ROS_N6/ex04/install/robot_app' for CMake module files
[0.418s] Level 1:colcon.colcon_core.environment:checking '/home/shaman/ros2_ws/src/ROS_N6/ex04/install/robot_app' for CMake config files
[0.418s] Level 1:colcon.colcon_core.shell:create_environment_hook('robot_app', 'cmake_prefix_path')
[0.418s] INFO:colcon.colcon_core.shell:Creating environment hook '/home/shaman/ros2_ws/src/ROS_N6/ex04/install/robot_app/share/robot_app/hook/cmake_prefix_path.ps1'
[0.419s] INFO:colcon.colcon_core.shell:Creating environment descriptor '/home/shaman/ros2_ws/src/ROS_N6/ex04/install/robot_app/share/robot_app/hook/cmake_prefix_path.dsv'
[0.419s] INFO:colcon.colcon_core.shell:Creating environment hook '/home/shaman/ros2_ws/src/ROS_N6/ex04/install/robot_app/share/robot_app/hook/cmake_prefix_path.sh'
[0.420s] Level 1:colcon.colcon_core.environment:checking '/home/shaman/ros2_ws/src/ROS_N6/ex04/install/robot_app/bin'
[0.420s] Level 1:colcon.colcon_core.environment:checking '/home/shaman/ros2_ws/src/ROS_N6/ex04/install/robot_app/lib/pkgconfig/robot_app.pc'
[0.420s] Level 1:colcon.colcon_core.environment:checking '/home/shaman/ros2_ws/src/ROS_N6/ex04/install/robot_app/lib/python3.10/site-packages'
[0.420s] Level 1:colcon.colcon_core.environment:checking '/home/shaman/ros2_ws/src/ROS_N6/ex04/install/robot_app/bin'
[0.420s] INFO:colcon.colcon_core.shell:Creating package script '/home/shaman/ros2_ws/src/ROS_N6/ex04/install/robot_app/share/robot_app/package.ps1'
[0.421s] INFO:colcon.colcon_core.shell:Creating package descriptor '/home/shaman/ros2_ws/src/ROS_N6/ex04/install/robot_app/share/robot_app/package.dsv'
[0.421s] INFO:colcon.colcon_core.shell:Creating package script '/home/shaman/ros2_ws/src/ROS_N6/ex04/install/robot_app/share/robot_app/package.sh'
[0.422s] INFO:colcon.colcon_core.shell:Creating package script '/home/shaman/ros2_ws/src/ROS_N6/ex04/install/robot_app/share/robot_app/package.bash'
[0.422s] INFO:colcon.colcon_core.shell:Creating package script '/home/shaman/ros2_ws/src/ROS_N6/ex04/install/robot_app/share/robot_app/package.zsh'
[0.423s] Level 1:colcon.colcon_core.environment:create_file_with_runtime_dependencies(/home/shaman/ros2_ws/src/ROS_N6/ex04/install/robot_app/share/colcon-core/packages/robot_app)
[0.424s] Level 1:colcon.colcon_core.environment:create_environment_scripts_only(robot_bringup)
[0.424s] Level 1:colcon.colcon_core.environment:checking '/home/shaman/ros2_ws/src/ROS_N6/ex04/install/robot_bringup' for CMake module files
[0.425s] DEBUG:colcon.colcon_core.event_handler.log_command:Invoked command in '/home/shaman/ros2_ws/src/ROS_N6/ex04/build/robot_bringup' returned '0': CMAKE_PREFIX_PATH=${CMAKE_PREFIX_PATH}:/opt/ros/humble /usr/bin/cmake --install /home/shaman/ros2_ws/src/ROS_N6/ex04/build/robot_bringup
[0.425s] Level 1:colcon.colcon_core.environment:checking '/home/shaman/ros2_ws/src/ROS_N6/ex04/install/robot_bringup' for CMake config files
[0.425s] Level 1:colcon.colcon_core.shell:create_environment_hook('robot_bringup', 'cmake_prefix_path')
[0.425s] INFO:colcon.colcon_core.shell:Creating environment hook '/home/shaman/ros2_ws/src/ROS_N6/ex04/install/robot_bringup/share/robot_bringup/hook/cmake_prefix_path.ps1'
[0.425s] INFO:colcon.colcon_core.shell:Creating environment descriptor '/home/shaman/ros2_ws/src/ROS_N6/ex04/install/robot_bringup/share/robot_bringup/hook/cmake_prefix_path.dsv'
[0.426s] INFO:colcon.colcon_core.shell:Creating environment hook '/home/shaman/ros2_ws/src/ROS_N6/ex04/install/robot_bringup/share/robot_bringup/hook/cmake_prefix_path.sh'
[0.426s] Level 1:colcon.colcon_core.environment:checking '/home/shaman/ros2_ws/src/ROS_N6/ex04/install/robot_bringup/bin'
[0.426s] Level 1:colcon.colcon_core.environment:checking '/home/shaman/ros2_ws/src/ROS_N6/ex04/install/robot_bringup/lib/pkgconfig/robot_bringup.pc'
[0.426s] Level 1:colcon.colcon_core.environment:checking '/home/shaman/ros2_ws/src/ROS_N6/ex04/install/robot_bringup/lib/python3.10/site-packages'
[0.426s] Level 1:colcon.colcon_core.environment:checking '/home/shaman/ros2_ws/src/ROS_N6/ex04/install/robot_bringup/bin'
[0.426s] INFO:colcon.colcon_core.shell:Creating package script '/home/shaman/ros2_ws/src/ROS_N6/ex04/install/robot_bringup/share/robot_bringup/package.ps1'
[0.427s] INFO:colcon.colcon_core.shell:Creating package descriptor '/home/shaman/ros2_ws/src/ROS_N6/ex04/install/robot_bringup/share/robot_bringup/package.dsv'
[0.427s] INFO:colcon.colcon_core.shell:Creating package script '/home/shaman/ros2_ws/src/ROS_N6/ex04/install/robot_bringup/share/robot_bringup/package.sh'
[0.427s] INFO:colcon.colcon_core.shell:Creating package script '/home/shaman/ros2_ws/src/ROS_N6/ex04/install/robot_bringup/share/robot_bringup/package.bash'
[0.427s] INFO:colcon.colcon_core.shell:Creating package script '/home/shaman/ros2_ws/src/ROS_N6/ex04/install/robot_bringup/share/robot_bringup/package.zsh'
[0.427s] Level 1:colcon.colcon_core.environment:create_file_with_runtime_dependencies(/home/shaman/ros2_ws/src/ROS_N6/ex04/install/robot_bringup/share/colcon-core/packages/robot_bringup)
[0.428s] Level 1:colcon.colcon_core.environment:create_environment_scripts_only(robot_description)
[0.428s] Level 1:colcon.colcon_core.environment:checking '/home/shaman/ros2_ws/src/ROS_N6/ex04/install/robot_description' for CMake module files
[0.429s] DEBUG:colcon.colcon_core.event_handler.log_command:Invoked command in '/home/shaman/ros2_ws/src/ROS_N6/ex04/build/robot_description' returned '0': CMAKE_PREFIX_PATH=${CMAKE_PREFIX_PATH}:/opt/ros/humble /usr/bin/cmake --install /home/shaman/ros2_ws/src/ROS_N6/ex04/build/robot_description
[0.429s] Level 1:colcon.colcon_core.environment:checking '/home/shaman/ros2_ws/src/ROS_N6/ex04/install/robot_description' for CMake config files
[0.429s] Level 1:colcon.colcon_core.shell:create_environment_hook('robot_description', 'cmake_prefix_path')
[0.429s] INFO:colcon.colcon_core.shell:Creating environment hook '/home/shaman/ros2_ws/src/ROS_N6/ex04/install/robot_description/share/robot_description/hook/cmake_prefix_path.ps1'
[0.429s] INFO:colcon.colcon_core.shell:Creating environment descriptor '/home/shaman/ros2_ws/src/ROS_N6/ex04/install/robot_description/share/robot_description/hook/cmake_prefix_path.dsv'
[0.429s] INFO:colcon.colcon_core.shell:Creating environment hook '/home/shaman/ros2_ws/src/ROS_N6/ex04/install/robot_description/share/robot_description/hook/cmake_prefix_path.sh'
[0.430s] Level 1:colcon.colcon_core.environment:checking '/home/shaman/ros2_ws/src/ROS_N6/ex04/install/robot_description/bin'
[0.430s] Level 1:colcon.colcon_core.environment:checking '/home/shaman/ros2_ws/src/ROS_N6/ex04/install/robot_description/lib/pkgconfig/robot_description.pc'
[0.430s] Level 1:colcon.colcon_core.environment:checking '/home/shaman/ros2_ws/src/ROS_N6/ex04/install/robot_description/lib/python3.10/site-packages'
[0.430s] Level 1:colcon.colcon_core.environment:checking '/home/shaman/ros2_ws/src/ROS_N6/ex04/install/robot_description/bin'
[0.431s] INFO:colcon.colcon_core.shell:Creating package script '/home/shaman/ros2_ws/src/ROS_N6/ex04/install/robot_description/share/robot_description/package.ps1'
[0.431s] INFO:colcon.colcon_core.shell:Creating package descriptor '/home/shaman/ros2_ws/src/ROS_N6/ex04/install/robot_description/share/robot_description/package.dsv'
[0.431s] INFO:colcon.colcon_core.shell:Creating package script '/home/shaman/ros2_ws/src/ROS_N6/ex04/install/robot_description/share/robot_description/package.sh'
[0.431s] INFO:colcon.colcon_core.shell:Creating package script '/home/shaman/ros2_ws/src/ROS_N6/ex04/install/robot_description/share/robot_description/package.bash'
[0.431s] INFO:colcon.colcon_core.shell:Creating package script '/home/shaman/ros2_ws/src/ROS_N6/ex04/install/robot_description/share/robot_description/package.zsh'
[0.432s] Level 1:colcon.colcon_core.environment:create_file_with_runtime_dependencies(/home/shaman/ros2_ws/src/ROS_N6/ex04/install/robot_description/share/colcon-core/packages/robot_description)
[0.438s] Level 1:colcon.colcon_core.environment:create_environment_scripts_only(robot_app)
[0.439s] Level 1:colcon.colcon_core.environment:checking '/home/shaman/ros2_ws/src/ROS_N6/ex04/install/robot_app' for CMake module files
[0.439s] Level 1:colcon.colcon_core.environment:checking '/home/shaman/ros2_ws/src/ROS_N6/ex04/install/robot_app' for CMake config files
[0.439s] Level 1:colcon.colcon_core.shell:create_environment_hook('robot_app', 'cmake_prefix_path')
[0.439s] INFO:colcon.colcon_core.shell:Creating environment hook '/home/shaman/ros2_ws/src/ROS_N6/ex04/install/robot_app/share/robot_app/hook/cmake_prefix_path.ps1'
[0.440s] INFO:colcon.colcon_core.shell:Creating environment descriptor '/home/shaman/ros2_ws/src/ROS_N6/ex04/install/robot_app/share/robot_app/hook/cmake_prefix_path.dsv'
[0.440s] INFO:colcon.colcon_core.shell:Creating environment hook '/home/shaman/ros2_ws/src/ROS_N6/ex04/install/robot_app/share/robot_app/hook/cmake_prefix_path.sh'
[0.440s] Level 1:colcon.colcon_core.environment:checking '/home/shaman/ros2_ws/src/ROS_N6/ex04/install/robot_app/bin'
[0.440s] Level 1:colcon.colcon_core.environment:checking '/home/shaman/ros2_ws/src/ROS_N6/ex04/install/robot_app/lib/pkgconfig/robot_app.pc'
[0.441s] Level 1:colcon.colcon_core.environment:checking '/home/shaman/ros2_ws/src/ROS_N6/ex04/install/robot_app/lib/python3.10/site-packages'
[0.441s] Level 1:colcon.colcon_core.environment:checking '/home/shaman/ros2_ws/src/ROS_N6/ex04/install/robot_app/bin'
[0.441s] INFO:colcon.colcon_core.shell:Creating package script '/home/shaman/ros2_ws/src/ROS_N6/ex04/install/robot_app/share/robot_app/package.ps1'
[0.441s] INFO:colcon.colcon_core.shell:Creating package descriptor '/home/shaman/ros2_ws/src/ROS_N6/ex04/install/robot_app/share/robot_app/package.dsv'
[0.442s] INFO:colcon.colcon_core.shell:Creating package script '/home/shaman/ros2_ws/src/ROS_N6/ex04/install/robot_app/share/robot_app/package.sh'
[0.442s] INFO:colcon.colcon_core.shell:Creating package script '/home/shaman/ros2_ws/src/ROS_N6/ex04/install/robot_app/share/robot_app/package.bash'
[0.443s] INFO:colcon.colcon_core.shell:Creating package script '/home/shaman/ros2_ws/src/ROS_N6/ex04/install/robot_app/share/robot_app/package.zsh'
[0.443s] Level 1:colcon.colcon_core.environment:create_file_with_runtime_dependencies(/home/shaman/ros2_ws/src/ROS_N6/ex04/install/robot_app/share/colcon-core/packages/robot_app)
[0.444s] Level 1:colcon.colcon_core.environment:create_environment_scripts_only(robot_bringup)
[0.444s] Level 1:colcon.colcon_core.environment:checking '/home/shaman/ros2_ws/src/ROS_N6/ex04/install/robot_bringup' for CMake module files
[0.444s] Level 1:colcon.colcon_core.environment:checking '/home/shaman/ros2_ws/src/ROS_N6/ex04/install/robot_bringup' for CMake config files
[0.445s] Level 1:colcon.colcon_core.shell:create_environment_hook('robot_bringup', 'cmake_prefix_path')
[0.445s] INFO:colcon.colcon_core.shell:Creating environment hook '/home/shaman/ros2_ws/src/ROS_N6/ex04/install/robot_bringup/share/robot_bringup/hook/cmake_prefix_path.ps1'
[0.445s] INFO:colcon.colcon_core.shell:Creating environment descriptor '/home/shaman/ros2_ws/src/ROS_N6/ex04/install/robot_bringup/share/robot_bringup/hook/cmake_prefix_path.dsv'
[0.445s] INFO:colcon.colcon_core.shell:Creating environment hook '/home/shaman/ros2_ws/src/ROS_N6/ex04/install/robot_bringup/share/robot_bringup/hook/cmake_prefix_path.sh'
[0.446s] Level 1:colcon.colcon_core.environment:checking '/home/shaman/ros2_ws/src/ROS_N6/ex04/install/robot_bringup/bin'
[0.446s] Level 1:colcon.colcon_core.environment:checking '/home/shaman/ros2_ws/src/ROS_N6/ex04/install/robot_bringup/lib/pkgconfig/robot_bringup.pc'
[0.446s] Level 1:colcon.colcon_core.environment:checking '/home/shaman/ros2_ws/src/ROS_N6/ex04/install/robot_bringup/lib/python3.10/site-packages'
[0.446s] Level 1:colcon.colcon_core.environment:checking '/home/shaman/ros2_ws/src/ROS_N6/ex04/install/robot_bringup/bin'
[0.446s] INFO:colcon.colcon_core.shell:Creating package script '/home/shaman/ros2_ws/src/ROS_N6/ex04/install/robot_bringup/share/robot_bringup/package.ps1'
[0.447s] INFO:colcon.colcon_core.shell:Creating package descriptor '/home/shaman/ros2_ws/src/ROS_N6/ex04/install/robot_bringup/share/robot_bringup/package.dsv'
[0.447s] INFO:colcon.colcon_core.shell:Creating package script '/home/shaman/ros2_ws/src/ROS_N6/ex04/install/robot_bringup/share/robot_bringup/package.sh'
[0.447s] INFO:colcon.colcon_core.shell:Creating package script '/home/shaman/ros2_ws/src/ROS_N6/ex04/install/robot_bringup/share/robot_bringup/package.bash'
[0.448s] INFO:colcon.colcon_core.shell:Creating package script '/home/shaman/ros2_ws/src/ROS_N6/ex04/install/robot_bringup/share/robot_bringup/package.zsh'
[0.448s] Level 1:colcon.colcon_core.environment:create_file_with_runtime_dependencies(/home/shaman/ros2_ws/src/ROS_N6/ex04/install/robot_bringup/share/colcon-core/packages/robot_bringup)
[0.449s] Level 1:colcon.colcon_core.environment:create_environment_scripts_only(robot_description)
[0.449s] Level 1:colcon.colcon_core.environment:checking '/home/shaman/ros2_ws/src/ROS_N6/ex04/install/robot_description' for CMake module files
[0.449s] Level 1:colcon.colcon_core.environment:checking '/home/shaman/ros2_ws/src/ROS_N6/ex04/install/robot_description' for CMake config files
[0.450s] Level 1:colcon.colcon_core.shell:create_environment_hook('robot_description', 'cmake_prefix_path')
[0.450s] INFO:colcon.colcon_core.shell:Creating environment hook '/home/shaman/ros2_ws/src/ROS_N6/ex04/install/robot_description/share/robot_description/hook/cmake_prefix_path.ps1'
[0.450s] INFO:colcon.colcon_core.shell:Creating environment descriptor '/home/shaman/ros2_ws/src/ROS_N6/ex04/install/robot_description/share/robot_description/hook/cmake_prefix_path.dsv'
[0.451s] INFO:colcon.colcon_core.shell:Creating environment hook '/home/shaman/ros2_ws/src/ROS_N6/ex04/install/robot_description/share/robot_description/hook/cmake_prefix_path.sh'
[0.451s] Level 1:colcon.colcon_core.environment:checking '/home/shaman/ros2_ws/src/ROS_N6/ex04/install/robot_description/bin'
[0.451s] Level 1:colcon.colcon_core.environment:checking '/home/shaman/ros2_ws/src/ROS_N6/ex04/install/robot_description/lib/pkgconfig/robot_description.pc'
[0.452s] Level 1:colcon.colcon_core.environment:checking '/home/shaman/ros2_ws/src/ROS_N6/ex04/install/robot_description/lib/python3.10/site-packages'
[0.452s] Level 1:colcon.colcon_core.environment:checking '/home/shaman/ros2_ws/src/ROS_N6/ex04/install/robot_description/bin'
[0.452s] INFO:colcon.colcon_core.shell:Creating package script '/home/shaman/ros2_ws/src/ROS_N6/ex04/install/robot_description/share/robot_description/package.ps1'
[0.453s] INFO:colcon.colcon_core.shell:Creating package descriptor '/home/shaman/ros2_ws/src/ROS_N6/ex04/install/robot_description/share/robot_description/package.dsv'
[0.453s] INFO:colcon.colcon_core.shell:Creating package script '/home/shaman/ros2_ws/src/ROS_N6/ex04/install/robot_description/share/robot_description/package.sh'
[0.453s] INFO:colcon.colcon_core.shell:Creating package script '/home/shaman/ros2_ws/src/ROS_N6/ex04/install/robot_description/share/robot_description/package.bash'
[0.453s] INFO:colcon.colcon_core.shell:Creating package script '/home/shaman/ros2_ws/src/ROS_N6/ex04/install/robot_description/share/robot_description/package.zsh'
[0.453s] Level 1:colcon.colcon_core.environment:create_file_with_runtime_dependencies(/home/shaman/ros2_ws/src/ROS_N6/ex04/install/robot_description/share/colcon-core/packages/robot_description)
[7.018s] DEBUG:colcon.colcon_core.event_handler.log_command:Invoked command in '/home/shaman/ros2_ws/src/ROS_N6/ex04/build/my_robot_controller_lidar' returned '0': CMAKE_PREFIX_PATH=${CMAKE_PREFIX_PATH}:/opt/ros/humble /usr/bin/cmake --build /home/shaman/ros2_ws/src/ROS_N6/ex04/build/my_robot_controller_lidar -- -j12 -l12
[7.038s] DEBUG:colcon.colcon_core.event_handler.log_command:Invoking command in '/home/shaman/ros2_ws/src/ROS_N6/ex04/build/my_robot_controller_lidar': CMAKE_PREFIX_PATH=${CMAKE_PREFIX_PATH}:/opt/ros/humble /usr/bin/cmake --install /home/shaman/ros2_ws/src/ROS_N6/ex04/build/my_robot_controller_lidar
[7.048s] Level 1:colcon.colcon_core.environment:create_environment_scripts_only(my_robot_controller_lidar)
[7.048s] Level 1:colcon.colcon_core.environment:checking '/home/shaman/ros2_ws/src/ROS_N6/ex04/install/my_robot_controller_lidar' for CMake module files
[7.049s] DEBUG:colcon.colcon_core.event_handler.log_command:Invoked command in '/home/shaman/ros2_ws/src/ROS_N6/ex04/build/my_robot_controller_lidar' returned '0': CMAKE_PREFIX_PATH=${CMAKE_PREFIX_PATH}:/opt/ros/humble /usr/bin/cmake --install /home/shaman/ros2_ws/src/ROS_N6/ex04/build/my_robot_controller_lidar
[7.049s] Level 1:colcon.colcon_core.environment:checking '/home/shaman/ros2_ws/src/ROS_N6/ex04/install/my_robot_controller_lidar' for CMake config files
[7.049s] Level 1:colcon.colcon_core.shell:create_environment_hook('my_robot_controller_lidar', 'cmake_prefix_path')
[7.049s] INFO:colcon.colcon_core.shell:Creating environment hook '/home/shaman/ros2_ws/src/ROS_N6/ex04/install/my_robot_controller_lidar/share/my_robot_controller_lidar/hook/cmake_prefix_path.ps1'
[7.050s] INFO:colcon.colcon_core.shell:Creating environment descriptor '/home/shaman/ros2_ws/src/ROS_N6/ex04/install/my_robot_controller_lidar/share/my_robot_controller_lidar/hook/cmake_prefix_path.dsv'
[7.050s] INFO:colcon.colcon_core.shell:Creating environment hook '/home/shaman/ros2_ws/src/ROS_N6/ex04/install/my_robot_controller_lidar/share/my_robot_controller_lidar/hook/cmake_prefix_path.sh'
[7.050s] Level 1:colcon.colcon_core.environment:checking '/home/shaman/ros2_ws/src/ROS_N6/ex04/install/my_robot_controller_lidar/lib'
[7.050s] Level 1:colcon.colcon_core.environment:checking '/home/shaman/ros2_ws/src/ROS_N6/ex04/install/my_robot_controller_lidar/bin'
[7.050s] Level 1:colcon.colcon_core.environment:checking '/home/shaman/ros2_ws/src/ROS_N6/ex04/install/my_robot_controller_lidar/lib/pkgconfig/my_robot_controller_lidar.pc'
[7.050s] Level 1:colcon.colcon_core.environment:checking '/home/shaman/ros2_ws/src/ROS_N6/ex04/install/my_robot_controller_lidar/lib/python3.10/site-packages'
[7.051s] Level 1:colcon.colcon_core.environment:checking '/home/shaman/ros2_ws/src/ROS_N6/ex04/install/my_robot_controller_lidar/bin'
[7.051s] INFO:colcon.colcon_core.shell:Creating package script '/home/shaman/ros2_ws/src/ROS_N6/ex04/install/my_robot_controller_lidar/share/my_robot_controller_lidar/package.ps1'
[7.051s] INFO:colcon.colcon_core.shell:Creating package descriptor '/home/shaman/ros2_ws/src/ROS_N6/ex04/install/my_robot_controller_lidar/share/my_robot_controller_lidar/package.dsv'
[7.052s] INFO:colcon.colcon_core.shell:Creating package script '/home/shaman/ros2_ws/src/ROS_N6/ex04/install/my_robot_controller_lidar/share/my_robot_controller_lidar/package.sh'
[7.052s] INFO:colcon.colcon_core.shell:Creating package script '/home/shaman/ros2_ws/src/ROS_N6/ex04/install/my_robot_controller_lidar/share/my_robot_controller_lidar/package.bash'
[7.052s] INFO:colcon.colcon_core.shell:Creating package script '/home/shaman/ros2_ws/src/ROS_N6/ex04/install/my_robot_controller_lidar/share/my_robot_controller_lidar/package.zsh'
[7.052s] Level 1:colcon.colcon_core.environment:create_file_with_runtime_dependencies(/home/shaman/ros2_ws/src/ROS_N6/ex04/install/my_robot_controller_lidar/share/colcon-core/packages/my_robot_controller_lidar)
[7.072s] Level 1:colcon.colcon_core.environment:create_environment_scripts_only(my_robot_controller_lidar)
[7.072s] Level 1:colcon.colcon_core.environment:checking '/home/shaman/ros2_ws/src/ROS_N6/ex04/install/my_robot_controller_lidar' for CMake module files
[7.072s] Level 1:colcon.colcon_core.environment:checking '/home/shaman/ros2_ws/src/ROS_N6/ex04/install/my_robot_controller_lidar' for CMake config files
[7.072s] Level 1:colcon.colcon_core.shell:create_environment_hook('my_robot_controller_lidar', 'cmake_prefix_path')
[7.073s] INFO:colcon.colcon_core.shell:Creating environment hook '/home/shaman/ros2_ws/src/ROS_N6/ex04/install/my_robot_controller_lidar/share/my_robot_controller_lidar/hook/cmake_prefix_path.ps1'
[7.073s] INFO:colcon.colcon_core.shell:Creating environment descriptor '/home/shaman/ros2_ws/src/ROS_N6/ex04/install/my_robot_controller_lidar/share/my_robot_controller_lidar/hook/cmake_prefix_path.dsv'
[7.073s] INFO:colcon.colcon_core.shell:Creating environment hook '/home/shaman/ros2_ws/src/ROS_N6/ex04/install/my_robot_controller_lidar/share/my_robot_controller_lidar/hook/cmake_prefix_path.sh'
[7.073s] Level 1:colcon.colcon_core.environment:checking '/home/shaman/ros2_ws/src/ROS_N6/ex04/install/my_robot_controller_lidar/lib'
[7.074s] Level 1:colcon.colcon_core.environment:checking '/home/shaman/ros2_ws/src/ROS_N6/ex04/install/my_robot_controller_lidar/bin'
[7.074s] Level 1:colcon.colcon_core.environment:checking '/home/shaman/ros2_ws/src/ROS_N6/ex04/install/my_robot_controller_lidar/lib/pkgconfig/my_robot_controller_lidar.pc'
[7.074s] Level 1:colcon.colcon_core.environment:checking '/home/shaman/ros2_ws/src/ROS_N6/ex04/install/my_robot_controller_lidar/lib/python3.10/site-packages'
[7.074s] Level 1:colcon.colcon_core.environment:checking '/home/shaman/ros2_ws/src/ROS_N6/ex04/install/my_robot_controller_lidar/bin'
[7.074s] INFO:colcon.colcon_core.shell:Creating package script '/home/shaman/ros2_ws/src/ROS_N6/ex04/install/my_robot_controller_lidar/share/my_robot_controller_lidar/package.ps1'
[7.074s] INFO:colcon.colcon_core.shell:Creating package descriptor '/home/shaman/ros2_ws/src/ROS_N6/ex04/install/my_robot_controller_lidar/share/my_robot_controller_lidar/package.dsv'
[7.075s] INFO:colcon.colcon_core.shell:Creating package script '/home/shaman/ros2_ws/src/ROS_N6/ex04/install/my_robot_controller_lidar/share/my_robot_controller_lidar/package.sh'
[7.075s] INFO:colcon.colcon_core.shell:Creating package script '/home/shaman/ros2_ws/src/ROS_N6/ex04/install/my_robot_controller_lidar/share/my_robot_controller_lidar/package.bash'
[7.075s] INFO:colcon.colcon_core.shell:Creating package script '/home/shaman/ros2_ws/src/ROS_N6/ex04/install/my_robot_controller_lidar/share/my_robot_controller_lidar/package.zsh'
[7.075s] Level 1:colcon.colcon_core.environment:create_file_with_runtime_dependencies(/home/shaman/ros2_ws/src/ROS_N6/ex04/install/my_robot_controller_lidar/share/colcon-core/packages/my_robot_controller_lidar)
[7.075s] DEBUG:colcon.colcon_parallel_executor.executor.parallel:closing loop
[7.076s] DEBUG:colcon.colcon_parallel_executor.executor.parallel:loop closed
[7.076s] DEBUG:colcon.colcon_parallel_executor.executor.parallel:run_until_complete finished with '0'
[7.076s] DEBUG:colcon.colcon_core.event_reactor:joining thread
[7.080s] INFO:colcon.colcon_core.plugin_system:Skipping extension 'colcon_notification.desktop_notification.terminal_notifier': Not used on non-Darwin systems
[7.080s] INFO:colcon.colcon_core.plugin_system:Skipping extension 'colcon_notification.desktop_notification.win32': Not used on non-Windows systems
[7.080s] INFO:colcon.colcon_notification.desktop_notification:Sending desktop notification using 'notify2'
[7.090s] DEBUG:colcon.colcon_core.event_reactor:joined thread
[7.090s] INFO:colcon.colcon_core.shell:Creating prefix script '/home/shaman/ros2_ws/src/ROS_N6/ex04/install/local_setup.ps1'
[7.091s] INFO:colcon.colcon_core.shell:Creating prefix util module '/home/shaman/ros2_ws/src/ROS_N6/ex04/install/_local_setup_util_ps1.py'
[7.092s] INFO:colcon.colcon_core.shell:Creating prefix chain script '/home/shaman/ros2_ws/src/ROS_N6/ex04/install/setup.ps1'
[7.093s] INFO:colcon.colcon_core.shell:Creating prefix script '/home/shaman/ros2_ws/src/ROS_N6/ex04/install/local_setup.sh'
[7.094s] INFO:colcon.colcon_core.shell:Creating prefix util module '/home/shaman/ros2_ws/src/ROS_N6/ex04/install/_local_setup_util_sh.py'
[7.094s] INFO:colcon.colcon_core.shell:Creating prefix chain script '/home/shaman/ros2_ws/src/ROS_N6/ex04/install/setup.sh'
[7.095s] INFO:colcon.colcon_core.shell:Creating prefix script '/home/shaman/ros2_ws/src/ROS_N6/ex04/install/local_setup.bash'
[7.095s] INFO:colcon.colcon_core.shell:Creating prefix chain script '/home/shaman/ros2_ws/src/ROS_N6/ex04/install/setup.bash'
[7.096s] INFO:colcon.colcon_core.shell:Creating prefix script '/home/shaman/ros2_ws/src/ROS_N6/ex04/install/local_setup.zsh'
[7.097s] INFO:colcon.colcon_core.shell:Creating prefix chain script '/home/shaman/ros2_ws/src/ROS_N6/ex04/install/setup.zsh'
