[0.017s] Invoking command in '/home/shaman/ros2_ws/src/ROS_N6/ex01/build/robot_app': CMAKE_PREFIX_PATH=${CMAKE_PREFIX_PATH}:/opt/ros/humble /usr/bin/cmake /home/shaman/ros2_ws/src/ROS_N6/ex01/robot_app -DCMAKE_INSTALL_PREFIX=/home/shaman/ros2_ws/src/ROS_N6/ex01/install/robot_app
[0.089s] -- The C compiler identification is GNU 11.4.0
[0.152s] -- The CXX compiler identification is GNU 11.4.0
[0.158s] -- Detecting C compiler ABI info
[0.252s] -- Detecting C compiler ABI info - done
[0.259s] -- Check for working C compiler: /usr/bin/cc - skipped
[0.259s] -- Detecting C compile features
[0.260s] -- Detecting C compile features - done
[0.264s] -- Detecting CXX compiler ABI info
[0.363s] -- Detecting CXX compiler ABI info - done
[0.369s] -- Check for working CXX compiler: /usr/bin/c++ - skipped
[0.370s] -- Detecting CXX compile features
[0.370s] -- Detecting CXX compile features - done
[0.373s] -- Found ament_cmake: 1.3.10 (/opt/ros/humble/share/ament_cmake/cmake)
[0.485s] -- Found Python3: /usr/bin/python3 (found version "3.10.12") found components: Interpreter 
[0.595s] -- Configuring done
[0.597s] -- Generating done
[0.597s] -- Build files have been written to: /home/shaman/ros2_ws/src/ROS_N6/ex01/build/robot_app
[0.603s] Invoked command in '/home/shaman/ros2_ws/src/ROS_N6/ex01/build/robot_app' returned '0': CMAKE_PREFIX_PATH=${CMAKE_PREFIX_PATH}:/opt/ros/humble /usr/bin/cmake /home/shaman/ros2_ws/src/ROS_N6/ex01/robot_app -DCMAKE_INSTALL_PREFIX=/home/shaman/ros2_ws/src/ROS_N6/ex01/install/robot_app
[0.603s] Invoking command in '/home/shaman/ros2_ws/src/ROS_N6/ex01/build/robot_app': CMAKE_PREFIX_PATH=${CMAKE_PREFIX_PATH}:/opt/ros/humble /usr/bin/cmake --build /home/shaman/ros2_ws/src/ROS_N6/ex01/build/robot_app -- -j12 -l12
[0.633s] Invoked command in '/home/shaman/ros2_ws/src/ROS_N6/ex01/build/robot_app' returned '0': CMAKE_PREFIX_PATH=${CMAKE_PREFIX_PATH}:/opt/ros/humble /usr/bin/cmake --build /home/shaman/ros2_ws/src/ROS_N6/ex01/build/robot_app -- -j12 -l12
[0.669s] Invoking command in '/home/shaman/ros2_ws/src/ROS_N6/ex01/build/robot_app': CMAKE_PREFIX_PATH=${CMAKE_PREFIX_PATH}:/opt/ros/humble /usr/bin/cmake --install /home/shaman/ros2_ws/src/ROS_N6/ex01/build/robot_app
[0.686s] -- Install configuration: ""
[0.687s] -- Installing: /home/shaman/ros2_ws/src/ROS_N6/ex01/install/robot_app/share/ament_index/resource_index/package_run_dependencies/robot_app
[0.687s] -- Installing: /home/shaman/ros2_ws/src/ROS_N6/ex01/install/robot_app/share/ament_index/resource_index/parent_prefix_path/robot_app
[0.687s] -- Installing: /home/shaman/ros2_ws/src/ROS_N6/ex01/install/robot_app/share/robot_app/environment/ament_prefix_path.sh
[0.688s] -- Installing: /home/shaman/ros2_ws/src/ROS_N6/ex01/install/robot_app/share/robot_app/environment/ament_prefix_path.dsv
[0.688s] -- Installing: /home/shaman/ros2_ws/src/ROS_N6/ex01/install/robot_app/share/robot_app/environment/path.sh
[0.688s] -- Installing: /home/shaman/ros2_ws/src/ROS_N6/ex01/install/robot_app/share/robot_app/environment/path.dsv
[0.688s] -- Installing: /home/shaman/ros2_ws/src/ROS_N6/ex01/install/robot_app/share/robot_app/local_setup.bash
[0.688s] -- Installing: /home/shaman/ros2_ws/src/ROS_N6/ex01/install/robot_app/share/robot_app/local_setup.sh
[0.688s] -- Installing: /home/shaman/ros2_ws/src/ROS_N6/ex01/install/robot_app/share/robot_app/local_setup.zsh
[0.688s] -- Installing: /home/shaman/ros2_ws/src/ROS_N6/ex01/install/robot_app/share/robot_app/local_setup.dsv
[0.688s] -- Installing: /home/shaman/ros2_ws/src/ROS_N6/ex01/install/robot_app/share/robot_app/package.dsv
[0.689s] -- Installing: /home/shaman/ros2_ws/src/ROS_N6/ex01/install/robot_app/share/ament_index/resource_index/packages/robot_app
[0.689s] -- Installing: /home/shaman/ros2_ws/src/ROS_N6/ex01/install/robot_app/share/robot_app/cmake/robot_appConfig.cmake
[0.689s] -- Installing: /home/shaman/ros2_ws/src/ROS_N6/ex01/install/robot_app/share/robot_app/cmake/robot_appConfig-version.cmake
[0.689s] -- Installing: /home/shaman/ros2_ws/src/ROS_N6/ex01/install/robot_app/share/robot_app/package.xml
[0.691s] Invoked command in '/home/shaman/ros2_ws/src/ROS_N6/ex01/build/robot_app' returned '0': CMAKE_PREFIX_PATH=${CMAKE_PREFIX_PATH}:/opt/ros/humble /usr/bin/cmake --install /home/shaman/ros2_ws/src/ROS_N6/ex01/build/robot_app
