[0.012s] Invoking command in '/home/shaman/ros2_ws/src/ROS_N6/ex05/build/robot_app': CMAKE_PREFIX_PATH=${CMAKE_PREFIX_PATH}:/opt/ros/humble /usr/bin/cmake /home/shaman/ros2_ws/src/ROS_N6/ex05/robot_app -DCMAKE_INSTALL_PREFIX=/home/shaman/ros2_ws/src/ROS_N6/ex05/install/robot_app
[0.062s] -- The C compiler identification is GNU 11.4.0
[0.104s] -- The CXX compiler identification is GNU 11.4.0
[0.111s] -- Detecting C compiler ABI info
[0.161s] -- Detecting C compiler ABI info - done
[0.167s] -- Check for working C compiler: /usr/bin/cc - skipped
[0.167s] -- Detecting C compile features
[0.167s] -- Detecting C compile features - done
[0.169s] -- Detecting CXX compiler ABI info
[0.229s] -- Detecting CXX compiler ABI info - done
[0.237s] -- Check for working CXX compiler: /usr/bin/c++ - skipped
[0.238s] -- Detecting CXX compile features
[0.238s] -- Detecting CXX compile features - done
[0.240s] -- Found ament_cmake: 1.3.10 (/opt/ros/humble/share/ament_cmake/cmake)
[0.357s] -- Found Python3: /usr/bin/python3 (found version "3.10.12") found components: Interpreter 
[0.487s] -- Configuring done
[0.491s] -- Generating done
[0.494s] -- Build files have been written to: /home/shaman/ros2_ws/src/ROS_N6/ex05/build/robot_app
[0.504s] Invoked command in '/home/shaman/ros2_ws/src/ROS_N6/ex05/build/robot_app' returned '0': CMAKE_PREFIX_PATH=${CMAKE_PREFIX_PATH}:/opt/ros/humble /usr/bin/cmake /home/shaman/ros2_ws/src/ROS_N6/ex05/robot_app -DCMAKE_INSTALL_PREFIX=/home/shaman/ros2_ws/src/ROS_N6/ex05/install/robot_app
[0.504s] Invoking command in '/home/shaman/ros2_ws/src/ROS_N6/ex05/build/robot_app': CMAKE_PREFIX_PATH=${CMAKE_PREFIX_PATH}:/opt/ros/humble /usr/bin/cmake --build /home/shaman/ros2_ws/src/ROS_N6/ex05/build/robot_app -- -j12 -l12
[0.556s] Invoked command in '/home/shaman/ros2_ws/src/ROS_N6/ex05/build/robot_app' returned '0': CMAKE_PREFIX_PATH=${CMAKE_PREFIX_PATH}:/opt/ros/humble /usr/bin/cmake --build /home/shaman/ros2_ws/src/ROS_N6/ex05/build/robot_app -- -j12 -l12
[0.584s] Invoking command in '/home/shaman/ros2_ws/src/ROS_N6/ex05/build/robot_app': CMAKE_PREFIX_PATH=${CMAKE_PREFIX_PATH}:/opt/ros/humble /usr/bin/cmake --install /home/shaman/ros2_ws/src/ROS_N6/ex05/build/robot_app
[0.594s] -- Install configuration: ""
[0.595s] -- Installing: /home/shaman/ros2_ws/src/ROS_N6/ex05/install/robot_app/share/ament_index/resource_index/package_run_dependencies/robot_app
[0.595s] -- Installing: /home/shaman/ros2_ws/src/ROS_N6/ex05/install/robot_app/share/ament_index/resource_index/parent_prefix_path/robot_app
[0.595s] -- Installing: /home/shaman/ros2_ws/src/ROS_N6/ex05/install/robot_app/share/robot_app/environment/ament_prefix_path.sh
[0.595s] -- Installing: /home/shaman/ros2_ws/src/ROS_N6/ex05/install/robot_app/share/robot_app/environment/ament_prefix_path.dsv
[0.595s] -- Installing: /home/shaman/ros2_ws/src/ROS_N6/ex05/install/robot_app/share/robot_app/environment/path.sh
[0.595s] -- Installing: /home/shaman/ros2_ws/src/ROS_N6/ex05/install/robot_app/share/robot_app/environment/path.dsv
[0.595s] -- Installing: /home/shaman/ros2_ws/src/ROS_N6/ex05/install/robot_app/share/robot_app/local_setup.bash
[0.596s] -- Installing: /home/shaman/ros2_ws/src/ROS_N6/ex05/install/robot_app/share/robot_app/local_setup.sh
[0.597s] -- Installing: /home/shaman/ros2_ws/src/ROS_N6/ex05/install/robot_app/share/robot_app/local_setup.zsh
[0.597s] -- Installing: /home/shaman/ros2_ws/src/ROS_N6/ex05/install/robot_app/share/robot_app/local_setup.dsv
[0.597s] -- Installing: /home/shaman/ros2_ws/src/ROS_N6/ex05/install/robot_app/share/robot_app/package.dsv
[0.597s] -- Installing: /home/shaman/ros2_ws/src/ROS_N6/ex05/install/robot_app/share/ament_index/resource_index/packages/robot_app
[0.598s] -- Installing: /home/shaman/ros2_ws/src/ROS_N6/ex05/install/robot_app/share/robot_app/cmake/robot_appConfig.cmake
[0.598s] -- Installing: /home/shaman/ros2_ws/src/ROS_N6/ex05/install/robot_app/share/robot_app/cmake/robot_appConfig-version.cmake
[0.598s] -- Installing: /home/shaman/ros2_ws/src/ROS_N6/ex05/install/robot_app/share/robot_app/package.xml
[0.609s] Invoked command in '/home/shaman/ros2_ws/src/ROS_N6/ex05/build/robot_app' returned '0': CMAKE_PREFIX_PATH=${CMAKE_PREFIX_PATH}:/opt/ros/humble /usr/bin/cmake --install /home/shaman/ros2_ws/src/ROS_N6/ex05/build/robot_app
