[0.014s] Invoking command in '/home/shaman/ros2_ws/src/ROS_N6/ex04/build/robot_app': CMAKE_PREFIX_PATH=${CMAKE_PREFIX_PATH}:/opt/ros/humble /usr/bin/cmake --build /home/shaman/ros2_ws/src/ROS_N6/ex04/build/robot_app -- -j12 -l12
[0.040s] Invoked command in '/home/shaman/ros2_ws/src/ROS_N6/ex04/build/robot_app' returned '0': CMAKE_PREFIX_PATH=${CMAKE_PREFIX_PATH}:/opt/ros/humble /usr/bin/cmake --build /home/shaman/ros2_ws/src/ROS_N6/ex04/build/robot_app -- -j12 -l12
[0.062s] Invoking command in '/home/shaman/ros2_ws/src/ROS_N6/ex04/build/robot_app': CMAKE_PREFIX_PATH=${CMAKE_PREFIX_PATH}:/opt/ros/humble /usr/bin/cmake --install /home/shaman/ros2_ws/src/ROS_N6/ex04/build/robot_app
[0.067s] -- Install configuration: ""
[0.067s] -- Up-to-date: /home/shaman/ros2_ws/src/ROS_N6/ex04/install/robot_app/share/ament_index/resource_index/package_run_dependencies/robot_app
[0.067s] -- Up-to-date: /home/shaman/ros2_ws/src/ROS_N6/ex04/install/robot_app/share/ament_index/resource_index/parent_prefix_path/robot_app
[0.067s] -- Up-to-date: /home/shaman/ros2_ws/src/ROS_N6/ex04/install/robot_app/share/robot_app/environment/ament_prefix_path.sh
[0.067s] -- Up-to-date: /home/shaman/ros2_ws/src/ROS_N6/ex04/install/robot_app/share/robot_app/environment/ament_prefix_path.dsv
[0.067s] -- Up-to-date: /home/shaman/ros2_ws/src/ROS_N6/ex04/install/robot_app/share/robot_app/environment/path.sh
[0.068s] -- Up-to-date: /home/shaman/ros2_ws/src/ROS_N6/ex04/install/robot_app/share/robot_app/environment/path.dsv
[0.068s] -- Up-to-date: /home/shaman/ros2_ws/src/ROS_N6/ex04/install/robot_app/share/robot_app/local_setup.bash
[0.068s] -- Up-to-date: /home/shaman/ros2_ws/src/ROS_N6/ex04/install/robot_app/share/robot_app/local_setup.sh
[0.068s] -- Up-to-date: /home/shaman/ros2_ws/src/ROS_N6/ex04/install/robot_app/share/robot_app/local_setup.zsh
[0.068s] -- Up-to-date: /home/shaman/ros2_ws/src/ROS_N6/ex04/install/robot_app/share/robot_app/local_setup.dsv
[0.068s] -- Installing: /home/shaman/ros2_ws/src/ROS_N6/ex04/install/robot_app/share/robot_app/package.dsv
[0.068s] -- Up-to-date: /home/shaman/ros2_ws/src/ROS_N6/ex04/install/robot_app/share/ament_index/resource_index/packages/robot_app
[0.068s] -- Up-to-date: /home/shaman/ros2_ws/src/ROS_N6/ex04/install/robot_app/share/robot_app/cmake/robot_appConfig.cmake
[0.068s] -- Up-to-date: /home/shaman/ros2_ws/src/ROS_N6/ex04/install/robot_app/share/robot_app/cmake/robot_appConfig-version.cmake
[0.068s] -- Up-to-date: /home/shaman/ros2_ws/src/ROS_N6/ex04/install/robot_app/share/robot_app/package.xml
[0.071s] Invoked command in '/home/shaman/ros2_ws/src/ROS_N6/ex04/build/robot_app' returned '0': CMAKE_PREFIX_PATH=${CMAKE_PREFIX_PATH}:/opt/ros/humble /usr/bin/cmake --install /home/shaman/ros2_ws/src/ROS_N6/ex04/build/robot_app
