[0.016s] Invoking command in '/home/shaman/ros2_ws/src/ROS_N6/ex05/build/my_robot_controller_deep_cam': CMAKE_PREFIX_PATH=${CMAKE_PREFIX_PATH}:/opt/ros/humble /usr/bin/cmake --build /home/shaman/ros2_ws/src/ROS_N6/ex05/build/my_robot_controller_deep_cam -- -j12 -l12
[0.035s] -- Found ament_cmake: 1.3.10 (/opt/ros/humble/share/ament_cmake/cmake)
[0.129s] -- Found rclcpp: 16.0.10 (/opt/ros/humble/share/rclcpp/cmake)
[0.147s] -- Found rosidl_generator_c: 3.1.5 (/opt/ros/humble/share/rosidl_generator_c/cmake)
[0.148s] -- Found rosidl_adapter: 3.1.5 (/opt/ros/humble/share/rosidl_adapter/cmake)
[0.152s] -- Found rosidl_generator_cpp: 3.1.5 (/opt/ros/humble/share/rosidl_generator_cpp/cmake)
[0.158s] -- Using all available rosidl_typesupport_c: rosidl_typesupport_fastrtps_c;rosidl_typesupport_introspection_c
[0.165s] -- Using all available rosidl_typesupport_cpp: rosidl_typesupport_fastrtps_cpp;rosidl_typesupport_introspection_cpp
[0.184s] -- Found rmw_implementation_cmake: 6.1.2 (/opt/ros/humble/share/rmw_implementation_cmake/cmake)
[0.186s] -- Found rmw_fastrtps_cpp: 6.2.7 (/opt/ros/humble/share/rmw_fastrtps_cpp/cmake)
[0.255s] -- Using RMW implementation 'rmw_fastrtps_cpp' as default
[0.283s] -- Found geometry_msgs: 4.2.4 (/opt/ros/humble/share/geometry_msgs/cmake)
[0.290s] -- Found tf2_ros: 0.25.8 (/opt/ros/humble/share/tf2_ros/cmake)
[0.339s] -- Found sensor_msgs: 4.2.4 (/opt/ros/humble/share/sensor_msgs/cmake)
[0.352s] -- Found cv_bridge: 3.2.1 (/opt/ros/humble/share/cv_bridge/cmake)
[0.356s] -- Found ament_lint_auto: 0.12.11 (/opt/ros/humble/share/ament_lint_auto/cmake)
[0.398s] -- Added test 'cppcheck' to perform static code analysis on C / C++ code
[0.398s] -- Configured cppcheck include dirs: 
[0.398s] -- Configured cppcheck exclude dirs and/or files: 
[0.398s] -- Added test 'lint_cmake' to check CMake code style
[0.399s] -- Added test 'uncrustify' to check C / C++ code style
[0.399s] -- Configured uncrustify additional arguments: 
[0.399s] -- Added test 'xmllint' to check XML markup files
[0.399s] -- Configuring done
[0.408s] -- Generating done
[0.409s] -- Build files have been written to: /home/shaman/ros2_ws/src/ROS_N6/ex05/build/my_robot_controller_deep_cam
[0.427s] [35m[1mConsolidate compiler generated dependencies of target robot_controller[0m
[0.443s] [ 50%] [32mBuilding CXX object CMakeFiles/robot_controller.dir/src/robot_controller.cpp.o[0m
[2.337s] [01m[K/home/shaman/ros2_ws/src/ROS_N6/ex05/my_robot_controller_deep_cam/src/robot_controller.cpp:[m[K In member function ‘[01m[Kvoid CircularMover::depth_callback(sensor_msgs::msg::Image_<std::allocator<void> >::SharedPtr)[m[K’:
[2.337s] [01m[K/home/shaman/ros2_ws/src/ROS_N6/ex05/my_robot_controller_deep_cam/src/robot_controller.cpp:71:118:[m[K [01;31m[Kerror: [m[Kno match for ‘[01m[Koperator[][m[K’ (operand types are ‘[01m[Kcv::MatExpr[m[K’ and ‘[01m[Kint[m[K’)
[2.337s]    71 | v::Scalar(std::numeric_limits<float>::infinity()))[01;31m[K[[m[K0];
[2.337s]       |                                                   [01;31m[K^[m[K
[2.337s] 
[4.175s] gmake[2]: *** [CMakeFiles/robot_controller.dir/build.make:76: CMakeFiles/robot_controller.dir/src/robot_controller.cpp.o] Ошибка 1
[4.175s] gmake[1]: *** [CMakeFiles/Makefile2:137: CMakeFiles/robot_controller.dir/all] Ошибка 2
[4.175s] gmake: *** [Makefile:146: all] Ошибка 2
[4.177s] Invoked command in '/home/shaman/ros2_ws/src/ROS_N6/ex05/build/my_robot_controller_deep_cam' returned '2': CMAKE_PREFIX_PATH=${CMAKE_PREFIX_PATH}:/opt/ros/humble /usr/bin/cmake --build /home/shaman/ros2_ws/src/ROS_N6/ex05/build/my_robot_controller_deep_cam -- -j12 -l12
