[0.011s] Invoking command in '/home/shaman/ros2_ws/src/ROS_N6/ex04/build/robot_app': CMAKE_PREFIX_PATH=${CMAKE_PREFIX_PATH}:/opt/ros/humble /usr/bin/cmake /home/shaman/ros2_ws/src/ROS_N6/ex04/robot_app -DCMAKE_INSTALL_PREFIX=/home/shaman/ros2_ws/src/ROS_N6/ex04/install/robot_app
[0.046s] -- The C compiler identification is GNU 11.4.0
[0.083s] -- The CXX compiler identification is GNU 11.4.0
[0.087s] -- Detecting C compiler ABI info
[0.134s] -- Detecting C compiler ABI info - done
[0.138s] -- Check for working C compiler: /usr/bin/cc - skipped
[0.138s] -- Detecting C compile features
[0.139s] -- Detecting C compile features - done
[0.140s] -- Detecting CXX compiler ABI info
[0.193s] -- Detecting CXX compiler ABI info - done
[0.199s] -- Check for working CXX compiler: /usr/bin/c++ - skipped
[0.199s] -- Detecting CXX compile features
[0.199s] -- Detecting CXX compile features - done
[0.201s] -- Found ament_cmake: 1.3.10 (/opt/ros/humble/share/ament_cmake/cmake)
[0.306s] -- Found Python3: /usr/bin/python3 (found version "3.10.12") found components: Interpreter 
[0.423s] -- Configuring done
[0.425s] -- Generating done
[0.425s] -- Build files have been written to: /home/shaman/ros2_ws/src/ROS_N6/ex04/build/robot_app
[0.430s] Invoked command in '/home/shaman/ros2_ws/src/ROS_N6/ex04/build/robot_app' returned '0': CMAKE_PREFIX_PATH=${CMAKE_PREFIX_PATH}:/opt/ros/humble /usr/bin/cmake /home/shaman/ros2_ws/src/ROS_N6/ex04/robot_app -DCMAKE_INSTALL_PREFIX=/home/shaman/ros2_ws/src/ROS_N6/ex04/install/robot_app
[0.431s] Invoking command in '/home/shaman/ros2_ws/src/ROS_N6/ex04/build/robot_app': CMAKE_PREFIX_PATH=${CMAKE_PREFIX_PATH}:/opt/ros/humble /usr/bin/cmake --build /home/shaman/ros2_ws/src/ROS_N6/ex04/build/robot_app -- -j12 -l12
[0.455s] Invoked command in '/home/shaman/ros2_ws/src/ROS_N6/ex04/build/robot_app' returned '0': CMAKE_PREFIX_PATH=${CMAKE_PREFIX_PATH}:/opt/ros/humble /usr/bin/cmake --build /home/shaman/ros2_ws/src/ROS_N6/ex04/build/robot_app -- -j12 -l12
[0.477s] Invoking command in '/home/shaman/ros2_ws/src/ROS_N6/ex04/build/robot_app': CMAKE_PREFIX_PATH=${CMAKE_PREFIX_PATH}:/opt/ros/humble /usr/bin/cmake --install /home/shaman/ros2_ws/src/ROS_N6/ex04/build/robot_app
[0.483s] -- Install configuration: ""
[0.483s] -- Installing: /home/shaman/ros2_ws/src/ROS_N6/ex04/install/robot_app/share/ament_index/resource_index/package_run_dependencies/robot_app
[0.483s] -- Installing: /home/shaman/ros2_ws/src/ROS_N6/ex04/install/robot_app/share/ament_index/resource_index/parent_prefix_path/robot_app
[0.483s] -- Installing: /home/shaman/ros2_ws/src/ROS_N6/ex04/install/robot_app/share/robot_app/environment/ament_prefix_path.sh
[0.483s] -- Installing: /home/shaman/ros2_ws/src/ROS_N6/ex04/install/robot_app/share/robot_app/environment/ament_prefix_path.dsv
[0.483s] -- Installing: /home/shaman/ros2_ws/src/ROS_N6/ex04/install/robot_app/share/robot_app/environment/path.sh
[0.483s] -- Installing: /home/shaman/ros2_ws/src/ROS_N6/ex04/install/robot_app/share/robot_app/environment/path.dsv
[0.483s] -- Installing: /home/shaman/ros2_ws/src/ROS_N6/ex04/install/robot_app/share/robot_app/local_setup.bash
[0.483s] -- Installing: /home/shaman/ros2_ws/src/ROS_N6/ex04/install/robot_app/share/robot_app/local_setup.sh
[0.483s] -- Installing: /home/shaman/ros2_ws/src/ROS_N6/ex04/install/robot_app/share/robot_app/local_setup.zsh
[0.483s] -- Installing: /home/shaman/ros2_ws/src/ROS_N6/ex04/install/robot_app/share/robot_app/local_setup.dsv
[0.483s] -- Installing: /home/shaman/ros2_ws/src/ROS_N6/ex04/install/robot_app/share/robot_app/package.dsv
[0.483s] -- Installing: /home/shaman/ros2_ws/src/ROS_N6/ex04/install/robot_app/share/ament_index/resource_index/packages/robot_app
[0.484s] -- Installing: /home/shaman/ros2_ws/src/ROS_N6/ex04/install/robot_app/share/robot_app/cmake/robot_appConfig.cmake
[0.484s] -- Installing: /home/shaman/ros2_ws/src/ROS_N6/ex04/install/robot_app/share/robot_app/cmake/robot_appConfig-version.cmake
[0.484s] -- Installing: /home/shaman/ros2_ws/src/ROS_N6/ex04/install/robot_app/share/robot_app/package.xml
[0.485s] Invoked command in '/home/shaman/ros2_ws/src/ROS_N6/ex04/build/robot_app' returned '0': CMAKE_PREFIX_PATH=${CMAKE_PREFIX_PATH}:/opt/ros/humble /usr/bin/cmake --install /home/shaman/ros2_ws/src/ROS_N6/ex04/build/robot_app
