[0.015s] Invoking command in '/home/shaman/ros2_ws/src/ROS_N6/ex02/build/robot_bringup': CMAKE_PREFIX_PATH=${CMAKE_PREFIX_PATH}:/opt/ros/humble /usr/bin/cmake /home/shaman/ros2_ws/src/ROS_N6/ex02/robot_bringup -DCMAKE_INSTALL_PREFIX=/home/shaman/ros2_ws/src/ROS_N6/ex02/install/robot_bringup
[0.063s] -- The C compiler identification is GNU 11.4.0
[0.111s] -- The CXX compiler identification is GNU 11.4.0
[0.119s] -- Detecting C compiler ABI info
[0.179s] -- Detecting C compiler ABI info - done
[0.186s] -- Check for working C compiler: /usr/bin/cc - skipped
[0.186s] -- Detecting C compile features
[0.186s] -- Detecting C compile features - done
[0.189s] -- Detecting CXX compiler ABI info
[0.260s] -- Detecting CXX compiler ABI info - done
[0.266s] -- Check for working CXX compiler: /usr/bin/c++ - skipped
[0.267s] -- Detecting CXX compile features
[0.267s] -- Detecting CXX compile features - done
[0.270s] -- Found ament_cmake: 1.3.10 (/opt/ros/humble/share/ament_cmake/cmake)
[0.406s] -- Found Python3: /usr/bin/python3 (found version "3.10.12") found components: Interpreter 
[0.500s] -- Found ament_lint_auto: 0.12.11 (/opt/ros/humble/share/ament_lint_auto/cmake)
[0.558s] -- Configuring done
[0.560s] -- Generating done
[0.560s] -- Build files have been written to: /home/shaman/ros2_ws/src/ROS_N6/ex02/build/robot_bringup
[0.565s] Invoked command in '/home/shaman/ros2_ws/src/ROS_N6/ex02/build/robot_bringup' returned '0': CMAKE_PREFIX_PATH=${CMAKE_PREFIX_PATH}:/opt/ros/humble /usr/bin/cmake /home/shaman/ros2_ws/src/ROS_N6/ex02/robot_bringup -DCMAKE_INSTALL_PREFIX=/home/shaman/ros2_ws/src/ROS_N6/ex02/install/robot_bringup
[0.566s] Invoking command in '/home/shaman/ros2_ws/src/ROS_N6/ex02/build/robot_bringup': CMAKE_PREFIX_PATH=${CMAKE_PREFIX_PATH}:/opt/ros/humble /usr/bin/cmake --build /home/shaman/ros2_ws/src/ROS_N6/ex02/build/robot_bringup -- -j12 -l12
[0.599s] Invoked command in '/home/shaman/ros2_ws/src/ROS_N6/ex02/build/robot_bringup' returned '0': CMAKE_PREFIX_PATH=${CMAKE_PREFIX_PATH}:/opt/ros/humble /usr/bin/cmake --build /home/shaman/ros2_ws/src/ROS_N6/ex02/build/robot_bringup -- -j12 -l12
[0.628s] Invoking command in '/home/shaman/ros2_ws/src/ROS_N6/ex02/build/robot_bringup': CMAKE_PREFIX_PATH=${CMAKE_PREFIX_PATH}:/opt/ros/humble /usr/bin/cmake --install /home/shaman/ros2_ws/src/ROS_N6/ex02/build/robot_bringup
[0.635s] -- Install configuration: ""
[0.635s] -- Installing: /home/shaman/ros2_ws/src/ROS_N6/ex02/install/robot_bringup/share/robot_bringup/launch
[0.635s] -- Installing: /home/shaman/ros2_ws/src/ROS_N6/ex02/install/robot_bringup/share/robot_bringup/launch/diff_drive.launch.py
[0.635s] -- Installing: /home/shaman/ros2_ws/src/ROS_N6/ex02/install/robot_bringup/share/robot_bringup/config
[0.635s] -- Installing: /home/shaman/ros2_ws/src/ROS_N6/ex02/install/robot_bringup/share/robot_bringup/config/diff_drive.rviz
[0.635s] -- Installing: /home/shaman/ros2_ws/src/ROS_N6/ex02/install/robot_bringup/share/robot_bringup/config/robot_bridge.yaml
[0.635s] -- Installing: /home/shaman/ros2_ws/src/ROS_N6/ex02/install/robot_bringup/share/robot_bringup/config/depth_config.rviz
[0.636s] -- Installing: /home/shaman/ros2_ws/src/ROS_N6/ex02/install/robot_bringup/share/ament_index/resource_index/package_run_dependencies/robot_bringup
[0.636s] -- Installing: /home/shaman/ros2_ws/src/ROS_N6/ex02/install/robot_bringup/share/ament_index/resource_index/parent_prefix_path/robot_bringup
[0.636s] -- Installing: /home/shaman/ros2_ws/src/ROS_N6/ex02/install/robot_bringup/share/robot_bringup/environment/ament_prefix_path.sh
[0.636s] -- Installing: /home/shaman/ros2_ws/src/ROS_N6/ex02/install/robot_bringup/share/robot_bringup/environment/ament_prefix_path.dsv
[0.636s] -- Installing: /home/shaman/ros2_ws/src/ROS_N6/ex02/install/robot_bringup/share/robot_bringup/environment/path.sh
[0.636s] -- Installing: /home/shaman/ros2_ws/src/ROS_N6/ex02/install/robot_bringup/share/robot_bringup/environment/path.dsv
[0.636s] -- Installing: /home/shaman/ros2_ws/src/ROS_N6/ex02/install/robot_bringup/share/robot_bringup/local_setup.bash
[0.636s] -- Installing: /home/shaman/ros2_ws/src/ROS_N6/ex02/install/robot_bringup/share/robot_bringup/local_setup.sh
[0.636s] -- Installing: /home/shaman/ros2_ws/src/ROS_N6/ex02/install/robot_bringup/share/robot_bringup/local_setup.zsh
[0.637s] -- Installing: /home/shaman/ros2_ws/src/ROS_N6/ex02/install/robot_bringup/share/robot_bringup/local_setup.dsv
[0.637s] -- Installing: /home/shaman/ros2_ws/src/ROS_N6/ex02/install/robot_bringup/share/robot_bringup/package.dsv
[0.637s] -- Installing: /home/shaman/ros2_ws/src/ROS_N6/ex02/install/robot_bringup/share/ament_index/resource_index/packages/robot_bringup
[0.637s] -- Installing: /home/shaman/ros2_ws/src/ROS_N6/ex02/install/robot_bringup/share/robot_bringup/cmake/robot_bringupConfig.cmake
[0.637s] -- Installing: /home/shaman/ros2_ws/src/ROS_N6/ex02/install/robot_bringup/share/robot_bringup/cmake/robot_bringupConfig-version.cmake
[0.637s] -- Installing: /home/shaman/ros2_ws/src/ROS_N6/ex02/install/robot_bringup/share/robot_bringup/package.xml
[0.639s] Invoked command in '/home/shaman/ros2_ws/src/ROS_N6/ex02/build/robot_bringup' returned '0': CMAKE_PREFIX_PATH=${CMAKE_PREFIX_PATH}:/opt/ros/humble /usr/bin/cmake --install /home/shaman/ros2_ws/src/ROS_N6/ex02/build/robot_bringup
