[0.065s] DEBUG:colcon:Command line arguments: ['/usr/bin/colcon', 'build']
[0.065s] DEBUG:colcon:Parsed command line arguments: Namespace(log_base=None, log_level=None, verb_name='build', build_base='build', install_base='install', merge_install=False, symlink_install=False, test_result_base=None, continue_on_error=False, executor='parallel', parallel_workers=12, event_handlers=None, ignore_user_meta=False, metas=['./colcon.meta'], base_paths=['.'], packages_ignore=None, packages_ignore_regex=None, paths=None, packages_up_to=None, packages_up_to_regex=None, packages_above=None, packages_above_and_dependencies=None, packages_above_depth=None, packages_select_by_dep=None, packages_skip_by_dep=None, packages_skip_up_to=None, packages_select_build_failed=False, packages_skip_build_finished=False, packages_select_test_failures=False, packages_skip_test_passed=False, packages_select=None, packages_skip=None, packages_select_regex=None, packages_skip_regex=None, packages_start=None, packages_end=None, allow_overriding=[], cmake_args=None, cmake_target=None, cmake_target_skip_unavailable=False, cmake_clean_cache=False, cmake_clean_first=False, cmake_force_configure=False, ament_cmake_args=None, catkin_cmake_args=None, catkin_skip_building_tests=False, mixin_files=None, mixin=None, verb_parser=<colcon_mixin.mixin.mixin_argument.MixinArgumentDecorator object at 0x7fc9d3149f00>, verb_extension=<colcon_core.verb.build.BuildVerb object at 0x7fc9d3149990>, main=<bound method BuildVerb.main of <colcon_core.verb.build.BuildVerb object at 0x7fc9d3149990>>, mixin_verb=('build',))
[0.161s] Level 1:colcon.colcon_core.package_discovery:discover_packages(colcon_meta) check parameters
[0.161s] Level 1:colcon.colcon_core.package_discovery:discover_packages(recursive) check parameters
[0.161s] Level 1:colcon.colcon_core.package_discovery:discover_packages(ignore) check parameters
[0.161s] Level 1:colcon.colcon_core.package_discovery:discover_packages(path) check parameters
[0.161s] Level 1:colcon.colcon_core.package_discovery:discover_packages(colcon_meta) discover
[0.161s] Level 1:colcon.colcon_core.package_discovery:discover_packages(recursive) discover
[0.161s] INFO:colcon.colcon_core.package_discovery:Crawling recursively for packages in '/home/shaman/ros2_ws/src/ROS_N6/ex04'
[0.161s] Level 1:colcon.colcon_core.package_identification:_identify(.) by extensions ['ignore', 'ignore_ament_install']
[0.161s] Level 1:colcon.colcon_core.package_identification:_identify(.) by extension 'ignore'
[0.161s] Level 1:colcon.colcon_core.package_identification:_identify(.) by extension 'ignore_ament_install'
[0.162s] Level 1:colcon.colcon_core.package_identification:_identify(.) by extensions ['colcon_pkg']
[0.162s] Level 1:colcon.colcon_core.package_identification:_identify(.) by extension 'colcon_pkg'
[0.162s] Level 1:colcon.colcon_core.package_identification:_identify(.) by extensions ['colcon_meta']
[0.162s] Level 1:colcon.colcon_core.package_identification:_identify(.) by extension 'colcon_meta'
[0.162s] Level 1:colcon.colcon_core.package_identification:_identify(.) by extensions ['ros']
[0.162s] Level 1:colcon.colcon_core.package_identification:_identify(.) by extension 'ros'
[0.168s] Level 1:colcon.colcon_core.package_identification:_identify(.) by extensions ['cmake', 'python']
[0.169s] Level 1:colcon.colcon_core.package_identification:_identify(.) by extension 'cmake'
[0.169s] Level 1:colcon.colcon_core.package_identification:_identify(.) by extension 'python'
[0.169s] Level 1:colcon.colcon_core.package_identification:_identify(.) by extensions ['python_setup_py']
[0.169s] Level 1:colcon.colcon_core.package_identification:_identify(.) by extension 'python_setup_py'
[0.169s] Level 1:colcon.colcon_core.package_identification:_identify(build) by extensions ['ignore', 'ignore_ament_install']
[0.169s] Level 1:colcon.colcon_core.package_identification:_identify(build) by extension 'ignore'
[0.169s] Level 1:colcon.colcon_core.package_identification:_identify(build) ignored
[0.169s] Level 1:colcon.colcon_core.package_identification:_identify(install) by extensions ['ignore', 'ignore_ament_install']
[0.169s] Level 1:colcon.colcon_core.package_identification:_identify(install) by extension 'ignore'
[0.169s] Level 1:colcon.colcon_core.package_identification:_identify(install) ignored
[0.169s] Level 1:colcon.colcon_core.package_identification:_identify(log) by extensions ['ignore', 'ignore_ament_install']
[0.169s] Level 1:colcon.colcon_core.package_identification:_identify(log) by extension 'ignore'
[0.169s] Level 1:colcon.colcon_core.package_identification:_identify(log) ignored
[0.169s] Level 1:colcon.colcon_core.package_identification:_identify(my_robot_controller_lidar) by extensions ['ignore', 'ignore_ament_install']
[0.169s] Level 1:colcon.colcon_core.package_identification:_identify(my_robot_controller_lidar) by extension 'ignore'
[0.169s] Level 1:colcon.colcon_core.package_identification:_identify(my_robot_controller_lidar) by extension 'ignore_ament_install'
[0.169s] Level 1:colcon.colcon_core.package_identification:_identify(my_robot_controller_lidar) by extensions ['colcon_pkg']
[0.169s] Level 1:colcon.colcon_core.package_identification:_identify(my_robot_controller_lidar) by extension 'colcon_pkg'
[0.169s] Level 1:colcon.colcon_core.package_identification:_identify(my_robot_controller_lidar) by extensions ['colcon_meta']
[0.169s] Level 1:colcon.colcon_core.package_identification:_identify(my_robot_controller_lidar) by extension 'colcon_meta'
[0.169s] Level 1:colcon.colcon_core.package_identification:_identify(my_robot_controller_lidar) by extensions ['ros']
[0.169s] Level 1:colcon.colcon_core.package_identification:_identify(my_robot_controller_lidar) by extension 'ros'
[0.171s] DEBUG:colcon.colcon_core.package_identification:Package 'my_robot_controller_lidar' with type 'ros.ament_cmake' and name 'my_robot_controller_lidar'
[0.171s] Level 1:colcon.colcon_core.package_identification:_identify(robot_app) by extensions ['ignore', 'ignore_ament_install']
[0.171s] Level 1:colcon.colcon_core.package_identification:_identify(robot_app) by extension 'ignore'
[0.171s] Level 1:colcon.colcon_core.package_identification:_identify(robot_app) by extension 'ignore_ament_install'
[0.171s] Level 1:colcon.colcon_core.package_identification:_identify(robot_app) by extensions ['colcon_pkg']
[0.171s] Level 1:colcon.colcon_core.package_identification:_identify(robot_app) by extension 'colcon_pkg'
[0.171s] Level 1:colcon.colcon_core.package_identification:_identify(robot_app) by extensions ['colcon_meta']
[0.171s] Level 1:colcon.colcon_core.package_identification:_identify(robot_app) by extension 'colcon_meta'
[0.171s] Level 1:colcon.colcon_core.package_identification:_identify(robot_app) by extensions ['ros']
[0.171s] Level 1:colcon.colcon_core.package_identification:_identify(robot_app) by extension 'ros'
[0.171s] DEBUG:colcon.colcon_core.package_identification:Package 'robot_app' with type 'ros.ament_cmake' and name 'robot_app'
[0.172s] Level 1:colcon.colcon_core.package_identification:_identify(robot_bringup) by extensions ['ignore', 'ignore_ament_install']
[0.172s] Level 1:colcon.colcon_core.package_identification:_identify(robot_bringup) by extension 'ignore'
[0.172s] Level 1:colcon.colcon_core.package_identification:_identify(robot_bringup) by extension 'ignore_ament_install'
[0.172s] Level 1:colcon.colcon_core.package_identification:_identify(robot_bringup) by extensions ['colcon_pkg']
[0.172s] Level 1:colcon.colcon_core.package_identification:_identify(robot_bringup) by extension 'colcon_pkg'
[0.172s] Level 1:colcon.colcon_core.package_identification:_identify(robot_bringup) by extensions ['colcon_meta']
[0.172s] Level 1:colcon.colcon_core.package_identification:_identify(robot_bringup) by extension 'colcon_meta'
[0.172s] Level 1:colcon.colcon_core.package_identification:_identify(robot_bringup) by extensions ['ros']
[0.172s] Level 1:colcon.colcon_core.package_identification:_identify(robot_bringup) by extension 'ros'
[0.172s] DEBUG:colcon.colcon_core.package_identification:Package 'robot_bringup' with type 'ros.ament_cmake' and name 'robot_bringup'
[0.172s] Level 1:colcon.colcon_core.package_identification:_identify(robot_description) by extensions ['ignore', 'ignore_ament_install']
[0.172s] Level 1:colcon.colcon_core.package_identification:_identify(robot_description) by extension 'ignore'
[0.172s] Level 1:colcon.colcon_core.package_identification:_identify(robot_description) by extension 'ignore_ament_install'
[0.172s] Level 1:colcon.colcon_core.package_identification:_identify(robot_description) by extensions ['colcon_pkg']
[0.172s] Level 1:colcon.colcon_core.package_identification:_identify(robot_description) by extension 'colcon_pkg'
[0.172s] Level 1:colcon.colcon_core.package_identification:_identify(robot_description) by extensions ['colcon_meta']
[0.172s] Level 1:colcon.colcon_core.package_identification:_identify(robot_description) by extension 'colcon_meta'
[0.172s] Level 1:colcon.colcon_core.package_identification:_identify(robot_description) by extensions ['ros']
[0.172s] Level 1:colcon.colcon_core.package_identification:_identify(robot_description) by extension 'ros'
[0.173s] DEBUG:colcon.colcon_core.package_identification:Package 'robot_description' with type 'ros.ament_cmake' and name 'robot_description'
[0.173s] Level 1:colcon.colcon_core.package_discovery:discover_packages(recursive) using defaults
[0.173s] Level 1:colcon.colcon_core.package_discovery:discover_packages(ignore) discover
[0.173s] Level 1:colcon.colcon_core.package_discovery:discover_packages(ignore) using defaults
[0.173s] Level 1:colcon.colcon_core.package_discovery:discover_packages(path) discover
[0.173s] Level 1:colcon.colcon_core.package_discovery:discover_packages(path) using defaults
[0.185s] Level 1:colcon.colcon_core.package_discovery:discover_packages(prefix_path) check parameters
[0.185s] Level 1:colcon.colcon_core.package_discovery:discover_packages(prefix_path) discover
[0.187s] DEBUG:colcon.colcon_installed_package_information.package_discovery:Found 5 installed packages in /home/shaman/ros2_ws/src/ROS_N6/ex04/install
[0.187s] DEBUG:colcon.colcon_installed_package_information.package_discovery:Found 17 installed packages in /home/shaman/ros2_ws/install
[0.188s] DEBUG:colcon.colcon_installed_package_information.package_discovery:Found 304 installed packages in /opt/ros/humble
[0.196s] Level 1:colcon.colcon_core.package_discovery:discover_packages(prefix_path) using defaults
[0.220s] Level 5:colcon.colcon_core.verb:set package 'my_robot_controller_lidar' build argument 'cmake_args' from command line to 'None'
[0.220s] Level 5:colcon.colcon_core.verb:set package 'my_robot_controller_lidar' build argument 'cmake_target' from command line to 'None'
[0.220s] Level 5:colcon.colcon_core.verb:set package 'my_robot_controller_lidar' build argument 'cmake_target_skip_unavailable' from command line to 'False'
[0.220s] Level 5:colcon.colcon_core.verb:set package 'my_robot_controller_lidar' build argument 'cmake_clean_cache' from command line to 'False'
[0.220s] Level 5:colcon.colcon_core.verb:set package 'my_robot_controller_lidar' build argument 'cmake_clean_first' from command line to 'False'
[0.220s] Level 5:colcon.colcon_core.verb:set package 'my_robot_controller_lidar' build argument 'cmake_force_configure' from command line to 'False'
[0.220s] Level 5:colcon.colcon_core.verb:set package 'my_robot_controller_lidar' build argument 'ament_cmake_args' from command line to 'None'
[0.220s] Level 5:colcon.colcon_core.verb:set package 'my_robot_controller_lidar' build argument 'catkin_cmake_args' from command line to 'None'
[0.220s] Level 5:colcon.colcon_core.verb:set package 'my_robot_controller_lidar' build argument 'catkin_skip_building_tests' from command line to 'False'
[0.220s] DEBUG:colcon.colcon_core.verb:Building package 'my_robot_controller_lidar' with the following arguments: {'ament_cmake_args': None, 'build_base': '/home/shaman/ros2_ws/src/ROS_N6/ex04/build/my_robot_controller_lidar', 'catkin_cmake_args': None, 'catkin_skip_building_tests': False, 'cmake_args': None, 'cmake_clean_cache': False, 'cmake_clean_first': False, 'cmake_force_configure': False, 'cmake_target': None, 'cmake_target_skip_unavailable': False, 'install_base': '/home/shaman/ros2_ws/src/ROS_N6/ex04/install/my_robot_controller_lidar', 'merge_install': False, 'path': '/home/shaman/ros2_ws/src/ROS_N6/ex04/my_robot_controller_lidar', 'symlink_install': False, 'test_result_base': None}
[0.221s] Level 5:colcon.colcon_core.verb:set package 'robot_app' build argument 'cmake_args' from command line to 'None'
[0.221s] Level 5:colcon.colcon_core.verb:set package 'robot_app' build argument 'cmake_target' from command line to 'None'
[0.221s] Level 5:colcon.colcon_core.verb:set package 'robot_app' build argument 'cmake_target_skip_unavailable' from command line to 'False'
[0.221s] Level 5:colcon.colcon_core.verb:set package 'robot_app' build argument 'cmake_clean_cache' from command line to 'False'
[0.221s] Level 5:colcon.colcon_core.verb:set package 'robot_app' build argument 'cmake_clean_first' from command line to 'False'
[0.221s] Level 5:colcon.colcon_core.verb:set package 'robot_app' build argument 'cmake_force_configure' from command line to 'False'
[0.221s] Level 5:colcon.colcon_core.verb:set package 'robot_app' build argument 'ament_cmake_args' from command line to 'None'
[0.221s] Level 5:colcon.colcon_core.verb:set package 'robot_app' build argument 'catkin_cmake_args' from command line to 'None'
[0.221s] Level 5:colcon.colcon_core.verb:set package 'robot_app' build argument 'catkin_skip_building_tests' from command line to 'False'
[0.221s] DEBUG:colcon.colcon_core.verb:Building package 'robot_app' with the following arguments: {'ament_cmake_args': None, 'build_base': '/home/shaman/ros2_ws/src/ROS_N6/ex04/build/robot_app', 'catkin_cmake_args': None, 'catkin_skip_building_tests': False, 'cmake_args': None, 'cmake_clean_cache': False, 'cmake_clean_first': False, 'cmake_force_configure': False, 'cmake_target': None, 'cmake_target_skip_unavailable': False, 'install_base': '/home/shaman/ros2_ws/src/ROS_N6/ex04/install/robot_app', 'merge_install': False, 'path': '/home/shaman/ros2_ws/src/ROS_N6/ex04/robot_app', 'symlink_install': False, 'test_result_base': None}
[0.221s] Level 5:colcon.colcon_core.verb:set package 'robot_bringup' build argument 'cmake_args' from command line to 'None'
[0.221s] Level 5:colcon.colcon_core.verb:set package 'robot_bringup' build argument 'cmake_target' from command line to 'None'
[0.221s] Level 5:colcon.colcon_core.verb:set package 'robot_bringup' build argument 'cmake_target_skip_unavailable' from command line to 'False'
[0.221s] Level 5:colcon.colcon_core.verb:set package 'robot_bringup' build argument 'cmake_clean_cache' from command line to 'False'
[0.221s] Level 5:colcon.colcon_core.verb:set package 'robot_bringup' build argument 'cmake_clean_first' from command line to 'False'
[0.221s] Level 5:colcon.colcon_core.verb:set package 'robot_bringup' build argument 'cmake_force_configure' from command line to 'False'
[0.221s] Level 5:colcon.colcon_core.verb:set package 'robot_bringup' build argument 'ament_cmake_args' from command line to 'None'
[0.221s] Level 5:colcon.colcon_core.verb:set package 'robot_bringup' build argument 'catkin_cmake_args' from command line to 'None'
[0.221s] Level 5:colcon.colcon_core.verb:set package 'robot_bringup' build argument 'catkin_skip_building_tests' from command line to 'False'
[0.221s] DEBUG:colcon.colcon_core.verb:Building package 'robot_bringup' with the following arguments: {'ament_cmake_args': None, 'build_base': '/home/shaman/ros2_ws/src/ROS_N6/ex04/build/robot_bringup', 'catkin_cmake_args': None, 'catkin_skip_building_tests': False, 'cmake_args': None, 'cmake_clean_cache': False, 'cmake_clean_first': False, 'cmake_force_configure': False, 'cmake_target': None, 'cmake_target_skip_unavailable': False, 'install_base': '/home/shaman/ros2_ws/src/ROS_N6/ex04/install/robot_bringup', 'merge_install': False, 'path': '/home/shaman/ros2_ws/src/ROS_N6/ex04/robot_bringup', 'symlink_install': False, 'test_result_base': None}
[0.221s] Level 5:colcon.colcon_core.verb:set package 'robot_description' build argument 'cmake_args' from command line to 'None'
[0.221s] Level 5:colcon.colcon_core.verb:set package 'robot_description' build argument 'cmake_target' from command line to 'None'
[0.221s] Level 5:colcon.colcon_core.verb:set package 'robot_description' build argument 'cmake_target_skip_unavailable' from command line to 'False'
[0.221s] Level 5:colcon.colcon_core.verb:set package 'robot_description' build argument 'cmake_clean_cache' from command line to 'False'
[0.221s] Level 5:colcon.colcon_core.verb:set package 'robot_description' build argument 'cmake_clean_first' from command line to 'False'
[0.221s] Level 5:colcon.colcon_core.verb:set package 'robot_description' build argument 'cmake_force_configure' from command line to 'False'
[0.221s] Level 5:colcon.colcon_core.verb:set package 'robot_description' build argument 'ament_cmake_args' from command line to 'None'
[0.221s] Level 5:colcon.colcon_core.verb:set package 'robot_description' build argument 'catkin_cmake_args' from command line to 'None'
[0.221s] Level 5:colcon.colcon_core.verb:set package 'robot_description' build argument 'catkin_skip_building_tests' from command line to 'False'
[0.221s] DEBUG:colcon.colcon_core.verb:Building package 'robot_description' with the following arguments: {'ament_cmake_args': None, 'build_base': '/home/shaman/ros2_ws/src/ROS_N6/ex04/build/robot_description', 'catkin_cmake_args': None, 'catkin_skip_building_tests': False, 'cmake_args': None, 'cmake_clean_cache': False, 'cmake_clean_first': False, 'cmake_force_configure': False, 'cmake_target': None, 'cmake_target_skip_unavailable': False, 'install_base': '/home/shaman/ros2_ws/src/ROS_N6/ex04/install/robot_description', 'merge_install': False, 'path': '/home/shaman/ros2_ws/src/ROS_N6/ex04/robot_description', 'symlink_install': False, 'test_result_base': None}
[0.222s] INFO:colcon.colcon_core.executor:Executing jobs using 'parallel' executor
[0.222s] DEBUG:colcon.colcon_parallel_executor.executor.parallel:run_until_complete
[0.222s] INFO:colcon.colcon_ros.task.ament_cmake.build:Building ROS package in '/home/shaman/ros2_ws/src/ROS_N6/ex04/my_robot_controller_lidar' with build type 'ament_cmake'
[0.222s] INFO:colcon.colcon_cmake.task.cmake.build:Building CMake package in '/home/shaman/ros2_ws/src/ROS_N6/ex04/my_robot_controller_lidar'
[0.224s] INFO:colcon.colcon_core.plugin_system:Skipping extension 'colcon_core.shell.bat': Not used on non-Windows systems
[0.224s] INFO:colcon.colcon_core.shell:Skip shell extension 'powershell' for command environment: Not usable outside of PowerShell
[0.224s] DEBUG:colcon.colcon_core.shell:Skip shell extension 'dsv' for command environment
[0.227s] INFO:colcon.colcon_ros.task.ament_cmake.build:Building ROS package in '/home/shaman/ros2_ws/src/ROS_N6/ex04/robot_app' with build type 'ament_cmake'
[0.227s] INFO:colcon.colcon_cmake.task.cmake.build:Building CMake package in '/home/shaman/ros2_ws/src/ROS_N6/ex04/robot_app'
[0.227s] INFO:colcon.colcon_core.shell:Skip shell extension 'powershell' for command environment: Not usable outside of PowerShell
[0.227s] DEBUG:colcon.colcon_core.shell:Skip shell extension 'dsv' for command environment
[0.229s] INFO:colcon.colcon_ros.task.ament_cmake.build:Building ROS package in '/home/shaman/ros2_ws/src/ROS_N6/ex04/robot_bringup' with build type 'ament_cmake'
[0.230s] INFO:colcon.colcon_cmake.task.cmake.build:Building CMake package in '/home/shaman/ros2_ws/src/ROS_N6/ex04/robot_bringup'
[0.230s] INFO:colcon.colcon_core.shell:Skip shell extension 'powershell' for command environment: Not usable outside of PowerShell
[0.230s] DEBUG:colcon.colcon_core.shell:Skip shell extension 'dsv' for command environment
[0.232s] INFO:colcon.colcon_ros.task.ament_cmake.build:Building ROS package in '/home/shaman/ros2_ws/src/ROS_N6/ex04/robot_description' with build type 'ament_cmake'
[0.232s] INFO:colcon.colcon_cmake.task.cmake.build:Building CMake package in '/home/shaman/ros2_ws/src/ROS_N6/ex04/robot_description'
[0.232s] INFO:colcon.colcon_core.shell:Skip shell extension 'powershell' for command environment: Not usable outside of PowerShell
[0.232s] DEBUG:colcon.colcon_core.shell:Skip shell extension 'dsv' for command environment
[0.238s] DEBUG:colcon.colcon_core.event_handler.log_command:Invoking command in '/home/shaman/ros2_ws/src/ROS_N6/ex04/build/my_robot_controller_lidar': CMAKE_PREFIX_PATH=${CMAKE_PREFIX_PATH}:/opt/ros/humble /usr/bin/cmake --build /home/shaman/ros2_ws/src/ROS_N6/ex04/build/my_robot_controller_lidar -- -j12 -l12
[0.240s] DEBUG:colcon.colcon_core.event_handler.log_command:Invoking command in '/home/shaman/ros2_ws/src/ROS_N6/ex04/build/robot_app': CMAKE_PREFIX_PATH=${CMAKE_PREFIX_PATH}:/opt/ros/humble /usr/bin/cmake --build /home/shaman/ros2_ws/src/ROS_N6/ex04/build/robot_app -- -j12 -l12
[0.242s] DEBUG:colcon.colcon_core.event_handler.log_command:Invoking command in '/home/shaman/ros2_ws/src/ROS_N6/ex04/build/robot_bringup': CMAKE_PREFIX_PATH=${CMAKE_PREFIX_PATH}:/opt/ros/humble /usr/bin/cmake --build /home/shaman/ros2_ws/src/ROS_N6/ex04/build/robot_bringup -- -j12 -l12
[0.245s] DEBUG:colcon.colcon_core.event_handler.log_command:Invoking command in '/home/shaman/ros2_ws/src/ROS_N6/ex04/build/robot_description': CMAKE_PREFIX_PATH=${CMAKE_PREFIX_PATH}:/opt/ros/humble /usr/bin/cmake --build /home/shaman/ros2_ws/src/ROS_N6/ex04/build/robot_description -- -j12 -l12
[0.265s] DEBUG:colcon.colcon_core.event_handler.log_command:Invoked command in '/home/shaman/ros2_ws/src/ROS_N6/ex04/build/robot_app' returned '0': CMAKE_PREFIX_PATH=${CMAKE_PREFIX_PATH}:/opt/ros/humble /usr/bin/cmake --build /home/shaman/ros2_ws/src/ROS_N6/ex04/build/robot_app -- -j12 -l12
[0.265s] DEBUG:colcon.colcon_core.event_handler.log_command:Invoked command in '/home/shaman/ros2_ws/src/ROS_N6/ex04/build/robot_bringup' returned '0': CMAKE_PREFIX_PATH=${CMAKE_PREFIX_PATH}:/opt/ros/humble /usr/bin/cmake --build /home/shaman/ros2_ws/src/ROS_N6/ex04/build/robot_bringup -- -j12 -l12
[0.270s] DEBUG:colcon.colcon_core.event_handler.log_command:Invoked command in '/home/shaman/ros2_ws/src/ROS_N6/ex04/build/robot_description' returned '0': CMAKE_PREFIX_PATH=${CMAKE_PREFIX_PATH}:/opt/ros/humble /usr/bin/cmake --build /home/shaman/ros2_ws/src/ROS_N6/ex04/build/robot_description -- -j12 -l12
[0.285s] DEBUG:colcon.colcon_core.event_handler.log_command:Invoking command in '/home/shaman/ros2_ws/src/ROS_N6/ex04/build/robot_app': CMAKE_PREFIX_PATH=${CMAKE_PREFIX_PATH}:/opt/ros/humble /usr/bin/cmake --install /home/shaman/ros2_ws/src/ROS_N6/ex04/build/robot_app
[0.286s] DEBUG:colcon.colcon_core.event_handler.log_command:Invoking command in '/home/shaman/ros2_ws/src/ROS_N6/ex04/build/robot_bringup': CMAKE_PREFIX_PATH=${CMAKE_PREFIX_PATH}:/opt/ros/humble /usr/bin/cmake --install /home/shaman/ros2_ws/src/ROS_N6/ex04/build/robot_bringup
[0.287s] DEBUG:colcon.colcon_core.event_handler.log_command:Invoking command in '/home/shaman/ros2_ws/src/ROS_N6/ex04/build/robot_description': CMAKE_PREFIX_PATH=${CMAKE_PREFIX_PATH}:/opt/ros/humble /usr/bin/cmake --install /home/shaman/ros2_ws/src/ROS_N6/ex04/build/robot_description
[0.292s] Level 1:colcon.colcon_core.environment:create_environment_scripts_only(robot_app)
[0.294s] DEBUG:colcon.colcon_core.event_handler.log_command:Invoked command in '/home/shaman/ros2_ws/src/ROS_N6/ex04/build/robot_app' returned '0': CMAKE_PREFIX_PATH=${CMAKE_PREFIX_PATH}:/opt/ros/humble /usr/bin/cmake --install /home/shaman/ros2_ws/src/ROS_N6/ex04/build/robot_app
[0.295s] Level 1:colcon.colcon_core.environment:checking '/home/shaman/ros2_ws/src/ROS_N6/ex04/install/robot_app' for CMake module files
[0.295s] Level 1:colcon.colcon_core.environment:checking '/home/shaman/ros2_ws/src/ROS_N6/ex04/install/robot_app' for CMake config files
[0.295s] Level 1:colcon.colcon_core.shell:create_environment_hook('robot_app', 'cmake_prefix_path')
[0.295s] INFO:colcon.colcon_core.shell:Creating environment hook '/home/shaman/ros2_ws/src/ROS_N6/ex04/install/robot_app/share/robot_app/hook/cmake_prefix_path.ps1'
[0.296s] INFO:colcon.colcon_core.shell:Creating environment descriptor '/home/shaman/ros2_ws/src/ROS_N6/ex04/install/robot_app/share/robot_app/hook/cmake_prefix_path.dsv'
[0.296s] INFO:colcon.colcon_core.shell:Creating environment hook '/home/shaman/ros2_ws/src/ROS_N6/ex04/install/robot_app/share/robot_app/hook/cmake_prefix_path.sh'
[0.297s] Level 1:colcon.colcon_core.environment:checking '/home/shaman/ros2_ws/src/ROS_N6/ex04/install/robot_app/bin'
[0.297s] Level 1:colcon.colcon_core.environment:checking '/home/shaman/ros2_ws/src/ROS_N6/ex04/install/robot_app/lib/pkgconfig/robot_app.pc'
[0.297s] Level 1:colcon.colcon_core.environment:checking '/home/shaman/ros2_ws/src/ROS_N6/ex04/install/robot_app/lib/python3.10/site-packages'
[0.297s] Level 1:colcon.colcon_core.environment:checking '/home/shaman/ros2_ws/src/ROS_N6/ex04/install/robot_app/bin'
[0.297s] INFO:colcon.colcon_core.shell:Creating package script '/home/shaman/ros2_ws/src/ROS_N6/ex04/install/robot_app/share/robot_app/package.ps1'
[0.298s] INFO:colcon.colcon_core.shell:Creating package descriptor '/home/shaman/ros2_ws/src/ROS_N6/ex04/install/robot_app/share/robot_app/package.dsv'
[0.298s] INFO:colcon.colcon_core.shell:Creating package script '/home/shaman/ros2_ws/src/ROS_N6/ex04/install/robot_app/share/robot_app/package.sh'
[0.298s] INFO:colcon.colcon_core.shell:Creating package script '/home/shaman/ros2_ws/src/ROS_N6/ex04/install/robot_app/share/robot_app/package.bash'
[0.299s] INFO:colcon.colcon_core.shell:Creating package script '/home/shaman/ros2_ws/src/ROS_N6/ex04/install/robot_app/share/robot_app/package.zsh'
[0.299s] Level 1:colcon.colcon_core.environment:create_file_with_runtime_dependencies(/home/shaman/ros2_ws/src/ROS_N6/ex04/install/robot_app/share/colcon-core/packages/robot_app)
[0.300s] Level 1:colcon.colcon_core.environment:create_environment_scripts_only(robot_bringup)
[0.300s] Level 1:colcon.colcon_core.environment:checking '/home/shaman/ros2_ws/src/ROS_N6/ex04/install/robot_bringup' for CMake module files
[0.300s] DEBUG:colcon.colcon_core.event_handler.log_command:Invoked command in '/home/shaman/ros2_ws/src/ROS_N6/ex04/build/robot_bringup' returned '0': CMAKE_PREFIX_PATH=${CMAKE_PREFIX_PATH}:/opt/ros/humble /usr/bin/cmake --install /home/shaman/ros2_ws/src/ROS_N6/ex04/build/robot_bringup
[0.301s] Level 1:colcon.colcon_core.environment:checking '/home/shaman/ros2_ws/src/ROS_N6/ex04/install/robot_bringup' for CMake config files
[0.301s] Level 1:colcon.colcon_core.shell:create_environment_hook('robot_bringup', 'cmake_prefix_path')
[0.301s] INFO:colcon.colcon_core.shell:Creating environment hook '/home/shaman/ros2_ws/src/ROS_N6/ex04/install/robot_bringup/share/robot_bringup/hook/cmake_prefix_path.ps1'
[0.301s] INFO:colcon.colcon_core.shell:Creating environment descriptor '/home/shaman/ros2_ws/src/ROS_N6/ex04/install/robot_bringup/share/robot_bringup/hook/cmake_prefix_path.dsv'
[0.301s] INFO:colcon.colcon_core.shell:Creating environment hook '/home/shaman/ros2_ws/src/ROS_N6/ex04/install/robot_bringup/share/robot_bringup/hook/cmake_prefix_path.sh'
[0.302s] Level 1:colcon.colcon_core.environment:checking '/home/shaman/ros2_ws/src/ROS_N6/ex04/install/robot_bringup/bin'
[0.302s] Level 1:colcon.colcon_core.environment:checking '/home/shaman/ros2_ws/src/ROS_N6/ex04/install/robot_bringup/lib/pkgconfig/robot_bringup.pc'
[0.302s] Level 1:colcon.colcon_core.environment:checking '/home/shaman/ros2_ws/src/ROS_N6/ex04/install/robot_bringup/lib/python3.10/site-packages'
[0.302s] Level 1:colcon.colcon_core.environment:checking '/home/shaman/ros2_ws/src/ROS_N6/ex04/install/robot_bringup/bin'
[0.302s] INFO:colcon.colcon_core.shell:Creating package script '/home/shaman/ros2_ws/src/ROS_N6/ex04/install/robot_bringup/share/robot_bringup/package.ps1'
[0.302s] INFO:colcon.colcon_core.shell:Creating package descriptor '/home/shaman/ros2_ws/src/ROS_N6/ex04/install/robot_bringup/share/robot_bringup/package.dsv'
[0.303s] INFO:colcon.colcon_core.shell:Creating package script '/home/shaman/ros2_ws/src/ROS_N6/ex04/install/robot_bringup/share/robot_bringup/package.sh'
[0.303s] INFO:colcon.colcon_core.shell:Creating package script '/home/shaman/ros2_ws/src/ROS_N6/ex04/install/robot_bringup/share/robot_bringup/package.bash'
[0.303s] INFO:colcon.colcon_core.shell:Creating package script '/home/shaman/ros2_ws/src/ROS_N6/ex04/install/robot_bringup/share/robot_bringup/package.zsh'
[0.303s] Level 1:colcon.colcon_core.environment:create_file_with_runtime_dependencies(/home/shaman/ros2_ws/src/ROS_N6/ex04/install/robot_bringup/share/colcon-core/packages/robot_bringup)
[0.304s] Level 1:colcon.colcon_core.environment:create_environment_scripts_only(robot_description)
[0.304s] Level 1:colcon.colcon_core.environment:checking '/home/shaman/ros2_ws/src/ROS_N6/ex04/install/robot_description' for CMake module files
[0.304s] DEBUG:colcon.colcon_core.event_handler.log_command:Invoked command in '/home/shaman/ros2_ws/src/ROS_N6/ex04/build/robot_description' returned '0': CMAKE_PREFIX_PATH=${CMAKE_PREFIX_PATH}:/opt/ros/humble /usr/bin/cmake --install /home/shaman/ros2_ws/src/ROS_N6/ex04/build/robot_description
[0.305s] Level 1:colcon.colcon_core.environment:checking '/home/shaman/ros2_ws/src/ROS_N6/ex04/install/robot_description' for CMake config files
[0.305s] Level 1:colcon.colcon_core.shell:create_environment_hook('robot_description', 'cmake_prefix_path')
[0.305s] INFO:colcon.colcon_core.shell:Creating environment hook '/home/shaman/ros2_ws/src/ROS_N6/ex04/install/robot_description/share/robot_description/hook/cmake_prefix_path.ps1'
[0.305s] INFO:colcon.colcon_core.shell:Creating environment descriptor '/home/shaman/ros2_ws/src/ROS_N6/ex04/install/robot_description/share/robot_description/hook/cmake_prefix_path.dsv'
[0.305s] INFO:colcon.colcon_core.shell:Creating environment hook '/home/shaman/ros2_ws/src/ROS_N6/ex04/install/robot_description/share/robot_description/hook/cmake_prefix_path.sh'
[0.306s] Level 1:colcon.colcon_core.environment:checking '/home/shaman/ros2_ws/src/ROS_N6/ex04/install/robot_description/bin'
[0.306s] Level 1:colcon.colcon_core.environment:checking '/home/shaman/ros2_ws/src/ROS_N6/ex04/install/robot_description/lib/pkgconfig/robot_description.pc'
[0.306s] Level 1:colcon.colcon_core.environment:checking '/home/shaman/ros2_ws/src/ROS_N6/ex04/install/robot_description/lib/python3.10/site-packages'
[0.306s] Level 1:colcon.colcon_core.environment:checking '/home/shaman/ros2_ws/src/ROS_N6/ex04/install/robot_description/bin'
[0.306s] INFO:colcon.colcon_core.shell:Creating package script '/home/shaman/ros2_ws/src/ROS_N6/ex04/install/robot_description/share/robot_description/package.ps1'
[0.306s] INFO:colcon.colcon_core.shell:Creating package descriptor '/home/shaman/ros2_ws/src/ROS_N6/ex04/install/robot_description/share/robot_description/package.dsv'
[0.306s] INFO:colcon.colcon_core.shell:Creating package script '/home/shaman/ros2_ws/src/ROS_N6/ex04/install/robot_description/share/robot_description/package.sh'
[0.307s] INFO:colcon.colcon_core.shell:Creating package script '/home/shaman/ros2_ws/src/ROS_N6/ex04/install/robot_description/share/robot_description/package.bash'
[0.307s] INFO:colcon.colcon_core.shell:Creating package script '/home/shaman/ros2_ws/src/ROS_N6/ex04/install/robot_description/share/robot_description/package.zsh'
[0.307s] Level 1:colcon.colcon_core.environment:create_file_with_runtime_dependencies(/home/shaman/ros2_ws/src/ROS_N6/ex04/install/robot_description/share/colcon-core/packages/robot_description)
[0.315s] Level 1:colcon.colcon_core.environment:create_environment_scripts_only(robot_app)
[0.315s] Level 1:colcon.colcon_core.environment:checking '/home/shaman/ros2_ws/src/ROS_N6/ex04/install/robot_app' for CMake module files
[0.316s] Level 1:colcon.colcon_core.environment:checking '/home/shaman/ros2_ws/src/ROS_N6/ex04/install/robot_app' for CMake config files
[0.316s] Level 1:colcon.colcon_core.shell:create_environment_hook('robot_app', 'cmake_prefix_path')
[0.316s] INFO:colcon.colcon_core.shell:Creating environment hook '/home/shaman/ros2_ws/src/ROS_N6/ex04/install/robot_app/share/robot_app/hook/cmake_prefix_path.ps1'
[0.316s] INFO:colcon.colcon_core.shell:Creating environment descriptor '/home/shaman/ros2_ws/src/ROS_N6/ex04/install/robot_app/share/robot_app/hook/cmake_prefix_path.dsv'
[0.317s] INFO:colcon.colcon_core.shell:Creating environment hook '/home/shaman/ros2_ws/src/ROS_N6/ex04/install/robot_app/share/robot_app/hook/cmake_prefix_path.sh'
[0.317s] Level 1:colcon.colcon_core.environment:checking '/home/shaman/ros2_ws/src/ROS_N6/ex04/install/robot_app/bin'
[0.317s] Level 1:colcon.colcon_core.environment:checking '/home/shaman/ros2_ws/src/ROS_N6/ex04/install/robot_app/lib/pkgconfig/robot_app.pc'
[0.317s] Level 1:colcon.colcon_core.environment:checking '/home/shaman/ros2_ws/src/ROS_N6/ex04/install/robot_app/lib/python3.10/site-packages'
[0.317s] Level 1:colcon.colcon_core.environment:checking '/home/shaman/ros2_ws/src/ROS_N6/ex04/install/robot_app/bin'
[0.317s] INFO:colcon.colcon_core.shell:Creating package script '/home/shaman/ros2_ws/src/ROS_N6/ex04/install/robot_app/share/robot_app/package.ps1'
[0.318s] INFO:colcon.colcon_core.shell:Creating package descriptor '/home/shaman/ros2_ws/src/ROS_N6/ex04/install/robot_app/share/robot_app/package.dsv'
[0.318s] INFO:colcon.colcon_core.shell:Creating package script '/home/shaman/ros2_ws/src/ROS_N6/ex04/install/robot_app/share/robot_app/package.sh'
[0.318s] INFO:colcon.colcon_core.shell:Creating package script '/home/shaman/ros2_ws/src/ROS_N6/ex04/install/robot_app/share/robot_app/package.bash'
[0.318s] INFO:colcon.colcon_core.shell:Creating package script '/home/shaman/ros2_ws/src/ROS_N6/ex04/install/robot_app/share/robot_app/package.zsh'
[0.319s] Level 1:colcon.colcon_core.environment:create_file_with_runtime_dependencies(/home/shaman/ros2_ws/src/ROS_N6/ex04/install/robot_app/share/colcon-core/packages/robot_app)
[0.319s] Level 1:colcon.colcon_core.environment:create_environment_scripts_only(robot_bringup)
[0.319s] Level 1:colcon.colcon_core.environment:checking '/home/shaman/ros2_ws/src/ROS_N6/ex04/install/robot_bringup' for CMake module files
[0.320s] Level 1:colcon.colcon_core.environment:checking '/home/shaman/ros2_ws/src/ROS_N6/ex04/install/robot_bringup' for CMake config files
[0.320s] Level 1:colcon.colcon_core.shell:create_environment_hook('robot_bringup', 'cmake_prefix_path')
[0.320s] INFO:colcon.colcon_core.shell:Creating environment hook '/home/shaman/ros2_ws/src/ROS_N6/ex04/install/robot_bringup/share/robot_bringup/hook/cmake_prefix_path.ps1'
[0.320s] INFO:colcon.colcon_core.shell:Creating environment descriptor '/home/shaman/ros2_ws/src/ROS_N6/ex04/install/robot_bringup/share/robot_bringup/hook/cmake_prefix_path.dsv'
[0.320s] INFO:colcon.colcon_core.shell:Creating environment hook '/home/shaman/ros2_ws/src/ROS_N6/ex04/install/robot_bringup/share/robot_bringup/hook/cmake_prefix_path.sh'
[0.321s] Level 1:colcon.colcon_core.environment:checking '/home/shaman/ros2_ws/src/ROS_N6/ex04/install/robot_bringup/bin'
[0.321s] Level 1:colcon.colcon_core.environment:checking '/home/shaman/ros2_ws/src/ROS_N6/ex04/install/robot_bringup/lib/pkgconfig/robot_bringup.pc'
[0.321s] Level 1:colcon.colcon_core.environment:checking '/home/shaman/ros2_ws/src/ROS_N6/ex04/install/robot_bringup/lib/python3.10/site-packages'
[0.321s] Level 1:colcon.colcon_core.environment:checking '/home/shaman/ros2_ws/src/ROS_N6/ex04/install/robot_bringup/bin'
[0.321s] INFO:colcon.colcon_core.shell:Creating package script '/home/shaman/ros2_ws/src/ROS_N6/ex04/install/robot_bringup/share/robot_bringup/package.ps1'
[0.322s] INFO:colcon.colcon_core.shell:Creating package descriptor '/home/shaman/ros2_ws/src/ROS_N6/ex04/install/robot_bringup/share/robot_bringup/package.dsv'
[0.322s] INFO:colcon.colcon_core.shell:Creating package script '/home/shaman/ros2_ws/src/ROS_N6/ex04/install/robot_bringup/share/robot_bringup/package.sh'
[0.322s] INFO:colcon.colcon_core.shell:Creating package script '/home/shaman/ros2_ws/src/ROS_N6/ex04/install/robot_bringup/share/robot_bringup/package.bash'
[0.322s] INFO:colcon.colcon_core.shell:Creating package script '/home/shaman/ros2_ws/src/ROS_N6/ex04/install/robot_bringup/share/robot_bringup/package.zsh'
[0.323s] Level 1:colcon.colcon_core.environment:create_file_with_runtime_dependencies(/home/shaman/ros2_ws/src/ROS_N6/ex04/install/robot_bringup/share/colcon-core/packages/robot_bringup)
[0.323s] Level 1:colcon.colcon_core.environment:create_environment_scripts_only(robot_description)
[0.323s] Level 1:colcon.colcon_core.environment:checking '/home/shaman/ros2_ws/src/ROS_N6/ex04/install/robot_description' for CMake module files
[0.324s] Level 1:colcon.colcon_core.environment:checking '/home/shaman/ros2_ws/src/ROS_N6/ex04/install/robot_description' for CMake config files
[0.324s] Level 1:colcon.colcon_core.shell:create_environment_hook('robot_description', 'cmake_prefix_path')
[0.324s] INFO:colcon.colcon_core.shell:Creating environment hook '/home/shaman/ros2_ws/src/ROS_N6/ex04/install/robot_description/share/robot_description/hook/cmake_prefix_path.ps1'
[0.324s] INFO:colcon.colcon_core.shell:Creating environment descriptor '/home/shaman/ros2_ws/src/ROS_N6/ex04/install/robot_description/share/robot_description/hook/cmake_prefix_path.dsv'
[0.324s] INFO:colcon.colcon_core.shell:Creating environment hook '/home/shaman/ros2_ws/src/ROS_N6/ex04/install/robot_description/share/robot_description/hook/cmake_prefix_path.sh'
[0.324s] Level 1:colcon.colcon_core.environment:checking '/home/shaman/ros2_ws/src/ROS_N6/ex04/install/robot_description/bin'
[0.324s] Level 1:colcon.colcon_core.environment:checking '/home/shaman/ros2_ws/src/ROS_N6/ex04/install/robot_description/lib/pkgconfig/robot_description.pc'
[0.325s] Level 1:colcon.colcon_core.environment:checking '/home/shaman/ros2_ws/src/ROS_N6/ex04/install/robot_description/lib/python3.10/site-packages'
[0.325s] Level 1:colcon.colcon_core.environment:checking '/home/shaman/ros2_ws/src/ROS_N6/ex04/install/robot_description/bin'
[0.325s] INFO:colcon.colcon_core.shell:Creating package script '/home/shaman/ros2_ws/src/ROS_N6/ex04/install/robot_description/share/robot_description/package.ps1'
[0.325s] INFO:colcon.colcon_core.shell:Creating package descriptor '/home/shaman/ros2_ws/src/ROS_N6/ex04/install/robot_description/share/robot_description/package.dsv'
[0.325s] INFO:colcon.colcon_core.shell:Creating package script '/home/shaman/ros2_ws/src/ROS_N6/ex04/install/robot_description/share/robot_description/package.sh'
[0.325s] INFO:colcon.colcon_core.shell:Creating package script '/home/shaman/ros2_ws/src/ROS_N6/ex04/install/robot_description/share/robot_description/package.bash'
[0.326s] INFO:colcon.colcon_core.shell:Creating package script '/home/shaman/ros2_ws/src/ROS_N6/ex04/install/robot_description/share/robot_description/package.zsh'
[0.326s] Level 1:colcon.colcon_core.environment:create_file_with_runtime_dependencies(/home/shaman/ros2_ws/src/ROS_N6/ex04/install/robot_description/share/colcon-core/packages/robot_description)
[5.869s] DEBUG:colcon.colcon_core.event_handler.log_command:Invoked command in '/home/shaman/ros2_ws/src/ROS_N6/ex04/build/my_robot_controller_lidar' returned '0': CMAKE_PREFIX_PATH=${CMAKE_PREFIX_PATH}:/opt/ros/humble /usr/bin/cmake --build /home/shaman/ros2_ws/src/ROS_N6/ex04/build/my_robot_controller_lidar -- -j12 -l12
[5.895s] DEBUG:colcon.colcon_core.event_handler.log_command:Invoking command in '/home/shaman/ros2_ws/src/ROS_N6/ex04/build/my_robot_controller_lidar': CMAKE_PREFIX_PATH=${CMAKE_PREFIX_PATH}:/opt/ros/humble /usr/bin/cmake --install /home/shaman/ros2_ws/src/ROS_N6/ex04/build/my_robot_controller_lidar
[5.906s] Level 1:colcon.colcon_core.environment:create_environment_scripts_only(my_robot_controller_lidar)
[5.906s] Level 1:colcon.colcon_core.environment:checking '/home/shaman/ros2_ws/src/ROS_N6/ex04/install/my_robot_controller_lidar' for CMake module files
[5.906s] DEBUG:colcon.colcon_core.event_handler.log_command:Invoked command in '/home/shaman/ros2_ws/src/ROS_N6/ex04/build/my_robot_controller_lidar' returned '0': CMAKE_PREFIX_PATH=${CMAKE_PREFIX_PATH}:/opt/ros/humble /usr/bin/cmake --install /home/shaman/ros2_ws/src/ROS_N6/ex04/build/my_robot_controller_lidar
[5.907s] Level 1:colcon.colcon_core.environment:checking '/home/shaman/ros2_ws/src/ROS_N6/ex04/install/my_robot_controller_lidar' for CMake config files
[5.907s] Level 1:colcon.colcon_core.shell:create_environment_hook('my_robot_controller_lidar', 'cmake_prefix_path')
[5.907s] INFO:colcon.colcon_core.shell:Creating environment hook '/home/shaman/ros2_ws/src/ROS_N6/ex04/install/my_robot_controller_lidar/share/my_robot_controller_lidar/hook/cmake_prefix_path.ps1'
[5.907s] INFO:colcon.colcon_core.shell:Creating environment descriptor '/home/shaman/ros2_ws/src/ROS_N6/ex04/install/my_robot_controller_lidar/share/my_robot_controller_lidar/hook/cmake_prefix_path.dsv'
[5.907s] INFO:colcon.colcon_core.shell:Creating environment hook '/home/shaman/ros2_ws/src/ROS_N6/ex04/install/my_robot_controller_lidar/share/my_robot_controller_lidar/hook/cmake_prefix_path.sh'
[5.908s] Level 1:colcon.colcon_core.environment:checking '/home/shaman/ros2_ws/src/ROS_N6/ex04/install/my_robot_controller_lidar/lib'
[5.908s] Level 1:colcon.colcon_core.environment:checking '/home/shaman/ros2_ws/src/ROS_N6/ex04/install/my_robot_controller_lidar/bin'
[5.908s] Level 1:colcon.colcon_core.environment:checking '/home/shaman/ros2_ws/src/ROS_N6/ex04/install/my_robot_controller_lidar/lib/pkgconfig/my_robot_controller_lidar.pc'
[5.908s] Level 1:colcon.colcon_core.environment:checking '/home/shaman/ros2_ws/src/ROS_N6/ex04/install/my_robot_controller_lidar/lib/python3.10/site-packages'
[5.908s] Level 1:colcon.colcon_core.environment:checking '/home/shaman/ros2_ws/src/ROS_N6/ex04/install/my_robot_controller_lidar/bin'
[5.908s] INFO:colcon.colcon_core.shell:Creating package script '/home/shaman/ros2_ws/src/ROS_N6/ex04/install/my_robot_controller_lidar/share/my_robot_controller_lidar/package.ps1'
[5.909s] INFO:colcon.colcon_core.shell:Creating package descriptor '/home/shaman/ros2_ws/src/ROS_N6/ex04/install/my_robot_controller_lidar/share/my_robot_controller_lidar/package.dsv'
[5.909s] INFO:colcon.colcon_core.shell:Creating package script '/home/shaman/ros2_ws/src/ROS_N6/ex04/install/my_robot_controller_lidar/share/my_robot_controller_lidar/package.sh'
[5.909s] INFO:colcon.colcon_core.shell:Creating package script '/home/shaman/ros2_ws/src/ROS_N6/ex04/install/my_robot_controller_lidar/share/my_robot_controller_lidar/package.bash'
[5.909s] INFO:colcon.colcon_core.shell:Creating package script '/home/shaman/ros2_ws/src/ROS_N6/ex04/install/my_robot_controller_lidar/share/my_robot_controller_lidar/package.zsh'
[5.909s] Level 1:colcon.colcon_core.environment:create_file_with_runtime_dependencies(/home/shaman/ros2_ws/src/ROS_N6/ex04/install/my_robot_controller_lidar/share/colcon-core/packages/my_robot_controller_lidar)
[5.932s] Level 1:colcon.colcon_core.environment:create_environment_scripts_only(my_robot_controller_lidar)
[5.932s] Level 1:colcon.colcon_core.environment:checking '/home/shaman/ros2_ws/src/ROS_N6/ex04/install/my_robot_controller_lidar' for CMake module files
[5.933s] Level 1:colcon.colcon_core.environment:checking '/home/shaman/ros2_ws/src/ROS_N6/ex04/install/my_robot_controller_lidar' for CMake config files
[5.933s] Level 1:colcon.colcon_core.shell:create_environment_hook('my_robot_controller_lidar', 'cmake_prefix_path')
[5.933s] INFO:colcon.colcon_core.shell:Creating environment hook '/home/shaman/ros2_ws/src/ROS_N6/ex04/install/my_robot_controller_lidar/share/my_robot_controller_lidar/hook/cmake_prefix_path.ps1'
[5.934s] INFO:colcon.colcon_core.shell:Creating environment descriptor '/home/shaman/ros2_ws/src/ROS_N6/ex04/install/my_robot_controller_lidar/share/my_robot_controller_lidar/hook/cmake_prefix_path.dsv'
[5.935s] INFO:colcon.colcon_core.shell:Creating environment hook '/home/shaman/ros2_ws/src/ROS_N6/ex04/install/my_robot_controller_lidar/share/my_robot_controller_lidar/hook/cmake_prefix_path.sh'
[5.935s] Level 1:colcon.colcon_core.environment:checking '/home/shaman/ros2_ws/src/ROS_N6/ex04/install/my_robot_controller_lidar/lib'
[5.936s] Level 1:colcon.colcon_core.environment:checking '/home/shaman/ros2_ws/src/ROS_N6/ex04/install/my_robot_controller_lidar/bin'
[5.936s] Level 1:colcon.colcon_core.environment:checking '/home/shaman/ros2_ws/src/ROS_N6/ex04/install/my_robot_controller_lidar/lib/pkgconfig/my_robot_controller_lidar.pc'
[5.936s] Level 1:colcon.colcon_core.environment:checking '/home/shaman/ros2_ws/src/ROS_N6/ex04/install/my_robot_controller_lidar/lib/python3.10/site-packages'
[5.936s] Level 1:colcon.colcon_core.environment:checking '/home/shaman/ros2_ws/src/ROS_N6/ex04/install/my_robot_controller_lidar/bin'
[5.937s] INFO:colcon.colcon_core.shell:Creating package script '/home/shaman/ros2_ws/src/ROS_N6/ex04/install/my_robot_controller_lidar/share/my_robot_controller_lidar/package.ps1'
[5.938s] INFO:colcon.colcon_core.shell:Creating package descriptor '/home/shaman/ros2_ws/src/ROS_N6/ex04/install/my_robot_controller_lidar/share/my_robot_controller_lidar/package.dsv'
[5.939s] INFO:colcon.colcon_core.shell:Creating package script '/home/shaman/ros2_ws/src/ROS_N6/ex04/install/my_robot_controller_lidar/share/my_robot_controller_lidar/package.sh'
[5.940s] INFO:colcon.colcon_core.shell:Creating package script '/home/shaman/ros2_ws/src/ROS_N6/ex04/install/my_robot_controller_lidar/share/my_robot_controller_lidar/package.bash'
[5.941s] INFO:colcon.colcon_core.shell:Creating package script '/home/shaman/ros2_ws/src/ROS_N6/ex04/install/my_robot_controller_lidar/share/my_robot_controller_lidar/package.zsh'
[5.941s] Level 1:colcon.colcon_core.environment:create_file_with_runtime_dependencies(/home/shaman/ros2_ws/src/ROS_N6/ex04/install/my_robot_controller_lidar/share/colcon-core/packages/my_robot_controller_lidar)
[5.942s] DEBUG:colcon.colcon_parallel_executor.executor.parallel:closing loop
[5.942s] DEBUG:colcon.colcon_parallel_executor.executor.parallel:loop closed
[5.942s] DEBUG:colcon.colcon_parallel_executor.executor.parallel:run_until_complete finished with '0'
[5.942s] DEBUG:colcon.colcon_core.event_reactor:joining thread
[5.950s] INFO:colcon.colcon_core.plugin_system:Skipping extension 'colcon_notification.desktop_notification.terminal_notifier': Not used on non-Darwin systems
[5.951s] INFO:colcon.colcon_core.plugin_system:Skipping extension 'colcon_notification.desktop_notification.win32': Not used on non-Windows systems
[5.951s] INFO:colcon.colcon_notification.desktop_notification:Sending desktop notification using 'notify2'
[5.968s] DEBUG:colcon.colcon_core.event_reactor:joined thread
[5.969s] INFO:colcon.colcon_core.shell:Creating prefix script '/home/shaman/ros2_ws/src/ROS_N6/ex04/install/local_setup.ps1'
[5.970s] INFO:colcon.colcon_core.shell:Creating prefix util module '/home/shaman/ros2_ws/src/ROS_N6/ex04/install/_local_setup_util_ps1.py'
[5.971s] INFO:colcon.colcon_core.shell:Creating prefix chain script '/home/shaman/ros2_ws/src/ROS_N6/ex04/install/setup.ps1'
[5.973s] INFO:colcon.colcon_core.shell:Creating prefix script '/home/shaman/ros2_ws/src/ROS_N6/ex04/install/local_setup.sh'
[5.973s] INFO:colcon.colcon_core.shell:Creating prefix util module '/home/shaman/ros2_ws/src/ROS_N6/ex04/install/_local_setup_util_sh.py'
[5.974s] INFO:colcon.colcon_core.shell:Creating prefix chain script '/home/shaman/ros2_ws/src/ROS_N6/ex04/install/setup.sh'
[5.975s] INFO:colcon.colcon_core.shell:Creating prefix script '/home/shaman/ros2_ws/src/ROS_N6/ex04/install/local_setup.bash'
[5.975s] INFO:colcon.colcon_core.shell:Creating prefix chain script '/home/shaman/ros2_ws/src/ROS_N6/ex04/install/setup.bash'
[5.976s] INFO:colcon.colcon_core.shell:Creating prefix script '/home/shaman/ros2_ws/src/ROS_N6/ex04/install/local_setup.zsh'
[5.977s] INFO:colcon.colcon_core.shell:Creating prefix chain script '/home/shaman/ros2_ws/src/ROS_N6/ex04/install/setup.zsh'
