[0.014s] Invoking command in '/home/shaman/ros2_ws/src/ROS_N6/ex04/build/my_robot_controller': CMAKE_PREFIX_PATH=${CMAKE_PREFIX_PATH}:/opt/ros/humble /usr/bin/cmake --build /home/shaman/ros2_ws/src/ROS_N6/ex04/build/my_robot_controller -- -j12 -l12
[0.032s] -- Found ament_cmake: 1.3.10 (/opt/ros/humble/share/ament_cmake/cmake)
[0.118s] -- Found rclcpp: 16.0.10 (/opt/ros/humble/share/rclcpp/cmake)
[0.135s] -- Found rosidl_generator_c: 3.1.5 (/opt/ros/humble/share/rosidl_generator_c/cmake)
[0.137s] -- Found rosidl_adapter: 3.1.5 (/opt/ros/humble/share/rosidl_adapter/cmake)
[0.140s] -- Found rosidl_generator_cpp: 3.1.5 (/opt/ros/humble/share/rosidl_generator_cpp/cmake)
[0.146s] -- Using all available rosidl_typesupport_c: rosidl_typesupport_fastrtps_c;rosidl_typesupport_introspection_c
[0.153s] -- Using all available rosidl_typesupport_cpp: rosidl_typesupport_fastrtps_cpp;rosidl_typesupport_introspection_cpp
[0.172s] -- Found rmw_implementation_cmake: 6.1.2 (/opt/ros/humble/share/rmw_implementation_cmake/cmake)
[0.173s] -- Found rmw_fastrtps_cpp: 6.2.7 (/opt/ros/humble/share/rmw_fastrtps_cpp/cmake)
[0.240s] -- Using RMW implementation 'rmw_fastrtps_cpp' as default
[0.268s] -- Found geometry_msgs: 4.2.4 (/opt/ros/humble/share/geometry_msgs/cmake)
[0.275s] -- Found tf2_ros: 0.25.8 (/opt/ros/humble/share/tf2_ros/cmake)
[0.332s] -- Found sensor_msgs: 4.2.4 (/opt/ros/humble/share/sensor_msgs/cmake)
[0.345s] -- Found ament_lint_auto: 0.12.11 (/opt/ros/humble/share/ament_lint_auto/cmake)
[0.388s] -- Added test 'cppcheck' to perform static code analysis on C / C++ code
[0.388s] -- Configured cppcheck include dirs: 
[0.388s] -- Configured cppcheck exclude dirs and/or files: 
[0.388s] -- Added test 'lint_cmake' to check CMake code style
[0.388s] -- Added test 'uncrustify' to check C / C++ code style
[0.388s] -- Configured uncrustify additional arguments: 
[0.388s] -- Added test 'xmllint' to check XML markup files
[0.389s] -- Configuring done
[0.395s] -- Generating done
[0.396s] -- Build files have been written to: /home/shaman/ros2_ws/src/ROS_N6/ex04/build/my_robot_controller
[0.424s] [ 50%] [32mBuilding CXX object CMakeFiles/robot_controller.dir/src/robot_controller.cpp.o[0m
[5.827s] [100%] [32m[1mLinking CXX executable robot_controller[0m
[6.115s] [100%] Built target robot_controller
[6.126s] Invoked command in '/home/shaman/ros2_ws/src/ROS_N6/ex04/build/my_robot_controller' returned '0': CMAKE_PREFIX_PATH=${CMAKE_PREFIX_PATH}:/opt/ros/humble /usr/bin/cmake --build /home/shaman/ros2_ws/src/ROS_N6/ex04/build/my_robot_controller -- -j12 -l12
[6.172s] Invoking command in '/home/shaman/ros2_ws/src/ROS_N6/ex04/build/my_robot_controller': CMAKE_PREFIX_PATH=${CMAKE_PREFIX_PATH}:/opt/ros/humble /usr/bin/cmake --install /home/shaman/ros2_ws/src/ROS_N6/ex04/build/my_robot_controller
[6.190s] -- Install configuration: ""
[6.190s] -- Installing: /home/shaman/ros2_ws/src/ROS_N6/ex04/install/my_robot_controller/lib/my_robot_controller/robot_controller
[6.193s] -- Set runtime path of "/home/shaman/ros2_ws/src/ROS_N6/ex04/install/my_robot_controller/lib/my_robot_controller/robot_controller" to ""
[6.193s] -- Installing: /home/shaman/ros2_ws/src/ROS_N6/ex04/install/my_robot_controller/share/ament_index/resource_index/package_run_dependencies/my_robot_controller
[6.194s] -- Installing: /home/shaman/ros2_ws/src/ROS_N6/ex04/install/my_robot_controller/share/ament_index/resource_index/parent_prefix_path/my_robot_controller
[6.194s] -- Installing: /home/shaman/ros2_ws/src/ROS_N6/ex04/install/my_robot_controller/share/my_robot_controller/environment/ament_prefix_path.sh
[6.194s] -- Installing: /home/shaman/ros2_ws/src/ROS_N6/ex04/install/my_robot_controller/share/my_robot_controller/environment/ament_prefix_path.dsv
[6.194s] -- Installing: /home/shaman/ros2_ws/src/ROS_N6/ex04/install/my_robot_controller/share/my_robot_controller/environment/path.sh
[6.194s] -- Installing: /home/shaman/ros2_ws/src/ROS_N6/ex04/install/my_robot_controller/share/my_robot_controller/environment/path.dsv
[6.194s] -- Installing: /home/shaman/ros2_ws/src/ROS_N6/ex04/install/my_robot_controller/share/my_robot_controller/local_setup.bash
[6.194s] -- Installing: /home/shaman/ros2_ws/src/ROS_N6/ex04/install/my_robot_controller/share/my_robot_controller/local_setup.sh
[6.194s] -- Installing: /home/shaman/ros2_ws/src/ROS_N6/ex04/install/my_robot_controller/share/my_robot_controller/local_setup.zsh
[6.194s] -- Installing: /home/shaman/ros2_ws/src/ROS_N6/ex04/install/my_robot_controller/share/my_robot_controller/local_setup.dsv
[6.194s] -- Installing: /home/shaman/ros2_ws/src/ROS_N6/ex04/install/my_robot_controller/share/my_robot_controller/package.dsv
[6.195s] -- Installing: /home/shaman/ros2_ws/src/ROS_N6/ex04/install/my_robot_controller/share/ament_index/resource_index/packages/my_robot_controller
[6.195s] -- Installing: /home/shaman/ros2_ws/src/ROS_N6/ex04/install/my_robot_controller/share/my_robot_controller/cmake/my_robot_controllerConfig.cmake
[6.195s] -- Installing: /home/shaman/ros2_ws/src/ROS_N6/ex04/install/my_robot_controller/share/my_robot_controller/cmake/my_robot_controllerConfig-version.cmake
[6.195s] -- Installing: /home/shaman/ros2_ws/src/ROS_N6/ex04/install/my_robot_controller/share/my_robot_controller/package.xml
[6.197s] Invoked command in '/home/shaman/ros2_ws/src/ROS_N6/ex04/build/my_robot_controller' returned '0': CMAKE_PREFIX_PATH=${CMAKE_PREFIX_PATH}:/opt/ros/humble /usr/bin/cmake --install /home/shaman/ros2_ws/src/ROS_N6/ex04/build/my_robot_controller
