[0.013s] Invoking command in '/home/shaman/ros2_ws/src/ROS_N6/ex03/build/robot_description': CMAKE_PREFIX_PATH=${CMAKE_PREFIX_PATH}:/opt/ros/humble /usr/bin/cmake /home/shaman/ros2_ws/src/ROS_N6/ex03/robot_description -DCMAKE_INSTALL_PREFIX=/home/shaman/ros2_ws/src/ROS_N6/ex03/install/robot_description
[0.062s] -- The C compiler identification is GNU 11.4.0
[0.112s] -- The CXX compiler identification is GNU 11.4.0
[0.119s] -- Detecting C compiler ABI info
[0.181s] -- Detecting C compiler ABI info - done
[0.187s] -- Check for working C compiler: /usr/bin/cc - skipped
[0.188s] -- Detecting C compile features
[0.188s] -- Detecting C compile features - done
[0.191s] -- Detecting CXX compiler ABI info
[0.266s] -- Detecting CXX compiler ABI info - done
[0.273s] -- Check for working CXX compiler: /usr/bin/c++ - skipped
[0.273s] -- Detecting CXX compile features
[0.274s] -- Detecting CXX compile features - done
[0.277s] -- Found ament_cmake: 1.3.10 (/opt/ros/humble/share/ament_cmake/cmake)
[0.423s] -- Found Python3: /usr/bin/python3 (found version "3.10.12") found components: Interpreter 
[0.515s] -- Found ament_lint_auto: 0.12.11 (/opt/ros/humble/share/ament_lint_auto/cmake)
[0.575s] -- Configuring done
[0.578s] -- Generating done
[0.578s] -- Build files have been written to: /home/shaman/ros2_ws/src/ROS_N6/ex03/build/robot_description
[0.585s] Invoked command in '/home/shaman/ros2_ws/src/ROS_N6/ex03/build/robot_description' returned '0': CMAKE_PREFIX_PATH=${CMAKE_PREFIX_PATH}:/opt/ros/humble /usr/bin/cmake /home/shaman/ros2_ws/src/ROS_N6/ex03/robot_description -DCMAKE_INSTALL_PREFIX=/home/shaman/ros2_ws/src/ROS_N6/ex03/install/robot_description
[0.586s] Invoking command in '/home/shaman/ros2_ws/src/ROS_N6/ex03/build/robot_description': CMAKE_PREFIX_PATH=${CMAKE_PREFIX_PATH}:/opt/ros/humble /usr/bin/cmake --build /home/shaman/ros2_ws/src/ROS_N6/ex03/build/robot_description -- -j12 -l12
[0.619s] Invoked command in '/home/shaman/ros2_ws/src/ROS_N6/ex03/build/robot_description' returned '0': CMAKE_PREFIX_PATH=${CMAKE_PREFIX_PATH}:/opt/ros/humble /usr/bin/cmake --build /home/shaman/ros2_ws/src/ROS_N6/ex03/build/robot_description -- -j12 -l12
[0.648s] Invoking command in '/home/shaman/ros2_ws/src/ROS_N6/ex03/build/robot_description': CMAKE_PREFIX_PATH=${CMAKE_PREFIX_PATH}:/opt/ros/humble /usr/bin/cmake --install /home/shaman/ros2_ws/src/ROS_N6/ex03/build/robot_description
[0.654s] -- Install configuration: ""
[0.654s] -- Installing: /home/shaman/ros2_ws/src/ROS_N6/ex03/install/robot_description/share/robot_description//urdf
[0.654s] -- Installing: /home/shaman/ros2_ws/src/ROS_N6/ex03/install/robot_description/share/robot_description//urdf/robot.urdf.xacro
[0.654s] -- Installing: /home/shaman/ros2_ws/src/ROS_N6/ex03/install/robot_description/share/robot_description//urdf/d455.stl
[0.657s] -- Installing: /home/shaman/ros2_ws/src/ROS_N6/ex03/install/robot_description/share/robot_description//urdf/imu.urdf.xacro
[0.657s] -- Installing: /home/shaman/ros2_ws/src/ROS_N6/ex03/install/robot_description/share/robot_description//urdf/gazebo.urdf.xacro
[0.657s] -- Installing: /home/shaman/ros2_ws/src/ROS_N6/ex03/install/robot_description/share/robot_description//urdf/lidar.urdf.xacro
[0.657s] -- Installing: /home/shaman/ros2_ws/src/ROS_N6/ex03/install/robot_description/share/robot_description//urdf/depth.urdf.xacro
[0.657s] -- Installing: /home/shaman/ros2_ws/src/ROS_N6/ex03/install/robot_description/share/ament_index/resource_index/package_run_dependencies/robot_description
[0.657s] -- Installing: /home/shaman/ros2_ws/src/ROS_N6/ex03/install/robot_description/share/ament_index/resource_index/parent_prefix_path/robot_description
[0.657s] -- Installing: /home/shaman/ros2_ws/src/ROS_N6/ex03/install/robot_description/share/robot_description/environment/ament_prefix_path.sh
[0.658s] -- Installing: /home/shaman/ros2_ws/src/ROS_N6/ex03/install/robot_description/share/robot_description/environment/ament_prefix_path.dsv
[0.658s] -- Installing: /home/shaman/ros2_ws/src/ROS_N6/ex03/install/robot_description/share/robot_description/environment/path.sh
[0.658s] -- Installing: /home/shaman/ros2_ws/src/ROS_N6/ex03/install/robot_description/share/robot_description/environment/path.dsv
[0.658s] -- Installing: /home/shaman/ros2_ws/src/ROS_N6/ex03/install/robot_description/share/robot_description/local_setup.bash
[0.658s] -- Installing: /home/shaman/ros2_ws/src/ROS_N6/ex03/install/robot_description/share/robot_description/local_setup.sh
[0.658s] -- Installing: /home/shaman/ros2_ws/src/ROS_N6/ex03/install/robot_description/share/robot_description/local_setup.zsh
[0.658s] -- Installing: /home/shaman/ros2_ws/src/ROS_N6/ex03/install/robot_description/share/robot_description/local_setup.dsv
[0.658s] -- Installing: /home/shaman/ros2_ws/src/ROS_N6/ex03/install/robot_description/share/robot_description/package.dsv
[0.658s] -- Installing: /home/shaman/ros2_ws/src/ROS_N6/ex03/install/robot_description/share/ament_index/resource_index/packages/robot_description
[0.658s] -- Installing: /home/shaman/ros2_ws/src/ROS_N6/ex03/install/robot_description/share/robot_description/cmake/robot_descriptionConfig.cmake
[0.658s] -- Installing: /home/shaman/ros2_ws/src/ROS_N6/ex03/install/robot_description/share/robot_description/cmake/robot_descriptionConfig-version.cmake
[0.659s] -- Installing: /home/shaman/ros2_ws/src/ROS_N6/ex03/install/robot_description/share/robot_description/package.xml
[0.672s] Invoked command in '/home/shaman/ros2_ws/src/ROS_N6/ex03/build/robot_description' returned '0': CMAKE_PREFIX_PATH=${CMAKE_PREFIX_PATH}:/opt/ros/humble /usr/bin/cmake --install /home/shaman/ros2_ws/src/ROS_N6/ex03/build/robot_description
