[0.016s] Invoking command in '/home/shaman/ros2_ws/src/ROS_N6/ex05/build/my_robot_controller_deep_cam': CMAKE_PREFIX_PATH=${CMAKE_PREFIX_PATH}:/opt/ros/humble /usr/bin/cmake --build /home/shaman/ros2_ws/src/ROS_N6/ex05/build/my_robot_controller_deep_cam -- -j12 -l12
[0.048s] [35m[1mConsolidate compiler generated dependencies of target robot_controller[0m
[0.065s] [ 50%] [32mBuilding CXX object CMakeFiles/robot_controller.dir/src/robot_controller.cpp.o[0m
[7.603s] [100%] [32m[1mLinking CXX executable robot_controller[0m
[8.208s] [100%] Built target robot_controller
[8.215s] Invoked command in '/home/shaman/ros2_ws/src/ROS_N6/ex05/build/my_robot_controller_deep_cam' returned '0': CMAKE_PREFIX_PATH=${CMAKE_PREFIX_PATH}:/opt/ros/humble /usr/bin/cmake --build /home/shaman/ros2_ws/src/ROS_N6/ex05/build/my_robot_controller_deep_cam -- -j12 -l12
[8.233s] Invoking command in '/home/shaman/ros2_ws/src/ROS_N6/ex05/build/my_robot_controller_deep_cam': CMAKE_PREFIX_PATH=${CMAKE_PREFIX_PATH}:/opt/ros/humble /usr/bin/cmake --install /home/shaman/ros2_ws/src/ROS_N6/ex05/build/my_robot_controller_deep_cam
[8.239s] -- Install configuration: ""
[8.239s] -- Installing: /home/shaman/ros2_ws/src/ROS_N6/ex05/install/my_robot_controller_deep_cam/lib/my_robot_controller_deep_cam/robot_controller
[8.242s] -- Set runtime path of "/home/shaman/ros2_ws/src/ROS_N6/ex05/install/my_robot_controller_deep_cam/lib/my_robot_controller_deep_cam/robot_controller" to ""
[8.242s] -- Installing: /home/shaman/ros2_ws/src/ROS_N6/ex05/install/my_robot_controller_deep_cam/share/ament_index/resource_index/package_run_dependencies/my_robot_controller_deep_cam
[8.242s] -- Up-to-date: /home/shaman/ros2_ws/src/ROS_N6/ex05/install/my_robot_controller_deep_cam/share/ament_index/resource_index/parent_prefix_path/my_robot_controller_deep_cam
[8.242s] -- Up-to-date: /home/shaman/ros2_ws/src/ROS_N6/ex05/install/my_robot_controller_deep_cam/share/my_robot_controller_deep_cam/environment/ament_prefix_path.sh
[8.242s] -- Installing: /home/shaman/ros2_ws/src/ROS_N6/ex05/install/my_robot_controller_deep_cam/share/my_robot_controller_deep_cam/environment/ament_prefix_path.dsv
[8.242s] -- Up-to-date: /home/shaman/ros2_ws/src/ROS_N6/ex05/install/my_robot_controller_deep_cam/share/my_robot_controller_deep_cam/environment/path.sh
[8.242s] -- Installing: /home/shaman/ros2_ws/src/ROS_N6/ex05/install/my_robot_controller_deep_cam/share/my_robot_controller_deep_cam/environment/path.dsv
[8.242s] -- Up-to-date: /home/shaman/ros2_ws/src/ROS_N6/ex05/install/my_robot_controller_deep_cam/share/my_robot_controller_deep_cam/local_setup.bash
[8.242s] -- Up-to-date: /home/shaman/ros2_ws/src/ROS_N6/ex05/install/my_robot_controller_deep_cam/share/my_robot_controller_deep_cam/local_setup.sh
[8.242s] -- Up-to-date: /home/shaman/ros2_ws/src/ROS_N6/ex05/install/my_robot_controller_deep_cam/share/my_robot_controller_deep_cam/local_setup.zsh
[8.242s] -- Installing: /home/shaman/ros2_ws/src/ROS_N6/ex05/install/my_robot_controller_deep_cam/share/my_robot_controller_deep_cam/local_setup.dsv
[8.242s] -- Installing: /home/shaman/ros2_ws/src/ROS_N6/ex05/install/my_robot_controller_deep_cam/share/my_robot_controller_deep_cam/package.dsv
[8.242s] -- Up-to-date: /home/shaman/ros2_ws/src/ROS_N6/ex05/install/my_robot_controller_deep_cam/share/ament_index/resource_index/packages/my_robot_controller_deep_cam
[8.242s] -- Up-to-date: /home/shaman/ros2_ws/src/ROS_N6/ex05/install/my_robot_controller_deep_cam/share/my_robot_controller_deep_cam/cmake/my_robot_controller_deep_camConfig.cmake
[8.243s] -- Up-to-date: /home/shaman/ros2_ws/src/ROS_N6/ex05/install/my_robot_controller_deep_cam/share/my_robot_controller_deep_cam/cmake/my_robot_controller_deep_camConfig-version.cmake
[8.243s] -- Installing: /home/shaman/ros2_ws/src/ROS_N6/ex05/install/my_robot_controller_deep_cam/share/my_robot_controller_deep_cam/package.xml
[8.244s] Invoked command in '/home/shaman/ros2_ws/src/ROS_N6/ex05/build/my_robot_controller_deep_cam' returned '0': CMAKE_PREFIX_PATH=${CMAKE_PREFIX_PATH}:/opt/ros/humble /usr/bin/cmake --install /home/shaman/ros2_ws/src/ROS_N6/ex05/build/my_robot_controller_deep_cam
