[0.013s] Invoking command in '/home/shaman/ros2_ws/src/ROS_N6/ex05/build/robot_bringup': CMAKE_PREFIX_PATH=${CMAKE_PREFIX_PATH}:/opt/ros/humble /usr/bin/cmake --build /home/shaman/ros2_ws/src/ROS_N6/ex05/build/robot_bringup -- -j12 -l12
[0.035s] Invoked command in '/home/shaman/ros2_ws/src/ROS_N6/ex05/build/robot_bringup' returned '0': CMAKE_PREFIX_PATH=${CMAKE_PREFIX_PATH}:/opt/ros/humble /usr/bin/cmake --build /home/shaman/ros2_ws/src/ROS_N6/ex05/build/robot_bringup -- -j12 -l12
[0.055s] Invoking command in '/home/shaman/ros2_ws/src/ROS_N6/ex05/build/robot_bringup': CMAKE_PREFIX_PATH=${CMAKE_PREFIX_PATH}:/opt/ros/humble /usr/bin/cmake --install /home/shaman/ros2_ws/src/ROS_N6/ex05/build/robot_bringup
[0.060s] -- Install configuration: ""
[0.061s] -- Up-to-date: /home/shaman/ros2_ws/src/ROS_N6/ex05/install/robot_bringup/share/robot_bringup/launch
[0.061s] -- Up-to-date: /home/shaman/ros2_ws/src/ROS_N6/ex05/install/robot_bringup/share/robot_bringup/launch/diff_drive.launch.py
[0.061s] -- Up-to-date: /home/shaman/ros2_ws/src/ROS_N6/ex05/install/robot_bringup/share/robot_bringup/config
[0.061s] -- Up-to-date: /home/shaman/ros2_ws/src/ROS_N6/ex05/install/robot_bringup/share/robot_bringup/config/diff_drive.rviz
[0.061s] -- Up-to-date: /home/shaman/ros2_ws/src/ROS_N6/ex05/install/robot_bringup/share/robot_bringup/config/robot_bridge.yaml
[0.061s] -- Up-to-date: /home/shaman/ros2_ws/src/ROS_N6/ex05/install/robot_bringup/share/robot_bringup/config/depth_config.rviz
[0.061s] -- Up-to-date: /home/shaman/ros2_ws/src/ROS_N6/ex05/install/robot_bringup/share/ament_index/resource_index/package_run_dependencies/robot_bringup
[0.061s] -- Up-to-date: /home/shaman/ros2_ws/src/ROS_N6/ex05/install/robot_bringup/share/ament_index/resource_index/parent_prefix_path/robot_bringup
[0.061s] -- Up-to-date: /home/shaman/ros2_ws/src/ROS_N6/ex05/install/robot_bringup/share/robot_bringup/environment/ament_prefix_path.sh
[0.061s] -- Up-to-date: /home/shaman/ros2_ws/src/ROS_N6/ex05/install/robot_bringup/share/robot_bringup/environment/ament_prefix_path.dsv
[0.061s] -- Up-to-date: /home/shaman/ros2_ws/src/ROS_N6/ex05/install/robot_bringup/share/robot_bringup/environment/path.sh
[0.061s] -- Up-to-date: /home/shaman/ros2_ws/src/ROS_N6/ex05/install/robot_bringup/share/robot_bringup/environment/path.dsv
[0.062s] -- Up-to-date: /home/shaman/ros2_ws/src/ROS_N6/ex05/install/robot_bringup/share/robot_bringup/local_setup.bash
[0.062s] -- Up-to-date: /home/shaman/ros2_ws/src/ROS_N6/ex05/install/robot_bringup/share/robot_bringup/local_setup.sh
[0.062s] -- Up-to-date: /home/shaman/ros2_ws/src/ROS_N6/ex05/install/robot_bringup/share/robot_bringup/local_setup.zsh
[0.062s] -- Up-to-date: /home/shaman/ros2_ws/src/ROS_N6/ex05/install/robot_bringup/share/robot_bringup/local_setup.dsv
[0.062s] -- Installing: /home/shaman/ros2_ws/src/ROS_N6/ex05/install/robot_bringup/share/robot_bringup/package.dsv
[0.062s] -- Up-to-date: /home/shaman/ros2_ws/src/ROS_N6/ex05/install/robot_bringup/share/ament_index/resource_index/packages/robot_bringup
[0.062s] -- Up-to-date: /home/shaman/ros2_ws/src/ROS_N6/ex05/install/robot_bringup/share/robot_bringup/cmake/robot_bringupConfig.cmake
[0.062s] -- Up-to-date: /home/shaman/ros2_ws/src/ROS_N6/ex05/install/robot_bringup/share/robot_bringup/cmake/robot_bringupConfig-version.cmake
[0.062s] -- Up-to-date: /home/shaman/ros2_ws/src/ROS_N6/ex05/install/robot_bringup/share/robot_bringup/package.xml
[0.063s] Invoked command in '/home/shaman/ros2_ws/src/ROS_N6/ex05/build/robot_bringup' returned '0': CMAKE_PREFIX_PATH=${CMAKE_PREFIX_PATH}:/opt/ros/humble /usr/bin/cmake --install /home/shaman/ros2_ws/src/ROS_N6/ex05/build/robot_bringup
