[0.015s] Invoking command in '/home/shaman/ros2_ws/src/ROS_N6/ex05/build/my_robot_controller_deep_cam': CMAKE_PREFIX_PATH=${CMAKE_PREFIX_PATH}:/opt/ros/humble /usr/bin/cmake /home/shaman/ros2_ws/src/ROS_N6/ex05/my_robot_controller_deep_cam -DCMAKE_INSTALL_PREFIX=/home/shaman/ros2_ws/src/ROS_N6/ex05/install/my_robot_controller_deep_cam
[0.067s] -- The C compiler identification is GNU 11.4.0
[0.109s] -- The CXX compiler identification is GNU 11.4.0
[0.115s] -- Detecting C compiler ABI info
[0.166s] -- Detecting C compiler ABI info - done
[0.170s] -- Check for working C compiler: /usr/bin/cc - skipped
[0.171s] -- Detecting C compile features
[0.171s] -- Detecting C compile features - done
[0.173s] -- Detecting CXX compiler ABI info
[0.236s] -- Detecting CXX compiler ABI info - done
[0.245s] -- Check for working CXX compiler: /usr/bin/c++ - skipped
[0.246s] -- Detecting CXX compile features
[0.246s] -- Detecting CXX compile features - done
[0.249s] -- Found ament_cmake: 1.3.10 (/opt/ros/humble/share/ament_cmake/cmake)
[0.381s] -- Found Python3: /usr/bin/python3 (found version "3.10.12") found components: Interpreter 
[0.460s] -- Found rclcpp: 16.0.10 (/opt/ros/humble/share/rclcpp/cmake)
[0.515s] -- Found rosidl_generator_c: 3.1.5 (/opt/ros/humble/share/rosidl_generator_c/cmake)
[0.525s] -- Found rosidl_adapter: 3.1.5 (/opt/ros/humble/share/rosidl_adapter/cmake)
[0.540s] -- Found rosidl_generator_cpp: 3.1.5 (/opt/ros/humble/share/rosidl_generator_cpp/cmake)
[0.566s] -- Using all available rosidl_typesupport_c: rosidl_typesupport_fastrtps_c;rosidl_typesupport_introspection_c
[0.587s] -- Using all available rosidl_typesupport_cpp: rosidl_typesupport_fastrtps_cpp;rosidl_typesupport_introspection_cpp
[0.635s] -- Found rmw_implementation_cmake: 6.1.2 (/opt/ros/humble/share/rmw_implementation_cmake/cmake)
[0.637s] -- Found rmw_fastrtps_cpp: 6.2.7 (/opt/ros/humble/share/rmw_fastrtps_cpp/cmake)
[0.702s] -- Found OpenSSL: /usr/lib/x86_64-linux-gnu/libcrypto.so (found version "3.0.2")  
[0.725s] -- Found FastRTPS: /opt/ros/humble/include  
[0.759s] -- Using RMW implementation 'rmw_fastrtps_cpp' as default
[0.766s] -- Looking for pthread.h
[0.817s] -- Looking for pthread.h - found
[0.817s] -- Performing Test CMAKE_HAVE_LIBC_PTHREAD
[0.880s] -- Performing Test CMAKE_HAVE_LIBC_PTHREAD - Success
[0.880s] -- Found Threads: TRUE  
[0.927s] -- Found geometry_msgs: 4.2.4 (/opt/ros/humble/share/geometry_msgs/cmake)
[0.938s] -- Found tf2_ros: 0.25.8 (/opt/ros/humble/share/tf2_ros/cmake)
[1.029s] -- Found sensor_msgs: 4.2.4 (/opt/ros/humble/share/sensor_msgs/cmake)
[1.048s] -- Found OpenCV: /usr (found version "4.5.4") 
[1.050s] -- Found cv_bridge: 3.2.1 (/opt/ros/humble/share/cv_bridge/cmake)
[1.056s] -- Found ament_lint_auto: 0.12.11 (/opt/ros/humble/share/ament_lint_auto/cmake)
[1.118s] -- Added test 'cppcheck' to perform static code analysis on C / C++ code
[1.118s] -- Configured cppcheck include dirs: 
[1.118s] -- Configured cppcheck exclude dirs and/or files: 
[1.119s] -- Added test 'lint_cmake' to check CMake code style
[1.120s] -- Added test 'uncrustify' to check C / C++ code style
[1.120s] -- Configured uncrustify additional arguments: 
[1.120s] -- Added test 'xmllint' to check XML markup files
[1.121s] -- Configuring done
[1.132s] -- Generating done
[1.133s] -- Build files have been written to: /home/shaman/ros2_ws/src/ROS_N6/ex05/build/my_robot_controller_deep_cam
[1.143s] Invoked command in '/home/shaman/ros2_ws/src/ROS_N6/ex05/build/my_robot_controller_deep_cam' returned '0': CMAKE_PREFIX_PATH=${CMAKE_PREFIX_PATH}:/opt/ros/humble /usr/bin/cmake /home/shaman/ros2_ws/src/ROS_N6/ex05/my_robot_controller_deep_cam -DCMAKE_INSTALL_PREFIX=/home/shaman/ros2_ws/src/ROS_N6/ex05/install/my_robot_controller_deep_cam
[1.144s] Invoking command in '/home/shaman/ros2_ws/src/ROS_N6/ex05/build/my_robot_controller_deep_cam': CMAKE_PREFIX_PATH=${CMAKE_PREFIX_PATH}:/opt/ros/humble /usr/bin/cmake --build /home/shaman/ros2_ws/src/ROS_N6/ex05/build/my_robot_controller_deep_cam -- -j12 -l12
[1.181s] [ 50%] [32mBuilding CXX object CMakeFiles/robot_controller.dir/src/robot_controller.cpp.o[0m
[8.218s] [100%] [32m[1mLinking CXX executable robot_controller[0m
[8.811s] [100%] Built target robot_controller
[8.822s] Invoked command in '/home/shaman/ros2_ws/src/ROS_N6/ex05/build/my_robot_controller_deep_cam' returned '0': CMAKE_PREFIX_PATH=${CMAKE_PREFIX_PATH}:/opt/ros/humble /usr/bin/cmake --build /home/shaman/ros2_ws/src/ROS_N6/ex05/build/my_robot_controller_deep_cam -- -j12 -l12
[8.841s] Invoking command in '/home/shaman/ros2_ws/src/ROS_N6/ex05/build/my_robot_controller_deep_cam': CMAKE_PREFIX_PATH=${CMAKE_PREFIX_PATH}:/opt/ros/humble /usr/bin/cmake --install /home/shaman/ros2_ws/src/ROS_N6/ex05/build/my_robot_controller_deep_cam
[8.846s] -- Install configuration: ""
[8.846s] -- Installing: /home/shaman/ros2_ws/src/ROS_N6/ex05/install/my_robot_controller_deep_cam/lib/my_robot_controller_deep_cam/robot_controller
[8.849s] -- Set runtime path of "/home/shaman/ros2_ws/src/ROS_N6/ex05/install/my_robot_controller_deep_cam/lib/my_robot_controller_deep_cam/robot_controller" to ""
[8.849s] -- Installing: /home/shaman/ros2_ws/src/ROS_N6/ex05/install/my_robot_controller_deep_cam/share/ament_index/resource_index/package_run_dependencies/my_robot_controller_deep_cam
[8.849s] -- Installing: /home/shaman/ros2_ws/src/ROS_N6/ex05/install/my_robot_controller_deep_cam/share/ament_index/resource_index/parent_prefix_path/my_robot_controller_deep_cam
[8.849s] -- Installing: /home/shaman/ros2_ws/src/ROS_N6/ex05/install/my_robot_controller_deep_cam/share/my_robot_controller_deep_cam/environment/ament_prefix_path.sh
[8.849s] -- Installing: /home/shaman/ros2_ws/src/ROS_N6/ex05/install/my_robot_controller_deep_cam/share/my_robot_controller_deep_cam/environment/ament_prefix_path.dsv
[8.849s] -- Installing: /home/shaman/ros2_ws/src/ROS_N6/ex05/install/my_robot_controller_deep_cam/share/my_robot_controller_deep_cam/environment/path.sh
[8.849s] -- Installing: /home/shaman/ros2_ws/src/ROS_N6/ex05/install/my_robot_controller_deep_cam/share/my_robot_controller_deep_cam/environment/path.dsv
[8.849s] -- Installing: /home/shaman/ros2_ws/src/ROS_N6/ex05/install/my_robot_controller_deep_cam/share/my_robot_controller_deep_cam/local_setup.bash
[8.849s] -- Installing: /home/shaman/ros2_ws/src/ROS_N6/ex05/install/my_robot_controller_deep_cam/share/my_robot_controller_deep_cam/local_setup.sh
[8.849s] -- Installing: /home/shaman/ros2_ws/src/ROS_N6/ex05/install/my_robot_controller_deep_cam/share/my_robot_controller_deep_cam/local_setup.zsh
[8.849s] -- Installing: /home/shaman/ros2_ws/src/ROS_N6/ex05/install/my_robot_controller_deep_cam/share/my_robot_controller_deep_cam/local_setup.dsv
[8.849s] -- Installing: /home/shaman/ros2_ws/src/ROS_N6/ex05/install/my_robot_controller_deep_cam/share/my_robot_controller_deep_cam/package.dsv
[8.849s] -- Installing: /home/shaman/ros2_ws/src/ROS_N6/ex05/install/my_robot_controller_deep_cam/share/ament_index/resource_index/packages/my_robot_controller_deep_cam
[8.849s] -- Installing: /home/shaman/ros2_ws/src/ROS_N6/ex05/install/my_robot_controller_deep_cam/share/my_robot_controller_deep_cam/cmake/my_robot_controller_deep_camConfig.cmake
[8.849s] -- Installing: /home/shaman/ros2_ws/src/ROS_N6/ex05/install/my_robot_controller_deep_cam/share/my_robot_controller_deep_cam/cmake/my_robot_controller_deep_camConfig-version.cmake
[8.849s] -- Installing: /home/shaman/ros2_ws/src/ROS_N6/ex05/install/my_robot_controller_deep_cam/share/my_robot_controller_deep_cam/package.xml
[8.851s] Invoked command in '/home/shaman/ros2_ws/src/ROS_N6/ex05/build/my_robot_controller_deep_cam' returned '0': CMAKE_PREFIX_PATH=${CMAKE_PREFIX_PATH}:/opt/ros/humble /usr/bin/cmake --install /home/shaman/ros2_ws/src/ROS_N6/ex05/build/my_robot_controller_deep_cam
