[0.015s] Invoking command in '/home/shaman/ros2_ws/src/ROS_N6/ex05/build/my_robot_controller_deep_cam': CMAKE_PREFIX_PATH=${CMAKE_PREFIX_PATH}:/opt/ros/humble /usr/bin/cmake --build /home/shaman/ros2_ws/src/ROS_N6/ex05/build/my_robot_controller_deep_cam -- -j12 -l12
[0.032s] -- Found ament_cmake: 1.3.10 (/opt/ros/humble/share/ament_cmake/cmake)
[0.119s] -- Found rclcpp: 16.0.10 (/opt/ros/humble/share/rclcpp/cmake)
[0.137s] -- Found rosidl_generator_c: 3.1.5 (/opt/ros/humble/share/rosidl_generator_c/cmake)
[0.138s] -- Found rosidl_adapter: 3.1.5 (/opt/ros/humble/share/rosidl_adapter/cmake)
[0.141s] -- Found rosidl_generator_cpp: 3.1.5 (/opt/ros/humble/share/rosidl_generator_cpp/cmake)
[0.147s] -- Using all available rosidl_typesupport_c: rosidl_typesupport_fastrtps_c;rosidl_typesupport_introspection_c
[0.155s] -- Using all available rosidl_typesupport_cpp: rosidl_typesupport_fastrtps_cpp;rosidl_typesupport_introspection_cpp
[0.174s] -- Found rmw_implementation_cmake: 6.1.2 (/opt/ros/humble/share/rmw_implementation_cmake/cmake)
[0.175s] -- Found rmw_fastrtps_cpp: 6.2.7 (/opt/ros/humble/share/rmw_fastrtps_cpp/cmake)
[0.244s] -- Using RMW implementation 'rmw_fastrtps_cpp' as default
[0.272s] -- Found geometry_msgs: 4.2.4 (/opt/ros/humble/share/geometry_msgs/cmake)
[0.279s] -- Found tf2_ros: 0.25.8 (/opt/ros/humble/share/tf2_ros/cmake)
[0.327s] -- Found sensor_msgs: 4.2.4 (/opt/ros/humble/share/sensor_msgs/cmake)
[0.341s] -- Found cv_bridge: 3.2.1 (/opt/ros/humble/share/cv_bridge/cmake)
[0.349s] -- Configuring incomplete, errors occurred!
[0.350s] See also "/home/shaman/ros2_ws/src/ROS_N6/ex05/build/my_robot_controller_deep_cam/CMakeFiles/CMakeOutput.log".
[0.350s] [31mCMake Error at CMakeLists.txt:16 (find_package):
[0.350s]   By not providing "Findpcl_ros.cmake" in CMAKE_MODULE_PATH this project has
[0.350s]   asked CMake to find a package configuration file provided by "pcl_ros", but
[0.350s]   CMake did not find one.
[0.350s] 
[0.350s]   Could not find a package configuration file provided by "pcl_ros" with any
[0.350s]   of the following names:
[0.350s] 
[0.350s]     pcl_rosConfig.cmake
[0.350s]     pcl_ros-config.cmake
[0.350s] 
[0.350s]   Add the installation prefix of "pcl_ros" to CMAKE_PREFIX_PATH or set
[0.350s]   "pcl_ros_DIR" to a directory containing one of the above files.  If
[0.350s]   "pcl_ros" provides a separate development package or SDK, be sure it has
[0.350s]   been installed.
[0.350s] 
[0.350s] [0m
[0.354s] gmake: *** [Makefile:267: cmake_check_build_system] Ошибка 1
[0.356s] Invoked command in '/home/shaman/ros2_ws/src/ROS_N6/ex05/build/my_robot_controller_deep_cam' returned '2': CMAKE_PREFIX_PATH=${CMAKE_PREFIX_PATH}:/opt/ros/humble /usr/bin/cmake --build /home/shaman/ros2_ws/src/ROS_N6/ex05/build/my_robot_controller_deep_cam -- -j12 -l12
