[0.065s] DEBUG:colcon:Command line arguments: ['/usr/bin/colcon', 'build']
[0.065s] DEBUG:colcon:Parsed command line arguments: Namespace(log_base=None, log_level=None, verb_name='build', build_base='build', install_base='install', merge_install=False, symlink_install=False, test_result_base=None, continue_on_error=False, executor='parallel', parallel_workers=12, event_handlers=None, ignore_user_meta=False, metas=['./colcon.meta'], base_paths=['.'], packages_ignore=None, packages_ignore_regex=None, paths=None, packages_up_to=None, packages_up_to_regex=None, packages_above=None, packages_above_and_dependencies=None, packages_above_depth=None, packages_select_by_dep=None, packages_skip_by_dep=None, packages_skip_up_to=None, packages_select_build_failed=False, packages_skip_build_finished=False, packages_select_test_failures=False, packages_skip_test_passed=False, packages_select=None, packages_skip=None, packages_select_regex=None, packages_skip_regex=None, packages_start=None, packages_end=None, allow_overriding=[], cmake_args=None, cmake_target=None, cmake_target_skip_unavailable=False, cmake_clean_cache=False, cmake_clean_first=False, cmake_force_configure=False, ament_cmake_args=None, catkin_cmake_args=None, catkin_skip_building_tests=False, mixin_files=None, mixin=None, verb_parser=<colcon_mixin.mixin.mixin_argument.MixinArgumentDecorator object at 0x7fd23374df00>, verb_extension=<colcon_core.verb.build.BuildVerb object at 0x7fd23374d990>, main=<bound method BuildVerb.main of <colcon_core.verb.build.BuildVerb object at 0x7fd23374d990>>, mixin_verb=('build',))
[0.165s] Level 1:colcon.colcon_core.package_discovery:discover_packages(colcon_meta) check parameters
[0.165s] Level 1:colcon.colcon_core.package_discovery:discover_packages(recursive) check parameters
[0.165s] Level 1:colcon.colcon_core.package_discovery:discover_packages(ignore) check parameters
[0.165s] Level 1:colcon.colcon_core.package_discovery:discover_packages(path) check parameters
[0.165s] Level 1:colcon.colcon_core.package_discovery:discover_packages(colcon_meta) discover
[0.165s] Level 1:colcon.colcon_core.package_discovery:discover_packages(recursive) discover
[0.165s] INFO:colcon.colcon_core.package_discovery:Crawling recursively for packages in '/home/shaman/ros2_ws/src/ROS_N6/ex05'
[0.165s] Level 1:colcon.colcon_core.package_identification:_identify(.) by extensions ['ignore', 'ignore_ament_install']
[0.165s] Level 1:colcon.colcon_core.package_identification:_identify(.) by extension 'ignore'
[0.165s] Level 1:colcon.colcon_core.package_identification:_identify(.) by extension 'ignore_ament_install'
[0.165s] Level 1:colcon.colcon_core.package_identification:_identify(.) by extensions ['colcon_pkg']
[0.165s] Level 1:colcon.colcon_core.package_identification:_identify(.) by extension 'colcon_pkg'
[0.165s] Level 1:colcon.colcon_core.package_identification:_identify(.) by extensions ['colcon_meta']
[0.165s] Level 1:colcon.colcon_core.package_identification:_identify(.) by extension 'colcon_meta'
[0.165s] Level 1:colcon.colcon_core.package_identification:_identify(.) by extensions ['ros']
[0.165s] Level 1:colcon.colcon_core.package_identification:_identify(.) by extension 'ros'
[0.172s] Level 1:colcon.colcon_core.package_identification:_identify(.) by extensions ['cmake', 'python']
[0.172s] Level 1:colcon.colcon_core.package_identification:_identify(.) by extension 'cmake'
[0.172s] Level 1:colcon.colcon_core.package_identification:_identify(.) by extension 'python'
[0.172s] Level 1:colcon.colcon_core.package_identification:_identify(.) by extensions ['python_setup_py']
[0.172s] Level 1:colcon.colcon_core.package_identification:_identify(.) by extension 'python_setup_py'
[0.172s] Level 1:colcon.colcon_core.package_identification:_identify(build) by extensions ['ignore', 'ignore_ament_install']
[0.172s] Level 1:colcon.colcon_core.package_identification:_identify(build) by extension 'ignore'
[0.172s] Level 1:colcon.colcon_core.package_identification:_identify(build) ignored
[0.172s] Level 1:colcon.colcon_core.package_identification:_identify(install) by extensions ['ignore', 'ignore_ament_install']
[0.172s] Level 1:colcon.colcon_core.package_identification:_identify(install) by extension 'ignore'
[0.172s] Level 1:colcon.colcon_core.package_identification:_identify(install) ignored
[0.173s] Level 1:colcon.colcon_core.package_identification:_identify(log) by extensions ['ignore', 'ignore_ament_install']
[0.173s] Level 1:colcon.colcon_core.package_identification:_identify(log) by extension 'ignore'
[0.173s] Level 1:colcon.colcon_core.package_identification:_identify(log) ignored
[0.173s] Level 1:colcon.colcon_core.package_identification:_identify(my_robot_controller_deep_cam) by extensions ['ignore', 'ignore_ament_install']
[0.173s] Level 1:colcon.colcon_core.package_identification:_identify(my_robot_controller_deep_cam) by extension 'ignore'
[0.173s] Level 1:colcon.colcon_core.package_identification:_identify(my_robot_controller_deep_cam) by extension 'ignore_ament_install'
[0.173s] Level 1:colcon.colcon_core.package_identification:_identify(my_robot_controller_deep_cam) by extensions ['colcon_pkg']
[0.173s] Level 1:colcon.colcon_core.package_identification:_identify(my_robot_controller_deep_cam) by extension 'colcon_pkg'
[0.173s] Level 1:colcon.colcon_core.package_identification:_identify(my_robot_controller_deep_cam) by extensions ['colcon_meta']
[0.173s] Level 1:colcon.colcon_core.package_identification:_identify(my_robot_controller_deep_cam) by extension 'colcon_meta'
[0.173s] Level 1:colcon.colcon_core.package_identification:_identify(my_robot_controller_deep_cam) by extensions ['ros']
[0.173s] Level 1:colcon.colcon_core.package_identification:_identify(my_robot_controller_deep_cam) by extension 'ros'
[0.175s] DEBUG:colcon.colcon_core.package_identification:Package 'my_robot_controller_deep_cam' with type 'ros.ament_cmake' and name 'my_robot_controller_deep_cam'
[0.175s] Level 1:colcon.colcon_core.package_identification:_identify(robot_app) by extensions ['ignore', 'ignore_ament_install']
[0.175s] Level 1:colcon.colcon_core.package_identification:_identify(robot_app) by extension 'ignore'
[0.175s] Level 1:colcon.colcon_core.package_identification:_identify(robot_app) by extension 'ignore_ament_install'
[0.175s] Level 1:colcon.colcon_core.package_identification:_identify(robot_app) by extensions ['colcon_pkg']
[0.175s] Level 1:colcon.colcon_core.package_identification:_identify(robot_app) by extension 'colcon_pkg'
[0.175s] Level 1:colcon.colcon_core.package_identification:_identify(robot_app) by extensions ['colcon_meta']
[0.175s] Level 1:colcon.colcon_core.package_identification:_identify(robot_app) by extension 'colcon_meta'
[0.175s] Level 1:colcon.colcon_core.package_identification:_identify(robot_app) by extensions ['ros']
[0.175s] Level 1:colcon.colcon_core.package_identification:_identify(robot_app) by extension 'ros'
[0.175s] DEBUG:colcon.colcon_core.package_identification:Package 'robot_app' with type 'ros.ament_cmake' and name 'robot_app'
[0.175s] Level 1:colcon.colcon_core.package_identification:_identify(robot_bringup) by extensions ['ignore', 'ignore_ament_install']
[0.175s] Level 1:colcon.colcon_core.package_identification:_identify(robot_bringup) by extension 'ignore'
[0.175s] Level 1:colcon.colcon_core.package_identification:_identify(robot_bringup) by extension 'ignore_ament_install'
[0.175s] Level 1:colcon.colcon_core.package_identification:_identify(robot_bringup) by extensions ['colcon_pkg']
[0.175s] Level 1:colcon.colcon_core.package_identification:_identify(robot_bringup) by extension 'colcon_pkg'
[0.175s] Level 1:colcon.colcon_core.package_identification:_identify(robot_bringup) by extensions ['colcon_meta']
[0.175s] Level 1:colcon.colcon_core.package_identification:_identify(robot_bringup) by extension 'colcon_meta'
[0.175s] Level 1:colcon.colcon_core.package_identification:_identify(robot_bringup) by extensions ['ros']
[0.175s] Level 1:colcon.colcon_core.package_identification:_identify(robot_bringup) by extension 'ros'
[0.176s] DEBUG:colcon.colcon_core.package_identification:Package 'robot_bringup' with type 'ros.ament_cmake' and name 'robot_bringup'
[0.176s] Level 1:colcon.colcon_core.package_identification:_identify(robot_description) by extensions ['ignore', 'ignore_ament_install']
[0.176s] Level 1:colcon.colcon_core.package_identification:_identify(robot_description) by extension 'ignore'
[0.176s] Level 1:colcon.colcon_core.package_identification:_identify(robot_description) by extension 'ignore_ament_install'
[0.176s] Level 1:colcon.colcon_core.package_identification:_identify(robot_description) by extensions ['colcon_pkg']
[0.176s] Level 1:colcon.colcon_core.package_identification:_identify(robot_description) by extension 'colcon_pkg'
[0.176s] Level 1:colcon.colcon_core.package_identification:_identify(robot_description) by extensions ['colcon_meta']
[0.176s] Level 1:colcon.colcon_core.package_identification:_identify(robot_description) by extension 'colcon_meta'
[0.176s] Level 1:colcon.colcon_core.package_identification:_identify(robot_description) by extensions ['ros']
[0.176s] Level 1:colcon.colcon_core.package_identification:_identify(robot_description) by extension 'ros'
[0.176s] DEBUG:colcon.colcon_core.package_identification:Package 'robot_description' with type 'ros.ament_cmake' and name 'robot_description'
[0.176s] Level 1:colcon.colcon_core.package_discovery:discover_packages(recursive) using defaults
[0.176s] Level 1:colcon.colcon_core.package_discovery:discover_packages(ignore) discover
[0.176s] Level 1:colcon.colcon_core.package_discovery:discover_packages(ignore) using defaults
[0.176s] Level 1:colcon.colcon_core.package_discovery:discover_packages(path) discover
[0.176s] Level 1:colcon.colcon_core.package_discovery:discover_packages(path) using defaults
[0.189s] Level 1:colcon.colcon_core.package_discovery:discover_packages(prefix_path) check parameters
[0.189s] Level 1:colcon.colcon_core.package_discovery:discover_packages(prefix_path) discover
[0.191s] DEBUG:colcon.colcon_installed_package_information.package_discovery:Found 4 installed packages in /home/shaman/ros2_ws/src/ROS_N6/ex05/install
[0.191s] DEBUG:colcon.colcon_installed_package_information.package_discovery:Found 17 installed packages in /home/shaman/ros2_ws/install
[0.192s] DEBUG:colcon.colcon_installed_package_information.package_discovery:Found 305 installed packages in /opt/ros/humble
[0.200s] Level 1:colcon.colcon_core.package_discovery:discover_packages(prefix_path) using defaults
[0.225s] Level 5:colcon.colcon_core.verb:set package 'my_robot_controller_deep_cam' build argument 'cmake_args' from command line to 'None'
[0.225s] Level 5:colcon.colcon_core.verb:set package 'my_robot_controller_deep_cam' build argument 'cmake_target' from command line to 'None'
[0.225s] Level 5:colcon.colcon_core.verb:set package 'my_robot_controller_deep_cam' build argument 'cmake_target_skip_unavailable' from command line to 'False'
[0.225s] Level 5:colcon.colcon_core.verb:set package 'my_robot_controller_deep_cam' build argument 'cmake_clean_cache' from command line to 'False'
[0.225s] Level 5:colcon.colcon_core.verb:set package 'my_robot_controller_deep_cam' build argument 'cmake_clean_first' from command line to 'False'
[0.225s] Level 5:colcon.colcon_core.verb:set package 'my_robot_controller_deep_cam' build argument 'cmake_force_configure' from command line to 'False'
[0.225s] Level 5:colcon.colcon_core.verb:set package 'my_robot_controller_deep_cam' build argument 'ament_cmake_args' from command line to 'None'
[0.225s] Level 5:colcon.colcon_core.verb:set package 'my_robot_controller_deep_cam' build argument 'catkin_cmake_args' from command line to 'None'
[0.225s] Level 5:colcon.colcon_core.verb:set package 'my_robot_controller_deep_cam' build argument 'catkin_skip_building_tests' from command line to 'False'
[0.225s] DEBUG:colcon.colcon_core.verb:Building package 'my_robot_controller_deep_cam' with the following arguments: {'ament_cmake_args': None, 'build_base': '/home/shaman/ros2_ws/src/ROS_N6/ex05/build/my_robot_controller_deep_cam', 'catkin_cmake_args': None, 'catkin_skip_building_tests': False, 'cmake_args': None, 'cmake_clean_cache': False, 'cmake_clean_first': False, 'cmake_force_configure': False, 'cmake_target': None, 'cmake_target_skip_unavailable': False, 'install_base': '/home/shaman/ros2_ws/src/ROS_N6/ex05/install/my_robot_controller_deep_cam', 'merge_install': False, 'path': '/home/shaman/ros2_ws/src/ROS_N6/ex05/my_robot_controller_deep_cam', 'symlink_install': False, 'test_result_base': None}
[0.226s] Level 5:colcon.colcon_core.verb:set package 'robot_app' build argument 'cmake_args' from command line to 'None'
[0.226s] Level 5:colcon.colcon_core.verb:set package 'robot_app' build argument 'cmake_target' from command line to 'None'
[0.226s] Level 5:colcon.colcon_core.verb:set package 'robot_app' build argument 'cmake_target_skip_unavailable' from command line to 'False'
[0.226s] Level 5:colcon.colcon_core.verb:set package 'robot_app' build argument 'cmake_clean_cache' from command line to 'False'
[0.226s] Level 5:colcon.colcon_core.verb:set package 'robot_app' build argument 'cmake_clean_first' from command line to 'False'
[0.226s] Level 5:colcon.colcon_core.verb:set package 'robot_app' build argument 'cmake_force_configure' from command line to 'False'
[0.226s] Level 5:colcon.colcon_core.verb:set package 'robot_app' build argument 'ament_cmake_args' from command line to 'None'
[0.226s] Level 5:colcon.colcon_core.verb:set package 'robot_app' build argument 'catkin_cmake_args' from command line to 'None'
[0.226s] Level 5:colcon.colcon_core.verb:set package 'robot_app' build argument 'catkin_skip_building_tests' from command line to 'False'
[0.226s] DEBUG:colcon.colcon_core.verb:Building package 'robot_app' with the following arguments: {'ament_cmake_args': None, 'build_base': '/home/shaman/ros2_ws/src/ROS_N6/ex05/build/robot_app', 'catkin_cmake_args': None, 'catkin_skip_building_tests': False, 'cmake_args': None, 'cmake_clean_cache': False, 'cmake_clean_first': False, 'cmake_force_configure': False, 'cmake_target': None, 'cmake_target_skip_unavailable': False, 'install_base': '/home/shaman/ros2_ws/src/ROS_N6/ex05/install/robot_app', 'merge_install': False, 'path': '/home/shaman/ros2_ws/src/ROS_N6/ex05/robot_app', 'symlink_install': False, 'test_result_base': None}
[0.226s] Level 5:colcon.colcon_core.verb:set package 'robot_bringup' build argument 'cmake_args' from command line to 'None'
[0.226s] Level 5:colcon.colcon_core.verb:set package 'robot_bringup' build argument 'cmake_target' from command line to 'None'
[0.226s] Level 5:colcon.colcon_core.verb:set package 'robot_bringup' build argument 'cmake_target_skip_unavailable' from command line to 'False'
[0.226s] Level 5:colcon.colcon_core.verb:set package 'robot_bringup' build argument 'cmake_clean_cache' from command line to 'False'
[0.226s] Level 5:colcon.colcon_core.verb:set package 'robot_bringup' build argument 'cmake_clean_first' from command line to 'False'
[0.226s] Level 5:colcon.colcon_core.verb:set package 'robot_bringup' build argument 'cmake_force_configure' from command line to 'False'
[0.226s] Level 5:colcon.colcon_core.verb:set package 'robot_bringup' build argument 'ament_cmake_args' from command line to 'None'
[0.226s] Level 5:colcon.colcon_core.verb:set package 'robot_bringup' build argument 'catkin_cmake_args' from command line to 'None'
[0.226s] Level 5:colcon.colcon_core.verb:set package 'robot_bringup' build argument 'catkin_skip_building_tests' from command line to 'False'
[0.226s] DEBUG:colcon.colcon_core.verb:Building package 'robot_bringup' with the following arguments: {'ament_cmake_args': None, 'build_base': '/home/shaman/ros2_ws/src/ROS_N6/ex05/build/robot_bringup', 'catkin_cmake_args': None, 'catkin_skip_building_tests': False, 'cmake_args': None, 'cmake_clean_cache': False, 'cmake_clean_first': False, 'cmake_force_configure': False, 'cmake_target': None, 'cmake_target_skip_unavailable': False, 'install_base': '/home/shaman/ros2_ws/src/ROS_N6/ex05/install/robot_bringup', 'merge_install': False, 'path': '/home/shaman/ros2_ws/src/ROS_N6/ex05/robot_bringup', 'symlink_install': False, 'test_result_base': None}
[0.226s] Level 5:colcon.colcon_core.verb:set package 'robot_description' build argument 'cmake_args' from command line to 'None'
[0.226s] Level 5:colcon.colcon_core.verb:set package 'robot_description' build argument 'cmake_target' from command line to 'None'
[0.226s] Level 5:colcon.colcon_core.verb:set package 'robot_description' build argument 'cmake_target_skip_unavailable' from command line to 'False'
[0.226s] Level 5:colcon.colcon_core.verb:set package 'robot_description' build argument 'cmake_clean_cache' from command line to 'False'
[0.226s] Level 5:colcon.colcon_core.verb:set package 'robot_description' build argument 'cmake_clean_first' from command line to 'False'
[0.226s] Level 5:colcon.colcon_core.verb:set package 'robot_description' build argument 'cmake_force_configure' from command line to 'False'
[0.226s] Level 5:colcon.colcon_core.verb:set package 'robot_description' build argument 'ament_cmake_args' from command line to 'None'
[0.226s] Level 5:colcon.colcon_core.verb:set package 'robot_description' build argument 'catkin_cmake_args' from command line to 'None'
[0.227s] Level 5:colcon.colcon_core.verb:set package 'robot_description' build argument 'catkin_skip_building_tests' from command line to 'False'
[0.227s] DEBUG:colcon.colcon_core.verb:Building package 'robot_description' with the following arguments: {'ament_cmake_args': None, 'build_base': '/home/shaman/ros2_ws/src/ROS_N6/ex05/build/robot_description', 'catkin_cmake_args': None, 'catkin_skip_building_tests': False, 'cmake_args': None, 'cmake_clean_cache': False, 'cmake_clean_first': False, 'cmake_force_configure': False, 'cmake_target': None, 'cmake_target_skip_unavailable': False, 'install_base': '/home/shaman/ros2_ws/src/ROS_N6/ex05/install/robot_description', 'merge_install': False, 'path': '/home/shaman/ros2_ws/src/ROS_N6/ex05/robot_description', 'symlink_install': False, 'test_result_base': None}
[0.227s] INFO:colcon.colcon_core.executor:Executing jobs using 'parallel' executor
[0.227s] DEBUG:colcon.colcon_parallel_executor.executor.parallel:run_until_complete
[0.228s] INFO:colcon.colcon_ros.task.ament_cmake.build:Building ROS package in '/home/shaman/ros2_ws/src/ROS_N6/ex05/my_robot_controller_deep_cam' with build type 'ament_cmake'
[0.228s] INFO:colcon.colcon_cmake.task.cmake.build:Building CMake package in '/home/shaman/ros2_ws/src/ROS_N6/ex05/my_robot_controller_deep_cam'
[0.229s] INFO:colcon.colcon_core.plugin_system:Skipping extension 'colcon_core.shell.bat': Not used on non-Windows systems
[0.229s] INFO:colcon.colcon_core.shell:Skip shell extension 'powershell' for command environment: Not usable outside of PowerShell
[0.229s] DEBUG:colcon.colcon_core.shell:Skip shell extension 'dsv' for command environment
[0.232s] INFO:colcon.colcon_ros.task.ament_cmake.build:Building ROS package in '/home/shaman/ros2_ws/src/ROS_N6/ex05/robot_app' with build type 'ament_cmake'
[0.232s] INFO:colcon.colcon_cmake.task.cmake.build:Building CMake package in '/home/shaman/ros2_ws/src/ROS_N6/ex05/robot_app'
[0.232s] INFO:colcon.colcon_core.shell:Skip shell extension 'powershell' for command environment: Not usable outside of PowerShell
[0.232s] DEBUG:colcon.colcon_core.shell:Skip shell extension 'dsv' for command environment
[0.235s] INFO:colcon.colcon_ros.task.ament_cmake.build:Building ROS package in '/home/shaman/ros2_ws/src/ROS_N6/ex05/robot_bringup' with build type 'ament_cmake'
[0.235s] INFO:colcon.colcon_cmake.task.cmake.build:Building CMake package in '/home/shaman/ros2_ws/src/ROS_N6/ex05/robot_bringup'
[0.235s] INFO:colcon.colcon_core.shell:Skip shell extension 'powershell' for command environment: Not usable outside of PowerShell
[0.235s] DEBUG:colcon.colcon_core.shell:Skip shell extension 'dsv' for command environment
[0.237s] INFO:colcon.colcon_ros.task.ament_cmake.build:Building ROS package in '/home/shaman/ros2_ws/src/ROS_N6/ex05/robot_description' with build type 'ament_cmake'
[0.238s] INFO:colcon.colcon_cmake.task.cmake.build:Building CMake package in '/home/shaman/ros2_ws/src/ROS_N6/ex05/robot_description'
[0.238s] INFO:colcon.colcon_core.shell:Skip shell extension 'powershell' for command environment: Not usable outside of PowerShell
[0.238s] DEBUG:colcon.colcon_core.shell:Skip shell extension 'dsv' for command environment
[0.245s] DEBUG:colcon.colcon_core.event_handler.log_command:Invoking command in '/home/shaman/ros2_ws/src/ROS_N6/ex05/build/my_robot_controller_deep_cam': CMAKE_PREFIX_PATH=${CMAKE_PREFIX_PATH}:/opt/ros/humble /usr/bin/cmake --build /home/shaman/ros2_ws/src/ROS_N6/ex05/build/my_robot_controller_deep_cam -- -j12 -l12
[0.246s] DEBUG:colcon.colcon_core.event_handler.log_command:Invoking command in '/home/shaman/ros2_ws/src/ROS_N6/ex05/build/robot_app': CMAKE_PREFIX_PATH=${CMAKE_PREFIX_PATH}:/opt/ros/humble /usr/bin/cmake --build /home/shaman/ros2_ws/src/ROS_N6/ex05/build/robot_app -- -j12 -l12
[0.248s] DEBUG:colcon.colcon_core.event_handler.log_command:Invoking command in '/home/shaman/ros2_ws/src/ROS_N6/ex05/build/robot_bringup': CMAKE_PREFIX_PATH=${CMAKE_PREFIX_PATH}:/opt/ros/humble /usr/bin/cmake --build /home/shaman/ros2_ws/src/ROS_N6/ex05/build/robot_bringup -- -j12 -l12
[0.251s] DEBUG:colcon.colcon_core.event_handler.log_command:Invoking command in '/home/shaman/ros2_ws/src/ROS_N6/ex05/build/robot_description': CMAKE_PREFIX_PATH=${CMAKE_PREFIX_PATH}:/opt/ros/humble /usr/bin/cmake --build /home/shaman/ros2_ws/src/ROS_N6/ex05/build/robot_description -- -j12 -l12
[0.270s] DEBUG:colcon.colcon_core.event_handler.log_command:Invoked command in '/home/shaman/ros2_ws/src/ROS_N6/ex05/build/robot_app' returned '0': CMAKE_PREFIX_PATH=${CMAKE_PREFIX_PATH}:/opt/ros/humble /usr/bin/cmake --build /home/shaman/ros2_ws/src/ROS_N6/ex05/build/robot_app -- -j12 -l12
[0.272s] DEBUG:colcon.colcon_core.event_handler.log_command:Invoked command in '/home/shaman/ros2_ws/src/ROS_N6/ex05/build/robot_bringup' returned '0': CMAKE_PREFIX_PATH=${CMAKE_PREFIX_PATH}:/opt/ros/humble /usr/bin/cmake --build /home/shaman/ros2_ws/src/ROS_N6/ex05/build/robot_bringup -- -j12 -l12
[0.275s] DEBUG:colcon.colcon_core.event_handler.log_command:Invoked command in '/home/shaman/ros2_ws/src/ROS_N6/ex05/build/robot_description' returned '0': CMAKE_PREFIX_PATH=${CMAKE_PREFIX_PATH}:/opt/ros/humble /usr/bin/cmake --build /home/shaman/ros2_ws/src/ROS_N6/ex05/build/robot_description -- -j12 -l12
[0.290s] DEBUG:colcon.colcon_core.event_handler.log_command:Invoking command in '/home/shaman/ros2_ws/src/ROS_N6/ex05/build/robot_app': CMAKE_PREFIX_PATH=${CMAKE_PREFIX_PATH}:/opt/ros/humble /usr/bin/cmake --install /home/shaman/ros2_ws/src/ROS_N6/ex05/build/robot_app
[0.291s] DEBUG:colcon.colcon_core.event_handler.log_command:Invoking command in '/home/shaman/ros2_ws/src/ROS_N6/ex05/build/robot_bringup': CMAKE_PREFIX_PATH=${CMAKE_PREFIX_PATH}:/opt/ros/humble /usr/bin/cmake --install /home/shaman/ros2_ws/src/ROS_N6/ex05/build/robot_bringup
[0.292s] DEBUG:colcon.colcon_core.event_handler.log_command:Invoking command in '/home/shaman/ros2_ws/src/ROS_N6/ex05/build/robot_description': CMAKE_PREFIX_PATH=${CMAKE_PREFIX_PATH}:/opt/ros/humble /usr/bin/cmake --install /home/shaman/ros2_ws/src/ROS_N6/ex05/build/robot_description
[0.296s] Level 1:colcon.colcon_core.environment:create_environment_scripts_only(robot_app)
[0.299s] DEBUG:colcon.colcon_core.event_handler.log_command:Invoked command in '/home/shaman/ros2_ws/src/ROS_N6/ex05/build/robot_app' returned '0': CMAKE_PREFIX_PATH=${CMAKE_PREFIX_PATH}:/opt/ros/humble /usr/bin/cmake --install /home/shaman/ros2_ws/src/ROS_N6/ex05/build/robot_app
[0.300s] Level 1:colcon.colcon_core.environment:checking '/home/shaman/ros2_ws/src/ROS_N6/ex05/install/robot_app' for CMake module files
[0.301s] Level 1:colcon.colcon_core.environment:checking '/home/shaman/ros2_ws/src/ROS_N6/ex05/install/robot_app' for CMake config files
[0.301s] Level 1:colcon.colcon_core.shell:create_environment_hook('robot_app', 'cmake_prefix_path')
[0.302s] INFO:colcon.colcon_core.shell:Creating environment hook '/home/shaman/ros2_ws/src/ROS_N6/ex05/install/robot_app/share/robot_app/hook/cmake_prefix_path.ps1'
[0.302s] INFO:colcon.colcon_core.shell:Creating environment descriptor '/home/shaman/ros2_ws/src/ROS_N6/ex05/install/robot_app/share/robot_app/hook/cmake_prefix_path.dsv'
[0.303s] INFO:colcon.colcon_core.shell:Creating environment hook '/home/shaman/ros2_ws/src/ROS_N6/ex05/install/robot_app/share/robot_app/hook/cmake_prefix_path.sh'
[0.304s] Level 1:colcon.colcon_core.environment:checking '/home/shaman/ros2_ws/src/ROS_N6/ex05/install/robot_app/bin'
[0.304s] Level 1:colcon.colcon_core.environment:checking '/home/shaman/ros2_ws/src/ROS_N6/ex05/install/robot_app/lib/pkgconfig/robot_app.pc'
[0.304s] Level 1:colcon.colcon_core.environment:checking '/home/shaman/ros2_ws/src/ROS_N6/ex05/install/robot_app/lib/python3.10/site-packages'
[0.304s] Level 1:colcon.colcon_core.environment:checking '/home/shaman/ros2_ws/src/ROS_N6/ex05/install/robot_app/bin'
[0.304s] INFO:colcon.colcon_core.shell:Creating package script '/home/shaman/ros2_ws/src/ROS_N6/ex05/install/robot_app/share/robot_app/package.ps1'
[0.304s] INFO:colcon.colcon_core.shell:Creating package descriptor '/home/shaman/ros2_ws/src/ROS_N6/ex05/install/robot_app/share/robot_app/package.dsv'
[0.305s] INFO:colcon.colcon_core.shell:Creating package script '/home/shaman/ros2_ws/src/ROS_N6/ex05/install/robot_app/share/robot_app/package.sh'
[0.305s] INFO:colcon.colcon_core.shell:Creating package script '/home/shaman/ros2_ws/src/ROS_N6/ex05/install/robot_app/share/robot_app/package.bash'
[0.306s] INFO:colcon.colcon_core.shell:Creating package script '/home/shaman/ros2_ws/src/ROS_N6/ex05/install/robot_app/share/robot_app/package.zsh'
[0.306s] Level 1:colcon.colcon_core.environment:create_file_with_runtime_dependencies(/home/shaman/ros2_ws/src/ROS_N6/ex05/install/robot_app/share/colcon-core/packages/robot_app)
[0.307s] Level 1:colcon.colcon_core.environment:create_environment_scripts_only(robot_bringup)
[0.308s] Level 1:colcon.colcon_core.environment:checking '/home/shaman/ros2_ws/src/ROS_N6/ex05/install/robot_bringup' for CMake module files
[0.308s] DEBUG:colcon.colcon_core.event_handler.log_command:Invoked command in '/home/shaman/ros2_ws/src/ROS_N6/ex05/build/robot_bringup' returned '0': CMAKE_PREFIX_PATH=${CMAKE_PREFIX_PATH}:/opt/ros/humble /usr/bin/cmake --install /home/shaman/ros2_ws/src/ROS_N6/ex05/build/robot_bringup
[0.308s] Level 1:colcon.colcon_core.environment:checking '/home/shaman/ros2_ws/src/ROS_N6/ex05/install/robot_bringup' for CMake config files
[0.308s] Level 1:colcon.colcon_core.shell:create_environment_hook('robot_bringup', 'cmake_prefix_path')
[0.308s] INFO:colcon.colcon_core.shell:Creating environment hook '/home/shaman/ros2_ws/src/ROS_N6/ex05/install/robot_bringup/share/robot_bringup/hook/cmake_prefix_path.ps1'
[0.309s] INFO:colcon.colcon_core.shell:Creating environment descriptor '/home/shaman/ros2_ws/src/ROS_N6/ex05/install/robot_bringup/share/robot_bringup/hook/cmake_prefix_path.dsv'
[0.309s] INFO:colcon.colcon_core.shell:Creating environment hook '/home/shaman/ros2_ws/src/ROS_N6/ex05/install/robot_bringup/share/robot_bringup/hook/cmake_prefix_path.sh'
[0.309s] Level 1:colcon.colcon_core.environment:checking '/home/shaman/ros2_ws/src/ROS_N6/ex05/install/robot_bringup/bin'
[0.309s] Level 1:colcon.colcon_core.environment:checking '/home/shaman/ros2_ws/src/ROS_N6/ex05/install/robot_bringup/lib/pkgconfig/robot_bringup.pc'
[0.309s] Level 1:colcon.colcon_core.environment:checking '/home/shaman/ros2_ws/src/ROS_N6/ex05/install/robot_bringup/lib/python3.10/site-packages'
[0.309s] Level 1:colcon.colcon_core.environment:checking '/home/shaman/ros2_ws/src/ROS_N6/ex05/install/robot_bringup/bin'
[0.310s] INFO:colcon.colcon_core.shell:Creating package script '/home/shaman/ros2_ws/src/ROS_N6/ex05/install/robot_bringup/share/robot_bringup/package.ps1'
[0.310s] INFO:colcon.colcon_core.shell:Creating package descriptor '/home/shaman/ros2_ws/src/ROS_N6/ex05/install/robot_bringup/share/robot_bringup/package.dsv'
[0.310s] INFO:colcon.colcon_core.shell:Creating package script '/home/shaman/ros2_ws/src/ROS_N6/ex05/install/robot_bringup/share/robot_bringup/package.sh'
[0.310s] INFO:colcon.colcon_core.shell:Creating package script '/home/shaman/ros2_ws/src/ROS_N6/ex05/install/robot_bringup/share/robot_bringup/package.bash'
[0.310s] INFO:colcon.colcon_core.shell:Creating package script '/home/shaman/ros2_ws/src/ROS_N6/ex05/install/robot_bringup/share/robot_bringup/package.zsh'
[0.310s] Level 1:colcon.colcon_core.environment:create_file_with_runtime_dependencies(/home/shaman/ros2_ws/src/ROS_N6/ex05/install/robot_bringup/share/colcon-core/packages/robot_bringup)
[0.311s] Level 1:colcon.colcon_core.environment:create_environment_scripts_only(robot_description)
[0.311s] Level 1:colcon.colcon_core.environment:checking '/home/shaman/ros2_ws/src/ROS_N6/ex05/install/robot_description' for CMake module files
[0.312s] DEBUG:colcon.colcon_core.event_handler.log_command:Invoked command in '/home/shaman/ros2_ws/src/ROS_N6/ex05/build/robot_description' returned '0': CMAKE_PREFIX_PATH=${CMAKE_PREFIX_PATH}:/opt/ros/humble /usr/bin/cmake --install /home/shaman/ros2_ws/src/ROS_N6/ex05/build/robot_description
[0.312s] Level 1:colcon.colcon_core.environment:checking '/home/shaman/ros2_ws/src/ROS_N6/ex05/install/robot_description' for CMake config files
[0.312s] Level 1:colcon.colcon_core.shell:create_environment_hook('robot_description', 'cmake_prefix_path')
[0.312s] INFO:colcon.colcon_core.shell:Creating environment hook '/home/shaman/ros2_ws/src/ROS_N6/ex05/install/robot_description/share/robot_description/hook/cmake_prefix_path.ps1'
[0.312s] INFO:colcon.colcon_core.shell:Creating environment descriptor '/home/shaman/ros2_ws/src/ROS_N6/ex05/install/robot_description/share/robot_description/hook/cmake_prefix_path.dsv'
[0.312s] INFO:colcon.colcon_core.shell:Creating environment hook '/home/shaman/ros2_ws/src/ROS_N6/ex05/install/robot_description/share/robot_description/hook/cmake_prefix_path.sh'
[0.313s] Level 1:colcon.colcon_core.environment:checking '/home/shaman/ros2_ws/src/ROS_N6/ex05/install/robot_description/bin'
[0.313s] Level 1:colcon.colcon_core.environment:checking '/home/shaman/ros2_ws/src/ROS_N6/ex05/install/robot_description/lib/pkgconfig/robot_description.pc'
[0.313s] Level 1:colcon.colcon_core.environment:checking '/home/shaman/ros2_ws/src/ROS_N6/ex05/install/robot_description/lib/python3.10/site-packages'
[0.313s] Level 1:colcon.colcon_core.environment:checking '/home/shaman/ros2_ws/src/ROS_N6/ex05/install/robot_description/bin'
[0.313s] INFO:colcon.colcon_core.shell:Creating package script '/home/shaman/ros2_ws/src/ROS_N6/ex05/install/robot_description/share/robot_description/package.ps1'
[0.314s] INFO:colcon.colcon_core.shell:Creating package descriptor '/home/shaman/ros2_ws/src/ROS_N6/ex05/install/robot_description/share/robot_description/package.dsv'
[0.314s] INFO:colcon.colcon_core.shell:Creating package script '/home/shaman/ros2_ws/src/ROS_N6/ex05/install/robot_description/share/robot_description/package.sh'
[0.314s] INFO:colcon.colcon_core.shell:Creating package script '/home/shaman/ros2_ws/src/ROS_N6/ex05/install/robot_description/share/robot_description/package.bash'
[0.314s] INFO:colcon.colcon_core.shell:Creating package script '/home/shaman/ros2_ws/src/ROS_N6/ex05/install/robot_description/share/robot_description/package.zsh'
[0.314s] Level 1:colcon.colcon_core.environment:create_file_with_runtime_dependencies(/home/shaman/ros2_ws/src/ROS_N6/ex05/install/robot_description/share/colcon-core/packages/robot_description)
[0.321s] Level 1:colcon.colcon_core.environment:create_environment_scripts_only(robot_app)
[0.321s] Level 1:colcon.colcon_core.environment:checking '/home/shaman/ros2_ws/src/ROS_N6/ex05/install/robot_app' for CMake module files
[0.321s] Level 1:colcon.colcon_core.environment:checking '/home/shaman/ros2_ws/src/ROS_N6/ex05/install/robot_app' for CMake config files
[0.322s] Level 1:colcon.colcon_core.shell:create_environment_hook('robot_app', 'cmake_prefix_path')
[0.322s] INFO:colcon.colcon_core.shell:Creating environment hook '/home/shaman/ros2_ws/src/ROS_N6/ex05/install/robot_app/share/robot_app/hook/cmake_prefix_path.ps1'
[0.322s] INFO:colcon.colcon_core.shell:Creating environment descriptor '/home/shaman/ros2_ws/src/ROS_N6/ex05/install/robot_app/share/robot_app/hook/cmake_prefix_path.dsv'
[0.322s] INFO:colcon.colcon_core.shell:Creating environment hook '/home/shaman/ros2_ws/src/ROS_N6/ex05/install/robot_app/share/robot_app/hook/cmake_prefix_path.sh'
[0.323s] Level 1:colcon.colcon_core.environment:checking '/home/shaman/ros2_ws/src/ROS_N6/ex05/install/robot_app/bin'
[0.323s] Level 1:colcon.colcon_core.environment:checking '/home/shaman/ros2_ws/src/ROS_N6/ex05/install/robot_app/lib/pkgconfig/robot_app.pc'
[0.323s] Level 1:colcon.colcon_core.environment:checking '/home/shaman/ros2_ws/src/ROS_N6/ex05/install/robot_app/lib/python3.10/site-packages'
[0.323s] Level 1:colcon.colcon_core.environment:checking '/home/shaman/ros2_ws/src/ROS_N6/ex05/install/robot_app/bin'
[0.323s] INFO:colcon.colcon_core.shell:Creating package script '/home/shaman/ros2_ws/src/ROS_N6/ex05/install/robot_app/share/robot_app/package.ps1'
[0.323s] INFO:colcon.colcon_core.shell:Creating package descriptor '/home/shaman/ros2_ws/src/ROS_N6/ex05/install/robot_app/share/robot_app/package.dsv'
[0.324s] INFO:colcon.colcon_core.shell:Creating package script '/home/shaman/ros2_ws/src/ROS_N6/ex05/install/robot_app/share/robot_app/package.sh'
[0.324s] INFO:colcon.colcon_core.shell:Creating package script '/home/shaman/ros2_ws/src/ROS_N6/ex05/install/robot_app/share/robot_app/package.bash'
[0.324s] INFO:colcon.colcon_core.shell:Creating package script '/home/shaman/ros2_ws/src/ROS_N6/ex05/install/robot_app/share/robot_app/package.zsh'
[0.324s] Level 1:colcon.colcon_core.environment:create_file_with_runtime_dependencies(/home/shaman/ros2_ws/src/ROS_N6/ex05/install/robot_app/share/colcon-core/packages/robot_app)
[0.326s] Level 1:colcon.colcon_core.environment:create_environment_scripts_only(robot_bringup)
[0.326s] Level 1:colcon.colcon_core.environment:checking '/home/shaman/ros2_ws/src/ROS_N6/ex05/install/robot_bringup' for CMake module files
[0.326s] Level 1:colcon.colcon_core.environment:checking '/home/shaman/ros2_ws/src/ROS_N6/ex05/install/robot_bringup' for CMake config files
[0.326s] Level 1:colcon.colcon_core.shell:create_environment_hook('robot_bringup', 'cmake_prefix_path')
[0.326s] INFO:colcon.colcon_core.shell:Creating environment hook '/home/shaman/ros2_ws/src/ROS_N6/ex05/install/robot_bringup/share/robot_bringup/hook/cmake_prefix_path.ps1'
[0.327s] INFO:colcon.colcon_core.shell:Creating environment descriptor '/home/shaman/ros2_ws/src/ROS_N6/ex05/install/robot_bringup/share/robot_bringup/hook/cmake_prefix_path.dsv'
[0.327s] INFO:colcon.colcon_core.shell:Creating environment hook '/home/shaman/ros2_ws/src/ROS_N6/ex05/install/robot_bringup/share/robot_bringup/hook/cmake_prefix_path.sh'
[0.327s] Level 1:colcon.colcon_core.environment:checking '/home/shaman/ros2_ws/src/ROS_N6/ex05/install/robot_bringup/bin'
[0.327s] Level 1:colcon.colcon_core.environment:checking '/home/shaman/ros2_ws/src/ROS_N6/ex05/install/robot_bringup/lib/pkgconfig/robot_bringup.pc'
[0.328s] Level 1:colcon.colcon_core.environment:checking '/home/shaman/ros2_ws/src/ROS_N6/ex05/install/robot_bringup/lib/python3.10/site-packages'
[0.328s] Level 1:colcon.colcon_core.environment:checking '/home/shaman/ros2_ws/src/ROS_N6/ex05/install/robot_bringup/bin'
[0.328s] INFO:colcon.colcon_core.shell:Creating package script '/home/shaman/ros2_ws/src/ROS_N6/ex05/install/robot_bringup/share/robot_bringup/package.ps1'
[0.328s] INFO:colcon.colcon_core.shell:Creating package descriptor '/home/shaman/ros2_ws/src/ROS_N6/ex05/install/robot_bringup/share/robot_bringup/package.dsv'
[0.328s] INFO:colcon.colcon_core.shell:Creating package script '/home/shaman/ros2_ws/src/ROS_N6/ex05/install/robot_bringup/share/robot_bringup/package.sh'
[0.329s] INFO:colcon.colcon_core.shell:Creating package script '/home/shaman/ros2_ws/src/ROS_N6/ex05/install/robot_bringup/share/robot_bringup/package.bash'
[0.329s] INFO:colcon.colcon_core.shell:Creating package script '/home/shaman/ros2_ws/src/ROS_N6/ex05/install/robot_bringup/share/robot_bringup/package.zsh'
[0.329s] Level 1:colcon.colcon_core.environment:create_file_with_runtime_dependencies(/home/shaman/ros2_ws/src/ROS_N6/ex05/install/robot_bringup/share/colcon-core/packages/robot_bringup)
[0.330s] Level 1:colcon.colcon_core.environment:create_environment_scripts_only(robot_description)
[0.330s] Level 1:colcon.colcon_core.environment:checking '/home/shaman/ros2_ws/src/ROS_N6/ex05/install/robot_description' for CMake module files
[0.331s] Level 1:colcon.colcon_core.environment:checking '/home/shaman/ros2_ws/src/ROS_N6/ex05/install/robot_description' for CMake config files
[0.331s] Level 1:colcon.colcon_core.shell:create_environment_hook('robot_description', 'cmake_prefix_path')
[0.331s] INFO:colcon.colcon_core.shell:Creating environment hook '/home/shaman/ros2_ws/src/ROS_N6/ex05/install/robot_description/share/robot_description/hook/cmake_prefix_path.ps1'
[0.331s] INFO:colcon.colcon_core.shell:Creating environment descriptor '/home/shaman/ros2_ws/src/ROS_N6/ex05/install/robot_description/share/robot_description/hook/cmake_prefix_path.dsv'
[0.331s] INFO:colcon.colcon_core.shell:Creating environment hook '/home/shaman/ros2_ws/src/ROS_N6/ex05/install/robot_description/share/robot_description/hook/cmake_prefix_path.sh'
[0.331s] Level 1:colcon.colcon_core.environment:checking '/home/shaman/ros2_ws/src/ROS_N6/ex05/install/robot_description/bin'
[0.332s] Level 1:colcon.colcon_core.environment:checking '/home/shaman/ros2_ws/src/ROS_N6/ex05/install/robot_description/lib/pkgconfig/robot_description.pc'
[0.332s] Level 1:colcon.colcon_core.environment:checking '/home/shaman/ros2_ws/src/ROS_N6/ex05/install/robot_description/lib/python3.10/site-packages'
[0.332s] Level 1:colcon.colcon_core.environment:checking '/home/shaman/ros2_ws/src/ROS_N6/ex05/install/robot_description/bin'
[0.332s] INFO:colcon.colcon_core.shell:Creating package script '/home/shaman/ros2_ws/src/ROS_N6/ex05/install/robot_description/share/robot_description/package.ps1'
[0.332s] INFO:colcon.colcon_core.shell:Creating package descriptor '/home/shaman/ros2_ws/src/ROS_N6/ex05/install/robot_description/share/robot_description/package.dsv'
[0.332s] INFO:colcon.colcon_core.shell:Creating package script '/home/shaman/ros2_ws/src/ROS_N6/ex05/install/robot_description/share/robot_description/package.sh'
[0.333s] INFO:colcon.colcon_core.shell:Creating package script '/home/shaman/ros2_ws/src/ROS_N6/ex05/install/robot_description/share/robot_description/package.bash'
[0.333s] INFO:colcon.colcon_core.shell:Creating package script '/home/shaman/ros2_ws/src/ROS_N6/ex05/install/robot_description/share/robot_description/package.zsh'
[0.333s] Level 1:colcon.colcon_core.environment:create_file_with_runtime_dependencies(/home/shaman/ros2_ws/src/ROS_N6/ex05/install/robot_description/share/colcon-core/packages/robot_description)
[8.265s] DEBUG:colcon.colcon_core.event_handler.log_command:Invoked command in '/home/shaman/ros2_ws/src/ROS_N6/ex05/build/my_robot_controller_deep_cam' returned '0': CMAKE_PREFIX_PATH=${CMAKE_PREFIX_PATH}:/opt/ros/humble /usr/bin/cmake --build /home/shaman/ros2_ws/src/ROS_N6/ex05/build/my_robot_controller_deep_cam -- -j12 -l12
[8.287s] DEBUG:colcon.colcon_core.event_handler.log_command:Invoking command in '/home/shaman/ros2_ws/src/ROS_N6/ex05/build/my_robot_controller_deep_cam': CMAKE_PREFIX_PATH=${CMAKE_PREFIX_PATH}:/opt/ros/humble /usr/bin/cmake --install /home/shaman/ros2_ws/src/ROS_N6/ex05/build/my_robot_controller_deep_cam
[8.297s] Level 1:colcon.colcon_core.environment:create_environment_scripts_only(my_robot_controller_deep_cam)
[8.298s] Level 1:colcon.colcon_core.environment:checking '/home/shaman/ros2_ws/src/ROS_N6/ex05/install/my_robot_controller_deep_cam' for CMake module files
[8.298s] DEBUG:colcon.colcon_core.event_handler.log_command:Invoked command in '/home/shaman/ros2_ws/src/ROS_N6/ex05/build/my_robot_controller_deep_cam' returned '0': CMAKE_PREFIX_PATH=${CMAKE_PREFIX_PATH}:/opt/ros/humble /usr/bin/cmake --install /home/shaman/ros2_ws/src/ROS_N6/ex05/build/my_robot_controller_deep_cam
[8.298s] Level 1:colcon.colcon_core.environment:checking '/home/shaman/ros2_ws/src/ROS_N6/ex05/install/my_robot_controller_deep_cam' for CMake config files
[8.298s] Level 1:colcon.colcon_core.shell:create_environment_hook('my_robot_controller_deep_cam', 'cmake_prefix_path')
[8.298s] INFO:colcon.colcon_core.shell:Creating environment hook '/home/shaman/ros2_ws/src/ROS_N6/ex05/install/my_robot_controller_deep_cam/share/my_robot_controller_deep_cam/hook/cmake_prefix_path.ps1'
[8.299s] INFO:colcon.colcon_core.shell:Creating environment descriptor '/home/shaman/ros2_ws/src/ROS_N6/ex05/install/my_robot_controller_deep_cam/share/my_robot_controller_deep_cam/hook/cmake_prefix_path.dsv'
[8.299s] INFO:colcon.colcon_core.shell:Creating environment hook '/home/shaman/ros2_ws/src/ROS_N6/ex05/install/my_robot_controller_deep_cam/share/my_robot_controller_deep_cam/hook/cmake_prefix_path.sh'
[8.299s] Level 1:colcon.colcon_core.environment:checking '/home/shaman/ros2_ws/src/ROS_N6/ex05/install/my_robot_controller_deep_cam/lib'
[8.299s] Level 1:colcon.colcon_core.environment:checking '/home/shaman/ros2_ws/src/ROS_N6/ex05/install/my_robot_controller_deep_cam/bin'
[8.299s] Level 1:colcon.colcon_core.environment:checking '/home/shaman/ros2_ws/src/ROS_N6/ex05/install/my_robot_controller_deep_cam/lib/pkgconfig/my_robot_controller_deep_cam.pc'
[8.299s] Level 1:colcon.colcon_core.environment:checking '/home/shaman/ros2_ws/src/ROS_N6/ex05/install/my_robot_controller_deep_cam/lib/python3.10/site-packages'
[8.299s] Level 1:colcon.colcon_core.environment:checking '/home/shaman/ros2_ws/src/ROS_N6/ex05/install/my_robot_controller_deep_cam/bin'
[8.300s] INFO:colcon.colcon_core.shell:Creating package script '/home/shaman/ros2_ws/src/ROS_N6/ex05/install/my_robot_controller_deep_cam/share/my_robot_controller_deep_cam/package.ps1'
[8.300s] INFO:colcon.colcon_core.shell:Creating package descriptor '/home/shaman/ros2_ws/src/ROS_N6/ex05/install/my_robot_controller_deep_cam/share/my_robot_controller_deep_cam/package.dsv'
[8.300s] INFO:colcon.colcon_core.shell:Creating package script '/home/shaman/ros2_ws/src/ROS_N6/ex05/install/my_robot_controller_deep_cam/share/my_robot_controller_deep_cam/package.sh'
[8.300s] INFO:colcon.colcon_core.shell:Creating package script '/home/shaman/ros2_ws/src/ROS_N6/ex05/install/my_robot_controller_deep_cam/share/my_robot_controller_deep_cam/package.bash'
[8.300s] INFO:colcon.colcon_core.shell:Creating package script '/home/shaman/ros2_ws/src/ROS_N6/ex05/install/my_robot_controller_deep_cam/share/my_robot_controller_deep_cam/package.zsh'
[8.301s] Level 1:colcon.colcon_core.environment:create_file_with_runtime_dependencies(/home/shaman/ros2_ws/src/ROS_N6/ex05/install/my_robot_controller_deep_cam/share/colcon-core/packages/my_robot_controller_deep_cam)
[8.342s] Level 1:colcon.colcon_core.environment:create_environment_scripts_only(my_robot_controller_deep_cam)
[8.343s] Level 1:colcon.colcon_core.environment:checking '/home/shaman/ros2_ws/src/ROS_N6/ex05/install/my_robot_controller_deep_cam' for CMake module files
[8.344s] Level 1:colcon.colcon_core.environment:checking '/home/shaman/ros2_ws/src/ROS_N6/ex05/install/my_robot_controller_deep_cam' for CMake config files
[8.345s] Level 1:colcon.colcon_core.shell:create_environment_hook('my_robot_controller_deep_cam', 'cmake_prefix_path')
[8.345s] INFO:colcon.colcon_core.shell:Creating environment hook '/home/shaman/ros2_ws/src/ROS_N6/ex05/install/my_robot_controller_deep_cam/share/my_robot_controller_deep_cam/hook/cmake_prefix_path.ps1'
[8.346s] INFO:colcon.colcon_core.shell:Creating environment descriptor '/home/shaman/ros2_ws/src/ROS_N6/ex05/install/my_robot_controller_deep_cam/share/my_robot_controller_deep_cam/hook/cmake_prefix_path.dsv'
[8.347s] INFO:colcon.colcon_core.shell:Creating environment hook '/home/shaman/ros2_ws/src/ROS_N6/ex05/install/my_robot_controller_deep_cam/share/my_robot_controller_deep_cam/hook/cmake_prefix_path.sh'
[8.349s] Level 1:colcon.colcon_core.environment:checking '/home/shaman/ros2_ws/src/ROS_N6/ex05/install/my_robot_controller_deep_cam/lib'
[8.349s] Level 1:colcon.colcon_core.environment:checking '/home/shaman/ros2_ws/src/ROS_N6/ex05/install/my_robot_controller_deep_cam/bin'
[8.349s] Level 1:colcon.colcon_core.environment:checking '/home/shaman/ros2_ws/src/ROS_N6/ex05/install/my_robot_controller_deep_cam/lib/pkgconfig/my_robot_controller_deep_cam.pc'
[8.350s] Level 1:colcon.colcon_core.environment:checking '/home/shaman/ros2_ws/src/ROS_N6/ex05/install/my_robot_controller_deep_cam/lib/python3.10/site-packages'
[8.350s] Level 1:colcon.colcon_core.environment:checking '/home/shaman/ros2_ws/src/ROS_N6/ex05/install/my_robot_controller_deep_cam/bin'
[8.351s] INFO:colcon.colcon_core.shell:Creating package script '/home/shaman/ros2_ws/src/ROS_N6/ex05/install/my_robot_controller_deep_cam/share/my_robot_controller_deep_cam/package.ps1'
[8.353s] INFO:colcon.colcon_core.shell:Creating package descriptor '/home/shaman/ros2_ws/src/ROS_N6/ex05/install/my_robot_controller_deep_cam/share/my_robot_controller_deep_cam/package.dsv'
[8.354s] INFO:colcon.colcon_core.shell:Creating package script '/home/shaman/ros2_ws/src/ROS_N6/ex05/install/my_robot_controller_deep_cam/share/my_robot_controller_deep_cam/package.sh'
[8.355s] INFO:colcon.colcon_core.shell:Creating package script '/home/shaman/ros2_ws/src/ROS_N6/ex05/install/my_robot_controller_deep_cam/share/my_robot_controller_deep_cam/package.bash'
[8.355s] INFO:colcon.colcon_core.shell:Creating package script '/home/shaman/ros2_ws/src/ROS_N6/ex05/install/my_robot_controller_deep_cam/share/my_robot_controller_deep_cam/package.zsh'
[8.356s] Level 1:colcon.colcon_core.environment:create_file_with_runtime_dependencies(/home/shaman/ros2_ws/src/ROS_N6/ex05/install/my_robot_controller_deep_cam/share/colcon-core/packages/my_robot_controller_deep_cam)
[8.356s] DEBUG:colcon.colcon_parallel_executor.executor.parallel:closing loop
[8.357s] DEBUG:colcon.colcon_parallel_executor.executor.parallel:loop closed
[8.357s] DEBUG:colcon.colcon_parallel_executor.executor.parallel:run_until_complete finished with '0'
[8.358s] DEBUG:colcon.colcon_core.event_reactor:joining thread
[8.368s] INFO:colcon.colcon_core.plugin_system:Skipping extension 'colcon_notification.desktop_notification.terminal_notifier': Not used on non-Darwin systems
[8.368s] INFO:colcon.colcon_core.plugin_system:Skipping extension 'colcon_notification.desktop_notification.win32': Not used on non-Windows systems
[8.368s] INFO:colcon.colcon_notification.desktop_notification:Sending desktop notification using 'notify2'
[8.386s] DEBUG:colcon.colcon_core.event_reactor:joined thread
[8.386s] INFO:colcon.colcon_core.shell:Creating prefix script '/home/shaman/ros2_ws/src/ROS_N6/ex05/install/local_setup.ps1'
[8.387s] INFO:colcon.colcon_core.shell:Creating prefix util module '/home/shaman/ros2_ws/src/ROS_N6/ex05/install/_local_setup_util_ps1.py'
[8.389s] INFO:colcon.colcon_core.shell:Creating prefix chain script '/home/shaman/ros2_ws/src/ROS_N6/ex05/install/setup.ps1'
[8.391s] INFO:colcon.colcon_core.shell:Creating prefix script '/home/shaman/ros2_ws/src/ROS_N6/ex05/install/local_setup.sh'
[8.391s] INFO:colcon.colcon_core.shell:Creating prefix util module '/home/shaman/ros2_ws/src/ROS_N6/ex05/install/_local_setup_util_sh.py'
[8.392s] INFO:colcon.colcon_core.shell:Creating prefix chain script '/home/shaman/ros2_ws/src/ROS_N6/ex05/install/setup.sh'
[8.393s] INFO:colcon.colcon_core.shell:Creating prefix script '/home/shaman/ros2_ws/src/ROS_N6/ex05/install/local_setup.bash'
[8.394s] INFO:colcon.colcon_core.shell:Creating prefix chain script '/home/shaman/ros2_ws/src/ROS_N6/ex05/install/setup.bash'
[8.395s] INFO:colcon.colcon_core.shell:Creating prefix script '/home/shaman/ros2_ws/src/ROS_N6/ex05/install/local_setup.zsh'
[8.395s] INFO:colcon.colcon_core.shell:Creating prefix chain script '/home/shaman/ros2_ws/src/ROS_N6/ex05/install/setup.zsh'
