[ 50%] [32mBuilding CXX object CMakeFiles/robot_controller.dir/src/robot_controller.cpp.o[0m
[100%] [32m[1mLinking CXX executable robot_controller[0m
[100%] Built target robot_controller
-- Install configuration: ""
-- Installing: /home/shaman/ros2_ws/src/ROS_N6/ex04/install/my_robot_controller_lidar/lib/my_robot_controller_lidar/robot_controller
-- Set runtime path of "/home/shaman/ros2_ws/src/ROS_N6/ex04/install/my_robot_controller_lidar/lib/my_robot_controller_lidar/robot_controller" to ""
-- Up-to-date: /home/shaman/ros2_ws/src/ROS_N6/ex04/install/my_robot_controller_lidar/share/ament_index/resource_index/package_run_dependencies/my_robot_controller_lidar
-- Up-to-date: /home/shaman/ros2_ws/src/ROS_N6/ex04/install/my_robot_controller_lidar/share/ament_index/resource_index/parent_prefix_path/my_robot_controller_lidar
-- Up-to-date: /home/shaman/ros2_ws/src/ROS_N6/ex04/install/my_robot_controller_lidar/share/my_robot_controller_lidar/environment/ament_prefix_path.sh
-- Up-to-date: /home/shaman/ros2_ws/src/ROS_N6/ex04/install/my_robot_controller_lidar/share/my_robot_controller_lidar/environment/ament_prefix_path.dsv
-- Up-to-date: /home/shaman/ros2_ws/src/ROS_N6/ex04/install/my_robot_controller_lidar/share/my_robot_controller_lidar/environment/path.sh
-- Up-to-date: /home/shaman/ros2_ws/src/ROS_N6/ex04/install/my_robot_controller_lidar/share/my_robot_controller_lidar/environment/path.dsv
-- Up-to-date: /home/shaman/ros2_ws/src/ROS_N6/ex04/install/my_robot_controller_lidar/share/my_robot_controller_lidar/local_setup.bash
-- Up-to-date: /home/shaman/ros2_ws/src/ROS_N6/ex04/install/my_robot_controller_lidar/share/my_robot_controller_lidar/local_setup.sh
-- Up-to-date: /home/shaman/ros2_ws/src/ROS_N6/ex04/install/my_robot_controller_lidar/share/my_robot_controller_lidar/local_setup.zsh
-- Up-to-date: /home/shaman/ros2_ws/src/ROS_N6/ex04/install/my_robot_controller_lidar/share/my_robot_controller_lidar/local_setup.dsv
-- Installing: /home/shaman/ros2_ws/src/ROS_N6/ex04/install/my_robot_controller_lidar/share/my_robot_controller_lidar/package.dsv
-- Up-to-date: /home/shaman/ros2_ws/src/ROS_N6/ex04/install/my_robot_controller_lidar/share/ament_index/resource_index/packages/my_robot_controller_lidar
-- Up-to-date: /home/shaman/ros2_ws/src/ROS_N6/ex04/install/my_robot_controller_lidar/share/my_robot_controller_lidar/cmake/my_robot_controller_lidarConfig.cmake
-- Up-to-date: /home/shaman/ros2_ws/src/ROS_N6/ex04/install/my_robot_controller_lidar/share/my_robot_controller_lidar/cmake/my_robot_controller_lidarConfig-version.cmake
-- Up-to-date: /home/shaman/ros2_ws/src/ROS_N6/ex04/install/my_robot_controller_lidar/share/my_robot_controller_lidar/package.xml
