[0.011s] Invoking command in '/home/shaman/ros2_ws/src/ROS_N6/ex05/build/robot_bringup': CMAKE_PREFIX_PATH=${CMAKE_PREFIX_PATH}:/opt/ros/humble /usr/bin/cmake /home/shaman/ros2_ws/src/ROS_N6/ex05/robot_bringup -DCMAKE_INSTALL_PREFIX=/home/shaman/ros2_ws/src/ROS_N6/ex05/install/robot_bringup
[0.060s] -- The C compiler identification is GNU 11.4.0
[0.102s] -- The CXX compiler identification is GNU 11.4.0
[0.108s] -- Detecting C compiler ABI info
[0.159s] -- Detecting C compiler ABI info - done
[0.164s] -- Check for working C compiler: /usr/bin/cc - skipped
[0.164s] -- Detecting C compile features
[0.164s] -- Detecting C compile features - done
[0.166s] -- Detecting CXX compiler ABI info
[0.227s] -- Detecting CXX compiler ABI info - done
[0.233s] -- Check for working CXX compiler: /usr/bin/c++ - skipped
[0.233s] -- Detecting CXX compile features
[0.234s] -- Detecting CXX compile features - done
[0.237s] -- Found ament_cmake: 1.3.10 (/opt/ros/humble/share/ament_cmake/cmake)
[0.355s] -- Found Python3: /usr/bin/python3 (found version "3.10.12") found components: Interpreter 
[0.431s] -- Found ament_lint_auto: 0.12.11 (/opt/ros/humble/share/ament_lint_auto/cmake)
[0.485s] -- Configuring done
[0.489s] -- Generating done
[0.491s] -- Build files have been written to: /home/shaman/ros2_ws/src/ROS_N6/ex05/build/robot_bringup
[0.501s] Invoked command in '/home/shaman/ros2_ws/src/ROS_N6/ex05/build/robot_bringup' returned '0': CMAKE_PREFIX_PATH=${CMAKE_PREFIX_PATH}:/opt/ros/humble /usr/bin/cmake /home/shaman/ros2_ws/src/ROS_N6/ex05/robot_bringup -DCMAKE_INSTALL_PREFIX=/home/shaman/ros2_ws/src/ROS_N6/ex05/install/robot_bringup
[0.501s] Invoking command in '/home/shaman/ros2_ws/src/ROS_N6/ex05/build/robot_bringup': CMAKE_PREFIX_PATH=${CMAKE_PREFIX_PATH}:/opt/ros/humble /usr/bin/cmake --build /home/shaman/ros2_ws/src/ROS_N6/ex05/build/robot_bringup -- -j12 -l12
[0.545s] Invoked command in '/home/shaman/ros2_ws/src/ROS_N6/ex05/build/robot_bringup' returned '0': CMAKE_PREFIX_PATH=${CMAKE_PREFIX_PATH}:/opt/ros/humble /usr/bin/cmake --build /home/shaman/ros2_ws/src/ROS_N6/ex05/build/robot_bringup -- -j12 -l12
[0.580s] Invoking command in '/home/shaman/ros2_ws/src/ROS_N6/ex05/build/robot_bringup': CMAKE_PREFIX_PATH=${CMAKE_PREFIX_PATH}:/opt/ros/humble /usr/bin/cmake --install /home/shaman/ros2_ws/src/ROS_N6/ex05/build/robot_bringup
[0.589s] -- Install configuration: ""
[0.589s] -- Installing: /home/shaman/ros2_ws/src/ROS_N6/ex05/install/robot_bringup/share/robot_bringup/launch
[0.589s] -- Installing: /home/shaman/ros2_ws/src/ROS_N6/ex05/install/robot_bringup/share/robot_bringup/launch/diff_drive.launch.py
[0.589s] -- Installing: /home/shaman/ros2_ws/src/ROS_N6/ex05/install/robot_bringup/share/robot_bringup/config
[0.589s] -- Installing: /home/shaman/ros2_ws/src/ROS_N6/ex05/install/robot_bringup/share/robot_bringup/config/diff_drive.rviz
[0.589s] -- Installing: /home/shaman/ros2_ws/src/ROS_N6/ex05/install/robot_bringup/share/robot_bringup/config/robot_bridge.yaml
[0.589s] -- Installing: /home/shaman/ros2_ws/src/ROS_N6/ex05/install/robot_bringup/share/robot_bringup/config/depth_config.rviz
[0.590s] -- Installing: /home/shaman/ros2_ws/src/ROS_N6/ex05/install/robot_bringup/share/ament_index/resource_index/package_run_dependencies/robot_bringup
[0.590s] -- Installing: /home/shaman/ros2_ws/src/ROS_N6/ex05/install/robot_bringup/share/ament_index/resource_index/parent_prefix_path/robot_bringup
[0.590s] -- Installing: /home/shaman/ros2_ws/src/ROS_N6/ex05/install/robot_bringup/share/robot_bringup/environment/ament_prefix_path.sh
[0.590s] -- Installing: /home/shaman/ros2_ws/src/ROS_N6/ex05/install/robot_bringup/share/robot_bringup/environment/ament_prefix_path.dsv
[0.591s] -- Installing: /home/shaman/ros2_ws/src/ROS_N6/ex05/install/robot_bringup/share/robot_bringup/environment/path.sh
[0.591s] -- Installing: /home/shaman/ros2_ws/src/ROS_N6/ex05/install/robot_bringup/share/robot_bringup/environment/path.dsv
[0.591s] -- Installing: /home/shaman/ros2_ws/src/ROS_N6/ex05/install/robot_bringup/share/robot_bringup/local_setup.bash
[0.591s] -- Installing: /home/shaman/ros2_ws/src/ROS_N6/ex05/install/robot_bringup/share/robot_bringup/local_setup.sh
[0.591s] -- Installing: /home/shaman/ros2_ws/src/ROS_N6/ex05/install/robot_bringup/share/robot_bringup/local_setup.zsh
[0.591s] -- Installing: /home/shaman/ros2_ws/src/ROS_N6/ex05/install/robot_bringup/share/robot_bringup/local_setup.dsv
[0.591s] -- Installing: /home/shaman/ros2_ws/src/ROS_N6/ex05/install/robot_bringup/share/robot_bringup/package.dsv
[0.592s] -- Installing: /home/shaman/ros2_ws/src/ROS_N6/ex05/install/robot_bringup/share/ament_index/resource_index/packages/robot_bringup
[0.592s] -- Installing: /home/shaman/ros2_ws/src/ROS_N6/ex05/install/robot_bringup/share/robot_bringup/cmake/robot_bringupConfig.cmake
[0.592s] -- Installing: /home/shaman/ros2_ws/src/ROS_N6/ex05/install/robot_bringup/share/robot_bringup/cmake/robot_bringupConfig-version.cmake
[0.592s] -- Installing: /home/shaman/ros2_ws/src/ROS_N6/ex05/install/robot_bringup/share/robot_bringup/package.xml
[0.597s] Invoked command in '/home/shaman/ros2_ws/src/ROS_N6/ex05/build/robot_bringup' returned '0': CMAKE_PREFIX_PATH=${CMAKE_PREFIX_PATH}:/opt/ros/humble /usr/bin/cmake --install /home/shaman/ros2_ws/src/ROS_N6/ex05/build/robot_bringup
