[0.009s] Invoking command in '/home/shaman/ros2_ws/src/ROS_N6/ex01/build/robot_bringup': CMAKE_PREFIX_PATH=${CMAKE_PREFIX_PATH}:/opt/ros/humble /usr/bin/cmake /home/shaman/ros2_ws/src/ROS_N6/ex01/robot_bringup -DCMAKE_INSTALL_PREFIX=/home/shaman/ros2_ws/src/ROS_N6/ex01/install/robot_bringup
[0.048s] -- The C compiler identification is GNU 11.4.0
[0.086s] -- The CXX compiler identification is GNU 11.4.0
[0.091s] -- Detecting C compiler ABI info
[0.140s] -- Detecting C compiler ABI info - done
[0.145s] -- Check for working C compiler: /usr/bin/cc - skipped
[0.145s] -- Detecting C compile features
[0.145s] -- Detecting C compile features - done
[0.147s] -- Detecting CXX compiler ABI info
[0.204s] -- Detecting CXX compiler ABI info - done
[0.209s] -- Check for working CXX compiler: /usr/bin/c++ - skipped
[0.209s] -- Detecting CXX compile features
[0.209s] -- Detecting CXX compile features - done
[0.212s] -- Found ament_cmake: 1.3.10 (/opt/ros/humble/share/ament_cmake/cmake)
[0.325s] -- Found Python3: /usr/bin/python3 (found version "3.10.12") found components: Interpreter 
[0.395s] -- Found ament_lint_auto: 0.12.11 (/opt/ros/humble/share/ament_lint_auto/cmake)
[0.460s] -- Configuring done
[0.462s] -- Generating done
[0.463s] -- Build files have been written to: /home/shaman/ros2_ws/src/ROS_N6/ex01/build/robot_bringup
[0.466s] Invoked command in '/home/shaman/ros2_ws/src/ROS_N6/ex01/build/robot_bringup' returned '0': CMAKE_PREFIX_PATH=${CMAKE_PREFIX_PATH}:/opt/ros/humble /usr/bin/cmake /home/shaman/ros2_ws/src/ROS_N6/ex01/robot_bringup -DCMAKE_INSTALL_PREFIX=/home/shaman/ros2_ws/src/ROS_N6/ex01/install/robot_bringup
[0.467s] Invoking command in '/home/shaman/ros2_ws/src/ROS_N6/ex01/build/robot_bringup': CMAKE_PREFIX_PATH=${CMAKE_PREFIX_PATH}:/opt/ros/humble /usr/bin/cmake --build /home/shaman/ros2_ws/src/ROS_N6/ex01/build/robot_bringup -- -j12 -l12
[0.499s] Invoked command in '/home/shaman/ros2_ws/src/ROS_N6/ex01/build/robot_bringup' returned '0': CMAKE_PREFIX_PATH=${CMAKE_PREFIX_PATH}:/opt/ros/humble /usr/bin/cmake --build /home/shaman/ros2_ws/src/ROS_N6/ex01/build/robot_bringup -- -j12 -l12
[0.517s] Invoking command in '/home/shaman/ros2_ws/src/ROS_N6/ex01/build/robot_bringup': CMAKE_PREFIX_PATH=${CMAKE_PREFIX_PATH}:/opt/ros/humble /usr/bin/cmake --install /home/shaman/ros2_ws/src/ROS_N6/ex01/build/robot_bringup
[0.523s] -- Install configuration: ""
[0.523s] -- Installing: /home/shaman/ros2_ws/src/ROS_N6/ex01/install/robot_bringup/share/robot_bringup/launch
[0.524s] -- Installing: /home/shaman/ros2_ws/src/ROS_N6/ex01/install/robot_bringup/share/robot_bringup/launch/diff_drive.launch.py
[0.524s] -- Installing: /home/shaman/ros2_ws/src/ROS_N6/ex01/install/robot_bringup/share/robot_bringup/config
[0.524s] -- Installing: /home/shaman/ros2_ws/src/ROS_N6/ex01/install/robot_bringup/share/robot_bringup/config/diff_drive.rviz
[0.524s] -- Installing: /home/shaman/ros2_ws/src/ROS_N6/ex01/install/robot_bringup/share/robot_bringup/config/robot_bridge.yaml
[0.524s] -- Installing: /home/shaman/ros2_ws/src/ROS_N6/ex01/install/robot_bringup/share/ament_index/resource_index/package_run_dependencies/robot_bringup
[0.524s] -- Installing: /home/shaman/ros2_ws/src/ROS_N6/ex01/install/robot_bringup/share/ament_index/resource_index/parent_prefix_path/robot_bringup
[0.524s] -- Installing: /home/shaman/ros2_ws/src/ROS_N6/ex01/install/robot_bringup/share/robot_bringup/environment/ament_prefix_path.sh
[0.524s] -- Installing: /home/shaman/ros2_ws/src/ROS_N6/ex01/install/robot_bringup/share/robot_bringup/environment/ament_prefix_path.dsv
[0.524s] -- Installing: /home/shaman/ros2_ws/src/ROS_N6/ex01/install/robot_bringup/share/robot_bringup/environment/path.sh
[0.524s] -- Installing: /home/shaman/ros2_ws/src/ROS_N6/ex01/install/robot_bringup/share/robot_bringup/environment/path.dsv
[0.524s] -- Installing: /home/shaman/ros2_ws/src/ROS_N6/ex01/install/robot_bringup/share/robot_bringup/local_setup.bash
[0.525s] -- Installing: /home/shaman/ros2_ws/src/ROS_N6/ex01/install/robot_bringup/share/robot_bringup/local_setup.sh
[0.525s] -- Installing: /home/shaman/ros2_ws/src/ROS_N6/ex01/install/robot_bringup/share/robot_bringup/local_setup.zsh
[0.525s] -- Installing: /home/shaman/ros2_ws/src/ROS_N6/ex01/install/robot_bringup/share/robot_bringup/local_setup.dsv
[0.525s] -- Installing: /home/shaman/ros2_ws/src/ROS_N6/ex01/install/robot_bringup/share/robot_bringup/package.dsv
[0.525s] -- Installing: /home/shaman/ros2_ws/src/ROS_N6/ex01/install/robot_bringup/share/ament_index/resource_index/packages/robot_bringup
[0.525s] -- Installing: /home/shaman/ros2_ws/src/ROS_N6/ex01/install/robot_bringup/share/robot_bringup/cmake/robot_bringupConfig.cmake
[0.525s] -- Installing: /home/shaman/ros2_ws/src/ROS_N6/ex01/install/robot_bringup/share/robot_bringup/cmake/robot_bringupConfig-version.cmake
[0.525s] -- Installing: /home/shaman/ros2_ws/src/ROS_N6/ex01/install/robot_bringup/share/robot_bringup/package.xml
[0.527s] Invoked command in '/home/shaman/ros2_ws/src/ROS_N6/ex01/build/robot_bringup' returned '0': CMAKE_PREFIX_PATH=${CMAKE_PREFIX_PATH}:/opt/ros/humble /usr/bin/cmake --install /home/shaman/ros2_ws/src/ROS_N6/ex01/build/robot_bringup
