[0.016s] Invoking command in '/home/shaman/ros2_ws/src/ROS_N6/ex05/build/my_robot_controller_deep_cam': CMAKE_PREFIX_PATH=${CMAKE_PREFIX_PATH}:/opt/ros/humble /usr/bin/cmake --build /home/shaman/ros2_ws/src/ROS_N6/ex05/build/my_robot_controller_deep_cam -- -j12 -l12
[0.034s] -- Found ament_cmake: 1.3.10 (/opt/ros/humble/share/ament_cmake/cmake)
[0.122s] -- Found rclcpp: 16.0.10 (/opt/ros/humble/share/rclcpp/cmake)
[0.140s] -- Found rosidl_generator_c: 3.1.5 (/opt/ros/humble/share/rosidl_generator_c/cmake)
[0.141s] -- Found rosidl_adapter: 3.1.5 (/opt/ros/humble/share/rosidl_adapter/cmake)
[0.145s] -- Found rosidl_generator_cpp: 3.1.5 (/opt/ros/humble/share/rosidl_generator_cpp/cmake)
[0.151s] -- Using all available rosidl_typesupport_c: rosidl_typesupport_fastrtps_c;rosidl_typesupport_introspection_c
[0.158s] -- Using all available rosidl_typesupport_cpp: rosidl_typesupport_fastrtps_cpp;rosidl_typesupport_introspection_cpp
[0.177s] -- Found rmw_implementation_cmake: 6.1.2 (/opt/ros/humble/share/rmw_implementation_cmake/cmake)
[0.178s] -- Found rmw_fastrtps_cpp: 6.2.7 (/opt/ros/humble/share/rmw_fastrtps_cpp/cmake)
[0.248s] -- Using RMW implementation 'rmw_fastrtps_cpp' as default
[0.276s] -- Found geometry_msgs: 4.2.4 (/opt/ros/humble/share/geometry_msgs/cmake)
[0.283s] -- Found tf2_ros: 0.25.8 (/opt/ros/humble/share/tf2_ros/cmake)
[0.332s] -- Found sensor_msgs: 4.2.4 (/opt/ros/humble/share/sensor_msgs/cmake)
[0.342s] -- Found pcl_conversions: 2.4.5 (/opt/ros/humble/share/pcl_conversions/cmake)
[0.361s] -- Eigen found (include: /usr/include/eigen3, version: 3.4.0)
[0.382s] -- FLANN found (include: /usr/include, lib: /usr/lib/x86_64-linux-gnu/libflann_cpp.so)
[0.590s] -- OpenNI found (version: 1.5.4.0, include: /usr/include/ni, lib: /usr/lib/libOpenNI.so;libusb::libusb)
[0.594s] -- OpenNI2 found (version: 2.2.0.33, include: /usr/include/openni2, lib: /usr/lib/x86_64-linux-gnu/libOpenNI2.so;libusb::libusb)
[0.692s] -- Eigen found (include: /usr/include/eigen3, version: 3.4.0)
[0.696s] -- OpenNI found (version: 1.5.4.0, include: /usr/include/ni, lib: /usr/lib/libOpenNI.so;libusb::libusb)
[0.699s] -- OpenNI2 found (version: 2.2.0.33, include: /usr/include/openni2, lib: /usr/lib/x86_64-linux-gnu/libOpenNI2.so;libusb::libusb)
[0.792s] -- Found Qhull version 8.0.2
[0.892s] -- OpenNI found (version: 1.5.4.0, include: /usr/include/ni, lib: /usr/lib/libOpenNI.so;libusb::libusb)
[0.994s] -- Found pcl_ros: 2.4.5 (/opt/ros/humble/share/pcl_ros/cmake)
[1.000s] -- Found eigen3_cmake_module: 0.1.1 (/opt/ros/humble/share/eigen3_cmake_module/cmake)
[1.001s] -- Ensuring Eigen3 include directory is part of orocos-kdl CMake target
[1.013s] -- Found ament_lint_auto: 0.12.11 (/opt/ros/humble/share/ament_lint_auto/cmake)
[1.056s] -- Added test 'cppcheck' to perform static code analysis on C / C++ code
[1.056s] -- Configured cppcheck include dirs: 
[1.056s] -- Configured cppcheck exclude dirs and/or files: 
[1.056s] -- Added test 'lint_cmake' to check CMake code style
[1.056s] -- Added test 'uncrustify' to check C / C++ code style
[1.056s] -- Configured uncrustify additional arguments: 
[1.056s] -- Added test 'xmllint' to check XML markup files
[1.057s] -- Configuring done
[1.083s] -- Generating done
[1.085s] -- Build files have been written to: /home/shaman/ros2_ws/src/ROS_N6/ex05/build/my_robot_controller_deep_cam
[1.108s] [35m[1mConsolidate compiler generated dependencies of target robot_controller[0m
[1.125s] [ 50%] [32mBuilding CXX object CMakeFiles/robot_controller.dir/src/robot_controller.cpp.o[0m
[3.867s] [01m[K/home/shaman/ros2_ws/src/ROS_N6/ex05/my_robot_controller_deep_cam/src/robot_controller.cpp:[m[K In member function ‘[01m[Kvoid CircularMover::point_cloud_callback(sensor_msgs::msg::PointCloud2_<std::allocator<void> >::SharedPtr)[m[K’:
[3.867s] [01m[K/home/shaman/ros2_ws/src/ROS_N6/ex05/my_robot_controller_deep_cam/src/robot_controller.cpp:59:14:[m[K [01;31m[Kerror: [m[K‘[01m[KfromROSMsg[m[K’ is not a member of ‘[01m[Kpcl[m[K’
[3.867s]    59 |         pcl::[01;31m[KfromROSMsg[m[K(*msg, cloud);
[3.867s]       |              [01;31m[K^~~~~~~~~~[m[K
[5.286s] gmake[2]: *** [CMakeFiles/robot_controller.dir/build.make:76: CMakeFiles/robot_controller.dir/src/robot_controller.cpp.o] Ошибка 1
[5.287s] gmake[1]: *** [CMakeFiles/Makefile2:137: CMakeFiles/robot_controller.dir/all] Ошибка 2
[5.287s] gmake: *** [Makefile:146: all] Ошибка 2
[5.288s] Invoked command in '/home/shaman/ros2_ws/src/ROS_N6/ex05/build/my_robot_controller_deep_cam' returned '2': CMAKE_PREFIX_PATH=${CMAKE_PREFIX_PATH}:/opt/ros/humble /usr/bin/cmake --build /home/shaman/ros2_ws/src/ROS_N6/ex05/build/my_robot_controller_deep_cam -- -j12 -l12
