[0.012s] Invoking command in '/home/shaman/ros2_ws/src/ROS_N6/ex05/build/robot_description': CMAKE_PREFIX_PATH=${CMAKE_PREFIX_PATH}:/opt/ros/humble /usr/bin/cmake --build /home/shaman/ros2_ws/src/ROS_N6/ex05/build/robot_description -- -j12 -l12
[0.037s] Invoked command in '/home/shaman/ros2_ws/src/ROS_N6/ex05/build/robot_description' returned '0': CMAKE_PREFIX_PATH=${CMAKE_PREFIX_PATH}:/opt/ros/humble /usr/bin/cmake --build /home/shaman/ros2_ws/src/ROS_N6/ex05/build/robot_description -- -j12 -l12
[0.054s] Invoking command in '/home/shaman/ros2_ws/src/ROS_N6/ex05/build/robot_description': CMAKE_PREFIX_PATH=${CMAKE_PREFIX_PATH}:/opt/ros/humble /usr/bin/cmake --install /home/shaman/ros2_ws/src/ROS_N6/ex05/build/robot_description
[0.061s] -- Install configuration: ""
[0.061s] -- Up-to-date: /home/shaman/ros2_ws/src/ROS_N6/ex05/install/robot_description/share/robot_description//urdf
[0.061s] -- Up-to-date: /home/shaman/ros2_ws/src/ROS_N6/ex05/install/robot_description/share/robot_description//urdf/robot.urdf.xacro
[0.061s] -- Up-to-date: /home/shaman/ros2_ws/src/ROS_N6/ex05/install/robot_description/share/robot_description//urdf/d455.stl
[0.061s] -- Up-to-date: /home/shaman/ros2_ws/src/ROS_N6/ex05/install/robot_description/share/robot_description//urdf/gazebo.urdf.xacro
[0.061s] -- Up-to-date: /home/shaman/ros2_ws/src/ROS_N6/ex05/install/robot_description/share/robot_description//urdf/lidar.urdf.xacro
[0.061s] -- Up-to-date: /home/shaman/ros2_ws/src/ROS_N6/ex05/install/robot_description/share/robot_description//urdf/depth.urdf.xacro
[0.061s] -- Up-to-date: /home/shaman/ros2_ws/src/ROS_N6/ex05/install/robot_description/share/ament_index/resource_index/package_run_dependencies/robot_description
[0.061s] -- Up-to-date: /home/shaman/ros2_ws/src/ROS_N6/ex05/install/robot_description/share/ament_index/resource_index/parent_prefix_path/robot_description
[0.061s] -- Up-to-date: /home/shaman/ros2_ws/src/ROS_N6/ex05/install/robot_description/share/robot_description/environment/ament_prefix_path.sh
[0.061s] -- Up-to-date: /home/shaman/ros2_ws/src/ROS_N6/ex05/install/robot_description/share/robot_description/environment/ament_prefix_path.dsv
[0.061s] -- Up-to-date: /home/shaman/ros2_ws/src/ROS_N6/ex05/install/robot_description/share/robot_description/environment/path.sh
[0.061s] -- Up-to-date: /home/shaman/ros2_ws/src/ROS_N6/ex05/install/robot_description/share/robot_description/environment/path.dsv
[0.061s] -- Up-to-date: /home/shaman/ros2_ws/src/ROS_N6/ex05/install/robot_description/share/robot_description/local_setup.bash
[0.061s] -- Up-to-date: /home/shaman/ros2_ws/src/ROS_N6/ex05/install/robot_description/share/robot_description/local_setup.sh
[0.061s] -- Up-to-date: /home/shaman/ros2_ws/src/ROS_N6/ex05/install/robot_description/share/robot_description/local_setup.zsh
[0.061s] -- Up-to-date: /home/shaman/ros2_ws/src/ROS_N6/ex05/install/robot_description/share/robot_description/local_setup.dsv
[0.061s] -- Installing: /home/shaman/ros2_ws/src/ROS_N6/ex05/install/robot_description/share/robot_description/package.dsv
[0.061s] -- Up-to-date: /home/shaman/ros2_ws/src/ROS_N6/ex05/install/robot_description/share/ament_index/resource_index/packages/robot_description
[0.061s] -- Up-to-date: /home/shaman/ros2_ws/src/ROS_N6/ex05/install/robot_description/share/robot_description/cmake/robot_descriptionConfig.cmake
[0.062s] -- Up-to-date: /home/shaman/ros2_ws/src/ROS_N6/ex05/install/robot_description/share/robot_description/cmake/robot_descriptionConfig-version.cmake
[0.062s] -- Up-to-date: /home/shaman/ros2_ws/src/ROS_N6/ex05/install/robot_description/share/robot_description/package.xml
[0.069s] Invoked command in '/home/shaman/ros2_ws/src/ROS_N6/ex05/build/robot_description' returned '0': CMAKE_PREFIX_PATH=${CMAKE_PREFIX_PATH}:/opt/ros/humble /usr/bin/cmake --install /home/shaman/ros2_ws/src/ROS_N6/ex05/build/robot_description
